[0.356s] Invoking command in '/home/evan/cmpe295/build/kitti_publisher': CMAKE_PREFIX_PATH=/opt/ros/humble /usr/bin/cmake /home/evan/cmpe295/kitti_publisher -DCMAKE_INSTALL_PREFIX=/home/evan/cmpe295/install/kitti_publisher
[2.386s] -- The C compiler identification is GNU 11.4.0
[2.825s] -- The CXX compiler identification is GNU 11.4.0
[2.909s] -- Detecting C compiler ABI info
[3.151s] -- Detecting C compiler ABI info - done
[3.161s] -- Check for working C compiler: /usr/bin/cc - skipped
[3.182s] -- Detecting C compile features
[3.211s] -- Detecting C compile features - done
[3.264s] -- Detecting CXX compiler ABI info
[3.407s] -- Detecting CXX compiler ABI info - done
[3.411s] -- Check for working CXX compiler: /usr/bin/c++ - skipped
[3.411s] -- Detecting CXX compile features
[3.412s] -- Detecting CXX compile features - done
[3.531s] -- Found ament_cmake: 1.3.5 (/opt/ros/humble/share/ament_cmake/cmake)
[3.793s] -- Found Python3: /usr/bin/python3.10 (found version "3.10.12") found components: Interpreter 
[4.209s] -- Found rclcpp: 16.0.5 (/opt/ros/humble/share/rclcpp/cmake)
[4.523s] -- Found rosidl_generator_c: 3.1.5 (/opt/ros/humble/share/rosidl_generator_c/cmake)
[4.584s] -- Found rosidl_adapter: 3.1.5 (/opt/ros/humble/share/rosidl_adapter/cmake)
[4.604s] -- Found rosidl_generator_cpp: 3.1.5 (/opt/ros/humble/share/rosidl_generator_cpp/cmake)
[4.693s] -- Using all available rosidl_typesupport_c: rosidl_typesupport_fastrtps_c;rosidl_typesupport_introspection_c
[4.724s] -- Using all available rosidl_typesupport_cpp: rosidl_typesupport_fastrtps_cpp;rosidl_typesupport_introspection_cpp
[4.873s] -- Found rmw_implementation_cmake: 6.1.1 (/opt/ros/humble/share/rmw_implementation_cmake/cmake)
[4.901s] -- Found rmw_fastrtps_cpp: 6.2.3 (/opt/ros/humble/share/rmw_fastrtps_cpp/cmake)
[5.356s] -- Found OpenSSL: /usr/lib/x86_64-linux-gnu/libcrypto.so (found version "3.0.2")  
[5.434s] -- Found FastRTPS: /opt/ros/humble/include  
[5.472s] -- Using RMW implementation 'rmw_fastrtps_cpp' as default
[5.611s] -- Looking for pthread.h
[5.753s] -- Looking for pthread.h - found
[5.754s] -- Performing Test CMAKE_HAVE_LIBC_PTHREAD
[5.876s] -- Performing Test CMAKE_HAVE_LIBC_PTHREAD - Success
[5.877s] -- Found Threads: TRUE  
[6.121s] -- Found geometry_msgs: 4.2.3 (/opt/ros/humble/share/geometry_msgs/cmake)
[6.180s] -- Found visualization_msgs: 4.2.3 (/opt/ros/humble/share/visualization_msgs/cmake)
[6.355s] -- Found ament_lint_auto: 0.12.7 (/opt/ros/humble/share/ament_lint_auto/cmake)
[6.597s] -- Added test 'cppcheck' to perform static code analysis on C / C++ code
[6.597s] -- Configured cppcheck include dirs: 
[6.597s] -- Configured cppcheck exclude dirs and/or files: 
[6.598s] -- Added test 'lint_cmake' to check CMake code style
[6.600s] -- Added test 'uncrustify' to check C / C++ code style
[6.600s] -- Configured uncrustify additional arguments: 
[6.601s] -- Added test 'xmllint' to check XML markup files
[6.635s] -- Configuring done
[6.645s] -- Generating done
[6.647s] -- Build files have been written to: /home/evan/cmpe295/build/kitti_publisher
[6.656s] Invoked command in '/home/evan/cmpe295/build/kitti_publisher' returned '0': CMAKE_PREFIX_PATH=/opt/ros/humble /usr/bin/cmake /home/evan/cmpe295/kitti_publisher -DCMAKE_INSTALL_PREFIX=/home/evan/cmpe295/install/kitti_publisher
[6.657s] Invoking command in '/home/evan/cmpe295/build/kitti_publisher': CMAKE_PREFIX_PATH=/opt/ros/humble /usr/bin/cmake --build /home/evan/cmpe295/build/kitti_publisher -- -j20 -l20
[6.687s] Invoked command in '/home/evan/cmpe295/build/kitti_publisher' returned '0': CMAKE_PREFIX_PATH=/opt/ros/humble /usr/bin/cmake --build /home/evan/cmpe295/build/kitti_publisher -- -j20 -l20
[6.725s] Invoking command in '/home/evan/cmpe295/build/kitti_publisher': CMAKE_PREFIX_PATH=/opt/ros/humble /usr/bin/cmake --install /home/evan/cmpe295/build/kitti_publisher
[6.729s] -- Install configuration: ""
[6.729s] -- Installing: /home/evan/cmpe295/install/kitti_publisher/share/ament_index/resource_index/package_run_dependencies/kitti_publisher
[6.729s] -- Installing: /home/evan/cmpe295/install/kitti_publisher/share/ament_index/resource_index/parent_prefix_path/kitti_publisher
[6.729s] -- Installing: /home/evan/cmpe295/install/kitti_publisher/share/kitti_publisher/environment/ament_prefix_path.sh
[6.729s] -- Installing: /home/evan/cmpe295/install/kitti_publisher/share/kitti_publisher/environment/ament_prefix_path.dsv
[6.729s] -- Installing: /home/evan/cmpe295/install/kitti_publisher/share/kitti_publisher/environment/path.sh
[6.729s] -- Installing: /home/evan/cmpe295/install/kitti_publisher/share/kitti_publisher/environment/path.dsv
[6.729s] -- Installing: /home/evan/cmpe295/install/kitti_publisher/share/kitti_publisher/local_setup.bash
[6.729s] -- Installing: /home/evan/cmpe295/install/kitti_publisher/share/kitti_publisher/local_setup.sh
[6.729s] -- Installing: /home/evan/cmpe295/install/kitti_publisher/share/kitti_publisher/local_setup.zsh
[6.729s] -- Installing: /home/evan/cmpe295/install/kitti_publisher/share/kitti_publisher/local_setup.dsv
[6.729s] -- Installing: /home/evan/cmpe295/install/kitti_publisher/share/kitti_publisher/package.dsv
[6.729s] -- Installing: /home/evan/cmpe295/install/kitti_publisher/share/ament_index/resource_index/packages/kitti_publisher
[6.729s] -- Installing: /home/evan/cmpe295/install/kitti_publisher/share/kitti_publisher/cmake/kitti_publisherConfig.cmake
[6.729s] -- Installing: /home/evan/cmpe295/install/kitti_publisher/share/kitti_publisher/cmake/kitti_publisherConfig-version.cmake
[6.729s] -- Installing: /home/evan/cmpe295/install/kitti_publisher/share/kitti_publisher/package.xml
[6.731s] Invoked command in '/home/evan/cmpe295/build/kitti_publisher' returned '0': CMAKE_PREFIX_PATH=/opt/ros/humble /usr/bin/cmake --install /home/evan/cmpe295/build/kitti_publisher
