[0.180s] DEBUG:colcon:Command line arguments: ['/usr/bin/colcon', 'build', '--cmake-clean-cache']
[0.180s] DEBUG:colcon:Parsed command line arguments: Namespace(log_base=None, log_level=None, verb_name='build', build_base='build', install_base='install', merge_install=False, symlink_install=False, test_result_base=None, continue_on_error=False, executor='parallel', parallel_workers=20, event_handlers=None, ignore_user_meta=False, metas=['./colcon.meta'], base_paths=['.'], packages_ignore=None, packages_ignore_regex=None, paths=None, packages_up_to=None, packages_up_to_regex=None, packages_above=None, packages_above_and_dependencies=None, packages_above_depth=None, packages_select_by_dep=None, packages_skip_by_dep=None, packages_skip_up_to=None, packages_select_build_failed=False, packages_skip_build_finished=False, packages_select_test_failures=False, packages_skip_test_passed=False, packages_select=None, packages_skip=None, packages_select_regex=None, packages_skip_regex=None, packages_start=None, packages_end=None, allow_overriding=[], cmake_args=None, cmake_target=None, cmake_target_skip_unavailable=False, cmake_clean_cache=True, cmake_clean_first=False, cmake_force_configure=False, ament_cmake_args=None, catkin_cmake_args=None, catkin_skip_building_tests=False, mixin_files=None, mixin=None, verb_parser=<colcon_mixin.mixin.mixin_argument.MixinArgumentDecorator object at 0x7f0856925420>, verb_extension=<colcon_core.verb.build.BuildVerb object at 0x7f0856924d90>, main=<bound method BuildVerb.main of <colcon_core.verb.build.BuildVerb object at 0x7f0856924d90>>, mixin_verb=('build',))
[0.191s] Level 1:colcon.colcon_core.package_discovery:discover_packages(colcon_meta) check parameters
[0.191s] Level 1:colcon.colcon_core.package_discovery:discover_packages(recursive) check parameters
[0.191s] Level 1:colcon.colcon_core.package_discovery:discover_packages(ignore) check parameters
[0.191s] Level 1:colcon.colcon_core.package_discovery:discover_packages(path) check parameters
[0.191s] Level 1:colcon.colcon_core.package_discovery:discover_packages(colcon_meta) discover
[0.191s] Level 1:colcon.colcon_core.package_discovery:discover_packages(recursive) discover
[0.192s] INFO:colcon.colcon_core.package_discovery:Crawling recursively for packages in '/home/evan/cmpe295'
[0.192s] Level 1:colcon.colcon_core.package_identification:_identify(.) by extensions ['ignore', 'ignore_ament_install']
[0.192s] Level 1:colcon.colcon_core.package_identification:_identify(.) by extension 'ignore'
[0.192s] Level 1:colcon.colcon_core.package_identification:_identify(.) by extension 'ignore_ament_install'
[0.192s] Level 1:colcon.colcon_core.package_identification:_identify(.) by extensions ['colcon_pkg']
[0.192s] Level 1:colcon.colcon_core.package_identification:_identify(.) by extension 'colcon_pkg'
[0.192s] Level 1:colcon.colcon_core.package_identification:_identify(.) by extensions ['colcon_meta']
[0.192s] Level 1:colcon.colcon_core.package_identification:_identify(.) by extension 'colcon_meta'
[0.192s] Level 1:colcon.colcon_core.package_identification:_identify(.) by extensions ['ros']
[0.192s] Level 1:colcon.colcon_core.package_identification:_identify(.) by extension 'ros'
[0.197s] Level 1:colcon.colcon_core.package_identification:_identify(.) by extensions ['cmake', 'python']
[0.198s] Level 1:colcon.colcon_core.package_identification:_identify(.) by extension 'cmake'
[0.198s] Level 1:colcon.colcon_core.package_identification:_identify(.) by extension 'python'
[0.198s] Level 1:colcon.colcon_core.package_identification:_identify(.) by extensions ['python_setup_py']
[0.198s] Level 1:colcon.colcon_core.package_identification:_identify(.) by extension 'python_setup_py'
[0.198s] Level 1:colcon.colcon_core.package_identification:_identify(build) by extensions ['ignore', 'ignore_ament_install']
[0.198s] Level 1:colcon.colcon_core.package_identification:_identify(build) by extension 'ignore'
[0.198s] Level 1:colcon.colcon_core.package_identification:_identify(build) ignored
[0.198s] Level 1:colcon.colcon_core.package_identification:_identify(dataset) by extensions ['ignore', 'ignore_ament_install']
[0.198s] Level 1:colcon.colcon_core.package_identification:_identify(dataset) by extension 'ignore'
[0.198s] Level 1:colcon.colcon_core.package_identification:_identify(dataset) by extension 'ignore_ament_install'
[0.198s] Level 1:colcon.colcon_core.package_identification:_identify(dataset) by extensions ['colcon_pkg']
[0.198s] Level 1:colcon.colcon_core.package_identification:_identify(dataset) by extension 'colcon_pkg'
[0.198s] Level 1:colcon.colcon_core.package_identification:_identify(dataset) by extensions ['colcon_meta']
[0.198s] Level 1:colcon.colcon_core.package_identification:_identify(dataset) by extension 'colcon_meta'
[0.198s] Level 1:colcon.colcon_core.package_identification:_identify(dataset) by extensions ['ros']
[0.198s] Level 1:colcon.colcon_core.package_identification:_identify(dataset) by extension 'ros'
[0.198s] Level 1:colcon.colcon_core.package_identification:_identify(dataset) by extensions ['cmake', 'python']
[0.198s] Level 1:colcon.colcon_core.package_identification:_identify(dataset) by extension 'cmake'
[0.198s] Level 1:colcon.colcon_core.package_identification:_identify(dataset) by extension 'python'
[0.198s] Level 1:colcon.colcon_core.package_identification:_identify(dataset) by extensions ['python_setup_py']
[0.198s] Level 1:colcon.colcon_core.package_identification:_identify(dataset) by extension 'python_setup_py'
[0.198s] Level 1:colcon.colcon_core.package_identification:_identify(dataset/kitti) by extensions ['ignore', 'ignore_ament_install']
[0.198s] Level 1:colcon.colcon_core.package_identification:_identify(dataset/kitti) by extension 'ignore'
[0.198s] Level 1:colcon.colcon_core.package_identification:_identify(dataset/kitti) by extension 'ignore_ament_install'
[0.198s] Level 1:colcon.colcon_core.package_identification:_identify(dataset/kitti) by extensions ['colcon_pkg']
[0.198s] Level 1:colcon.colcon_core.package_identification:_identify(dataset/kitti) by extension 'colcon_pkg'
[0.198s] Level 1:colcon.colcon_core.package_identification:_identify(dataset/kitti) by extensions ['colcon_meta']
[0.198s] Level 1:colcon.colcon_core.package_identification:_identify(dataset/kitti) by extension 'colcon_meta'
[0.198s] Level 1:colcon.colcon_core.package_identification:_identify(dataset/kitti) by extensions ['ros']
[0.198s] Level 1:colcon.colcon_core.package_identification:_identify(dataset/kitti) by extension 'ros'
[0.198s] Level 1:colcon.colcon_core.package_identification:_identify(dataset/kitti) by extensions ['cmake', 'python']
[0.198s] Level 1:colcon.colcon_core.package_identification:_identify(dataset/kitti) by extension 'cmake'
[0.198s] Level 1:colcon.colcon_core.package_identification:_identify(dataset/kitti) by extension 'python'
[0.198s] Level 1:colcon.colcon_core.package_identification:_identify(dataset/kitti) by extensions ['python_setup_py']
[0.198s] Level 1:colcon.colcon_core.package_identification:_identify(dataset/kitti) by extension 'python_setup_py'
[0.198s] Level 1:colcon.colcon_core.package_identification:_identify(dataset/kitti/2011_09_26) by extensions ['ignore', 'ignore_ament_install']
[0.198s] Level 1:colcon.colcon_core.package_identification:_identify(dataset/kitti/2011_09_26) by extension 'ignore'
[0.198s] Level 1:colcon.colcon_core.package_identification:_identify(dataset/kitti/2011_09_26) by extension 'ignore_ament_install'
[0.199s] Level 1:colcon.colcon_core.package_identification:_identify(dataset/kitti/2011_09_26) by extensions ['colcon_pkg']
[0.199s] Level 1:colcon.colcon_core.package_identification:_identify(dataset/kitti/2011_09_26) by extension 'colcon_pkg'
[0.199s] Level 1:colcon.colcon_core.package_identification:_identify(dataset/kitti/2011_09_26) by extensions ['colcon_meta']
[0.199s] Level 1:colcon.colcon_core.package_identification:_identify(dataset/kitti/2011_09_26) by extension 'colcon_meta'
[0.199s] Level 1:colcon.colcon_core.package_identification:_identify(dataset/kitti/2011_09_26) by extensions ['ros']
[0.199s] Level 1:colcon.colcon_core.package_identification:_identify(dataset/kitti/2011_09_26) by extension 'ros'
[0.199s] Level 1:colcon.colcon_core.package_identification:_identify(dataset/kitti/2011_09_26) by extensions ['cmake', 'python']
[0.199s] Level 1:colcon.colcon_core.package_identification:_identify(dataset/kitti/2011_09_26) by extension 'cmake'
[0.199s] Level 1:colcon.colcon_core.package_identification:_identify(dataset/kitti/2011_09_26) by extension 'python'
[0.199s] Level 1:colcon.colcon_core.package_identification:_identify(dataset/kitti/2011_09_26) by extensions ['python_setup_py']
[0.199s] Level 1:colcon.colcon_core.package_identification:_identify(dataset/kitti/2011_09_26) by extension 'python_setup_py'
[0.199s] Level 1:colcon.colcon_core.package_identification:_identify(dataset/kitti/2011_09_26/2011_09_26_drive_0001_sync) by extensions ['ignore', 'ignore_ament_install']
[0.199s] Level 1:colcon.colcon_core.package_identification:_identify(dataset/kitti/2011_09_26/2011_09_26_drive_0001_sync) by extension 'ignore'
[0.199s] Level 1:colcon.colcon_core.package_identification:_identify(dataset/kitti/2011_09_26/2011_09_26_drive_0001_sync) by extension 'ignore_ament_install'
[0.199s] Level 1:colcon.colcon_core.package_identification:_identify(dataset/kitti/2011_09_26/2011_09_26_drive_0001_sync) by extensions ['colcon_pkg']
[0.199s] Level 1:colcon.colcon_core.package_identification:_identify(dataset/kitti/2011_09_26/2011_09_26_drive_0001_sync) by extension 'colcon_pkg'
[0.199s] Level 1:colcon.colcon_core.package_identification:_identify(dataset/kitti/2011_09_26/2011_09_26_drive_0001_sync) by extensions ['colcon_meta']
[0.199s] Level 1:colcon.colcon_core.package_identification:_identify(dataset/kitti/2011_09_26/2011_09_26_drive_0001_sync) by extension 'colcon_meta'
[0.199s] Level 1:colcon.colcon_core.package_identification:_identify(dataset/kitti/2011_09_26/2011_09_26_drive_0001_sync) by extensions ['ros']
[0.199s] Level 1:colcon.colcon_core.package_identification:_identify(dataset/kitti/2011_09_26/2011_09_26_drive_0001_sync) by extension 'ros'
[0.199s] Level 1:colcon.colcon_core.package_identification:_identify(dataset/kitti/2011_09_26/2011_09_26_drive_0001_sync) by extensions ['cmake', 'python']
[0.199s] Level 1:colcon.colcon_core.package_identification:_identify(dataset/kitti/2011_09_26/2011_09_26_drive_0001_sync) by extension 'cmake'
[0.199s] Level 1:colcon.colcon_core.package_identification:_identify(dataset/kitti/2011_09_26/2011_09_26_drive_0001_sync) by extension 'python'
[0.199s] Level 1:colcon.colcon_core.package_identification:_identify(dataset/kitti/2011_09_26/2011_09_26_drive_0001_sync) by extensions ['python_setup_py']
[0.199s] Level 1:colcon.colcon_core.package_identification:_identify(dataset/kitti/2011_09_26/2011_09_26_drive_0001_sync) by extension 'python_setup_py'
[0.199s] Level 1:colcon.colcon_core.package_identification:_identify(dataset/kitti/2011_09_26/2011_09_26_drive_0001_sync/image_00) by extensions ['ignore', 'ignore_ament_install']
[0.199s] Level 1:colcon.colcon_core.package_identification:_identify(dataset/kitti/2011_09_26/2011_09_26_drive_0001_sync/image_00) by extension 'ignore'
[0.199s] Level 1:colcon.colcon_core.package_identification:_identify(dataset/kitti/2011_09_26/2011_09_26_drive_0001_sync/image_00) by extension 'ignore_ament_install'
[0.199s] Level 1:colcon.colcon_core.package_identification:_identify(dataset/kitti/2011_09_26/2011_09_26_drive_0001_sync/image_00) by extensions ['colcon_pkg']
[0.199s] Level 1:colcon.colcon_core.package_identification:_identify(dataset/kitti/2011_09_26/2011_09_26_drive_0001_sync/image_00) by extension 'colcon_pkg'
[0.199s] Level 1:colcon.colcon_core.package_identification:_identify(dataset/kitti/2011_09_26/2011_09_26_drive_0001_sync/image_00) by extensions ['colcon_meta']
[0.199s] Level 1:colcon.colcon_core.package_identification:_identify(dataset/kitti/2011_09_26/2011_09_26_drive_0001_sync/image_00) by extension 'colcon_meta'
[0.199s] Level 1:colcon.colcon_core.package_identification:_identify(dataset/kitti/2011_09_26/2011_09_26_drive_0001_sync/image_00) by extensions ['ros']
[0.199s] Level 1:colcon.colcon_core.package_identification:_identify(dataset/kitti/2011_09_26/2011_09_26_drive_0001_sync/image_00) by extension 'ros'
[0.199s] Level 1:colcon.colcon_core.package_identification:_identify(dataset/kitti/2011_09_26/2011_09_26_drive_0001_sync/image_00) by extensions ['cmake', 'python']
[0.199s] Level 1:colcon.colcon_core.package_identification:_identify(dataset/kitti/2011_09_26/2011_09_26_drive_0001_sync/image_00) by extension 'cmake'
[0.199s] Level 1:colcon.colcon_core.package_identification:_identify(dataset/kitti/2011_09_26/2011_09_26_drive_0001_sync/image_00) by extension 'python'
[0.199s] Level 1:colcon.colcon_core.package_identification:_identify(dataset/kitti/2011_09_26/2011_09_26_drive_0001_sync/image_00) by extensions ['python_setup_py']
[0.199s] Level 1:colcon.colcon_core.package_identification:_identify(dataset/kitti/2011_09_26/2011_09_26_drive_0001_sync/image_00) by extension 'python_setup_py'
[0.199s] Level 1:colcon.colcon_core.package_identification:_identify(dataset/kitti/2011_09_26/2011_09_26_drive_0001_sync/image_00/data) by extensions ['ignore', 'ignore_ament_install']
[0.199s] Level 1:colcon.colcon_core.package_identification:_identify(dataset/kitti/2011_09_26/2011_09_26_drive_0001_sync/image_00/data) by extension 'ignore'
[0.199s] Level 1:colcon.colcon_core.package_identification:_identify(dataset/kitti/2011_09_26/2011_09_26_drive_0001_sync/image_00/data) by extension 'ignore_ament_install'
[0.199s] Level 1:colcon.colcon_core.package_identification:_identify(dataset/kitti/2011_09_26/2011_09_26_drive_0001_sync/image_00/data) by extensions ['colcon_pkg']
[0.199s] Level 1:colcon.colcon_core.package_identification:_identify(dataset/kitti/2011_09_26/2011_09_26_drive_0001_sync/image_00/data) by extension 'colcon_pkg'
[0.200s] Level 1:colcon.colcon_core.package_identification:_identify(dataset/kitti/2011_09_26/2011_09_26_drive_0001_sync/image_00/data) by extensions ['colcon_meta']
[0.200s] Level 1:colcon.colcon_core.package_identification:_identify(dataset/kitti/2011_09_26/2011_09_26_drive_0001_sync/image_00/data) by extension 'colcon_meta'
[0.200s] Level 1:colcon.colcon_core.package_identification:_identify(dataset/kitti/2011_09_26/2011_09_26_drive_0001_sync/image_00/data) by extensions ['ros']
[0.200s] Level 1:colcon.colcon_core.package_identification:_identify(dataset/kitti/2011_09_26/2011_09_26_drive_0001_sync/image_00/data) by extension 'ros'
[0.200s] Level 1:colcon.colcon_core.package_identification:_identify(dataset/kitti/2011_09_26/2011_09_26_drive_0001_sync/image_00/data) by extensions ['cmake', 'python']
[0.200s] Level 1:colcon.colcon_core.package_identification:_identify(dataset/kitti/2011_09_26/2011_09_26_drive_0001_sync/image_00/data) by extension 'cmake'
[0.200s] Level 1:colcon.colcon_core.package_identification:_identify(dataset/kitti/2011_09_26/2011_09_26_drive_0001_sync/image_00/data) by extension 'python'
[0.200s] Level 1:colcon.colcon_core.package_identification:_identify(dataset/kitti/2011_09_26/2011_09_26_drive_0001_sync/image_00/data) by extensions ['python_setup_py']
[0.200s] Level 1:colcon.colcon_core.package_identification:_identify(dataset/kitti/2011_09_26/2011_09_26_drive_0001_sync/image_00/data) by extension 'python_setup_py'
[0.200s] Level 1:colcon.colcon_core.package_identification:_identify(dataset/kitti/2011_09_26/2011_09_26_drive_0001_sync/image_01) by extensions ['ignore', 'ignore_ament_install']
[0.200s] Level 1:colcon.colcon_core.package_identification:_identify(dataset/kitti/2011_09_26/2011_09_26_drive_0001_sync/image_01) by extension 'ignore'
[0.200s] Level 1:colcon.colcon_core.package_identification:_identify(dataset/kitti/2011_09_26/2011_09_26_drive_0001_sync/image_01) by extension 'ignore_ament_install'
[0.200s] Level 1:colcon.colcon_core.package_identification:_identify(dataset/kitti/2011_09_26/2011_09_26_drive_0001_sync/image_01) by extensions ['colcon_pkg']
[0.200s] Level 1:colcon.colcon_core.package_identification:_identify(dataset/kitti/2011_09_26/2011_09_26_drive_0001_sync/image_01) by extension 'colcon_pkg'
[0.200s] Level 1:colcon.colcon_core.package_identification:_identify(dataset/kitti/2011_09_26/2011_09_26_drive_0001_sync/image_01) by extensions ['colcon_meta']
[0.200s] Level 1:colcon.colcon_core.package_identification:_identify(dataset/kitti/2011_09_26/2011_09_26_drive_0001_sync/image_01) by extension 'colcon_meta'
[0.200s] Level 1:colcon.colcon_core.package_identification:_identify(dataset/kitti/2011_09_26/2011_09_26_drive_0001_sync/image_01) by extensions ['ros']
[0.200s] Level 1:colcon.colcon_core.package_identification:_identify(dataset/kitti/2011_09_26/2011_09_26_drive_0001_sync/image_01) by extension 'ros'
[0.200s] Level 1:colcon.colcon_core.package_identification:_identify(dataset/kitti/2011_09_26/2011_09_26_drive_0001_sync/image_01) by extensions ['cmake', 'python']
[0.200s] Level 1:colcon.colcon_core.package_identification:_identify(dataset/kitti/2011_09_26/2011_09_26_drive_0001_sync/image_01) by extension 'cmake'
[0.200s] Level 1:colcon.colcon_core.package_identification:_identify(dataset/kitti/2011_09_26/2011_09_26_drive_0001_sync/image_01) by extension 'python'
[0.200s] Level 1:colcon.colcon_core.package_identification:_identify(dataset/kitti/2011_09_26/2011_09_26_drive_0001_sync/image_01) by extensions ['python_setup_py']
[0.200s] Level 1:colcon.colcon_core.package_identification:_identify(dataset/kitti/2011_09_26/2011_09_26_drive_0001_sync/image_01) by extension 'python_setup_py'
[0.200s] Level 1:colcon.colcon_core.package_identification:_identify(dataset/kitti/2011_09_26/2011_09_26_drive_0001_sync/image_01/data) by extensions ['ignore', 'ignore_ament_install']
[0.200s] Level 1:colcon.colcon_core.package_identification:_identify(dataset/kitti/2011_09_26/2011_09_26_drive_0001_sync/image_01/data) by extension 'ignore'
[0.200s] Level 1:colcon.colcon_core.package_identification:_identify(dataset/kitti/2011_09_26/2011_09_26_drive_0001_sync/image_01/data) by extension 'ignore_ament_install'
[0.200s] Level 1:colcon.colcon_core.package_identification:_identify(dataset/kitti/2011_09_26/2011_09_26_drive_0001_sync/image_01/data) by extensions ['colcon_pkg']
[0.200s] Level 1:colcon.colcon_core.package_identification:_identify(dataset/kitti/2011_09_26/2011_09_26_drive_0001_sync/image_01/data) by extension 'colcon_pkg'
[0.200s] Level 1:colcon.colcon_core.package_identification:_identify(dataset/kitti/2011_09_26/2011_09_26_drive_0001_sync/image_01/data) by extensions ['colcon_meta']
[0.200s] Level 1:colcon.colcon_core.package_identification:_identify(dataset/kitti/2011_09_26/2011_09_26_drive_0001_sync/image_01/data) by extension 'colcon_meta'
[0.200s] Level 1:colcon.colcon_core.package_identification:_identify(dataset/kitti/2011_09_26/2011_09_26_drive_0001_sync/image_01/data) by extensions ['ros']
[0.200s] Level 1:colcon.colcon_core.package_identification:_identify(dataset/kitti/2011_09_26/2011_09_26_drive_0001_sync/image_01/data) by extension 'ros'
[0.200s] Level 1:colcon.colcon_core.package_identification:_identify(dataset/kitti/2011_09_26/2011_09_26_drive_0001_sync/image_01/data) by extensions ['cmake', 'python']
[0.200s] Level 1:colcon.colcon_core.package_identification:_identify(dataset/kitti/2011_09_26/2011_09_26_drive_0001_sync/image_01/data) by extension 'cmake'
[0.200s] Level 1:colcon.colcon_core.package_identification:_identify(dataset/kitti/2011_09_26/2011_09_26_drive_0001_sync/image_01/data) by extension 'python'
[0.200s] Level 1:colcon.colcon_core.package_identification:_identify(dataset/kitti/2011_09_26/2011_09_26_drive_0001_sync/image_01/data) by extensions ['python_setup_py']
[0.200s] Level 1:colcon.colcon_core.package_identification:_identify(dataset/kitti/2011_09_26/2011_09_26_drive_0001_sync/image_01/data) by extension 'python_setup_py'
[0.200s] Level 1:colcon.colcon_core.package_identification:_identify(dataset/kitti/2011_09_26/2011_09_26_drive_0001_sync/image_02) by extensions ['ignore', 'ignore_ament_install']
[0.200s] Level 1:colcon.colcon_core.package_identification:_identify(dataset/kitti/2011_09_26/2011_09_26_drive_0001_sync/image_02) by extension 'ignore'
[0.200s] Level 1:colcon.colcon_core.package_identification:_identify(dataset/kitti/2011_09_26/2011_09_26_drive_0001_sync/image_02) by extension 'ignore_ament_install'
[0.200s] Level 1:colcon.colcon_core.package_identification:_identify(dataset/kitti/2011_09_26/2011_09_26_drive_0001_sync/image_02) by extensions ['colcon_pkg']
[0.200s] Level 1:colcon.colcon_core.package_identification:_identify(dataset/kitti/2011_09_26/2011_09_26_drive_0001_sync/image_02) by extension 'colcon_pkg'
[0.200s] Level 1:colcon.colcon_core.package_identification:_identify(dataset/kitti/2011_09_26/2011_09_26_drive_0001_sync/image_02) by extensions ['colcon_meta']
[0.200s] Level 1:colcon.colcon_core.package_identification:_identify(dataset/kitti/2011_09_26/2011_09_26_drive_0001_sync/image_02) by extension 'colcon_meta'
[0.201s] Level 1:colcon.colcon_core.package_identification:_identify(dataset/kitti/2011_09_26/2011_09_26_drive_0001_sync/image_02) by extensions ['ros']
[0.201s] Level 1:colcon.colcon_core.package_identification:_identify(dataset/kitti/2011_09_26/2011_09_26_drive_0001_sync/image_02) by extension 'ros'
[0.201s] Level 1:colcon.colcon_core.package_identification:_identify(dataset/kitti/2011_09_26/2011_09_26_drive_0001_sync/image_02) by extensions ['cmake', 'python']
[0.201s] Level 1:colcon.colcon_core.package_identification:_identify(dataset/kitti/2011_09_26/2011_09_26_drive_0001_sync/image_02) by extension 'cmake'
[0.201s] Level 1:colcon.colcon_core.package_identification:_identify(dataset/kitti/2011_09_26/2011_09_26_drive_0001_sync/image_02) by extension 'python'
[0.201s] Level 1:colcon.colcon_core.package_identification:_identify(dataset/kitti/2011_09_26/2011_09_26_drive_0001_sync/image_02) by extensions ['python_setup_py']
[0.201s] Level 1:colcon.colcon_core.package_identification:_identify(dataset/kitti/2011_09_26/2011_09_26_drive_0001_sync/image_02) by extension 'python_setup_py'
[0.201s] Level 1:colcon.colcon_core.package_identification:_identify(dataset/kitti/2011_09_26/2011_09_26_drive_0001_sync/image_02/data) by extensions ['ignore', 'ignore_ament_install']
[0.201s] Level 1:colcon.colcon_core.package_identification:_identify(dataset/kitti/2011_09_26/2011_09_26_drive_0001_sync/image_02/data) by extension 'ignore'
[0.201s] Level 1:colcon.colcon_core.package_identification:_identify(dataset/kitti/2011_09_26/2011_09_26_drive_0001_sync/image_02/data) by extension 'ignore_ament_install'
[0.201s] Level 1:colcon.colcon_core.package_identification:_identify(dataset/kitti/2011_09_26/2011_09_26_drive_0001_sync/image_02/data) by extensions ['colcon_pkg']
[0.201s] Level 1:colcon.colcon_core.package_identification:_identify(dataset/kitti/2011_09_26/2011_09_26_drive_0001_sync/image_02/data) by extension 'colcon_pkg'
[0.201s] Level 1:colcon.colcon_core.package_identification:_identify(dataset/kitti/2011_09_26/2011_09_26_drive_0001_sync/image_02/data) by extensions ['colcon_meta']
[0.201s] Level 1:colcon.colcon_core.package_identification:_identify(dataset/kitti/2011_09_26/2011_09_26_drive_0001_sync/image_02/data) by extension 'colcon_meta'
[0.201s] Level 1:colcon.colcon_core.package_identification:_identify(dataset/kitti/2011_09_26/2011_09_26_drive_0001_sync/image_02/data) by extensions ['ros']
[0.201s] Level 1:colcon.colcon_core.package_identification:_identify(dataset/kitti/2011_09_26/2011_09_26_drive_0001_sync/image_02/data) by extension 'ros'
[0.201s] Level 1:colcon.colcon_core.package_identification:_identify(dataset/kitti/2011_09_26/2011_09_26_drive_0001_sync/image_02/data) by extensions ['cmake', 'python']
[0.201s] Level 1:colcon.colcon_core.package_identification:_identify(dataset/kitti/2011_09_26/2011_09_26_drive_0001_sync/image_02/data) by extension 'cmake'
[0.201s] Level 1:colcon.colcon_core.package_identification:_identify(dataset/kitti/2011_09_26/2011_09_26_drive_0001_sync/image_02/data) by extension 'python'
[0.201s] Level 1:colcon.colcon_core.package_identification:_identify(dataset/kitti/2011_09_26/2011_09_26_drive_0001_sync/image_02/data) by extensions ['python_setup_py']
[0.201s] Level 1:colcon.colcon_core.package_identification:_identify(dataset/kitti/2011_09_26/2011_09_26_drive_0001_sync/image_02/data) by extension 'python_setup_py'
[0.201s] Level 1:colcon.colcon_core.package_identification:_identify(dataset/kitti/2011_09_26/2011_09_26_drive_0001_sync/image_03) by extensions ['ignore', 'ignore_ament_install']
[0.201s] Level 1:colcon.colcon_core.package_identification:_identify(dataset/kitti/2011_09_26/2011_09_26_drive_0001_sync/image_03) by extension 'ignore'
[0.201s] Level 1:colcon.colcon_core.package_identification:_identify(dataset/kitti/2011_09_26/2011_09_26_drive_0001_sync/image_03) by extension 'ignore_ament_install'
[0.201s] Level 1:colcon.colcon_core.package_identification:_identify(dataset/kitti/2011_09_26/2011_09_26_drive_0001_sync/image_03) by extensions ['colcon_pkg']
[0.201s] Level 1:colcon.colcon_core.package_identification:_identify(dataset/kitti/2011_09_26/2011_09_26_drive_0001_sync/image_03) by extension 'colcon_pkg'
[0.201s] Level 1:colcon.colcon_core.package_identification:_identify(dataset/kitti/2011_09_26/2011_09_26_drive_0001_sync/image_03) by extensions ['colcon_meta']
[0.201s] Level 1:colcon.colcon_core.package_identification:_identify(dataset/kitti/2011_09_26/2011_09_26_drive_0001_sync/image_03) by extension 'colcon_meta'
[0.201s] Level 1:colcon.colcon_core.package_identification:_identify(dataset/kitti/2011_09_26/2011_09_26_drive_0001_sync/image_03) by extensions ['ros']
[0.201s] Level 1:colcon.colcon_core.package_identification:_identify(dataset/kitti/2011_09_26/2011_09_26_drive_0001_sync/image_03) by extension 'ros'
[0.201s] Level 1:colcon.colcon_core.package_identification:_identify(dataset/kitti/2011_09_26/2011_09_26_drive_0001_sync/image_03) by extensions ['cmake', 'python']
[0.201s] Level 1:colcon.colcon_core.package_identification:_identify(dataset/kitti/2011_09_26/2011_09_26_drive_0001_sync/image_03) by extension 'cmake'
[0.201s] Level 1:colcon.colcon_core.package_identification:_identify(dataset/kitti/2011_09_26/2011_09_26_drive_0001_sync/image_03) by extension 'python'
[0.201s] Level 1:colcon.colcon_core.package_identification:_identify(dataset/kitti/2011_09_26/2011_09_26_drive_0001_sync/image_03) by extensions ['python_setup_py']
[0.201s] Level 1:colcon.colcon_core.package_identification:_identify(dataset/kitti/2011_09_26/2011_09_26_drive_0001_sync/image_03) by extension 'python_setup_py'
[0.201s] Level 1:colcon.colcon_core.package_identification:_identify(dataset/kitti/2011_09_26/2011_09_26_drive_0001_sync/image_03/data) by extensions ['ignore', 'ignore_ament_install']
[0.201s] Level 1:colcon.colcon_core.package_identification:_identify(dataset/kitti/2011_09_26/2011_09_26_drive_0001_sync/image_03/data) by extension 'ignore'
[0.201s] Level 1:colcon.colcon_core.package_identification:_identify(dataset/kitti/2011_09_26/2011_09_26_drive_0001_sync/image_03/data) by extension 'ignore_ament_install'
[0.201s] Level 1:colcon.colcon_core.package_identification:_identify(dataset/kitti/2011_09_26/2011_09_26_drive_0001_sync/image_03/data) by extensions ['colcon_pkg']
[0.201s] Level 1:colcon.colcon_core.package_identification:_identify(dataset/kitti/2011_09_26/2011_09_26_drive_0001_sync/image_03/data) by extension 'colcon_pkg'
[0.201s] Level 1:colcon.colcon_core.package_identification:_identify(dataset/kitti/2011_09_26/2011_09_26_drive_0001_sync/image_03/data) by extensions ['colcon_meta']
[0.201s] Level 1:colcon.colcon_core.package_identification:_identify(dataset/kitti/2011_09_26/2011_09_26_drive_0001_sync/image_03/data) by extension 'colcon_meta'
[0.201s] Level 1:colcon.colcon_core.package_identification:_identify(dataset/kitti/2011_09_26/2011_09_26_drive_0001_sync/image_03/data) by extensions ['ros']
[0.201s] Level 1:colcon.colcon_core.package_identification:_identify(dataset/kitti/2011_09_26/2011_09_26_drive_0001_sync/image_03/data) by extension 'ros'
[0.202s] Level 1:colcon.colcon_core.package_identification:_identify(dataset/kitti/2011_09_26/2011_09_26_drive_0001_sync/image_03/data) by extensions ['cmake', 'python']
[0.202s] Level 1:colcon.colcon_core.package_identification:_identify(dataset/kitti/2011_09_26/2011_09_26_drive_0001_sync/image_03/data) by extension 'cmake'
[0.202s] Level 1:colcon.colcon_core.package_identification:_identify(dataset/kitti/2011_09_26/2011_09_26_drive_0001_sync/image_03/data) by extension 'python'
[0.202s] Level 1:colcon.colcon_core.package_identification:_identify(dataset/kitti/2011_09_26/2011_09_26_drive_0001_sync/image_03/data) by extensions ['python_setup_py']
[0.202s] Level 1:colcon.colcon_core.package_identification:_identify(dataset/kitti/2011_09_26/2011_09_26_drive_0001_sync/image_03/data) by extension 'python_setup_py'
[0.202s] Level 1:colcon.colcon_core.package_identification:_identify(dataset/kitti/2011_09_26/2011_09_26_drive_0001_sync/oxts) by extensions ['ignore', 'ignore_ament_install']
[0.202s] Level 1:colcon.colcon_core.package_identification:_identify(dataset/kitti/2011_09_26/2011_09_26_drive_0001_sync/oxts) by extension 'ignore'
[0.202s] Level 1:colcon.colcon_core.package_identification:_identify(dataset/kitti/2011_09_26/2011_09_26_drive_0001_sync/oxts) by extension 'ignore_ament_install'
[0.202s] Level 1:colcon.colcon_core.package_identification:_identify(dataset/kitti/2011_09_26/2011_09_26_drive_0001_sync/oxts) by extensions ['colcon_pkg']
[0.202s] Level 1:colcon.colcon_core.package_identification:_identify(dataset/kitti/2011_09_26/2011_09_26_drive_0001_sync/oxts) by extension 'colcon_pkg'
[0.202s] Level 1:colcon.colcon_core.package_identification:_identify(dataset/kitti/2011_09_26/2011_09_26_drive_0001_sync/oxts) by extensions ['colcon_meta']
[0.202s] Level 1:colcon.colcon_core.package_identification:_identify(dataset/kitti/2011_09_26/2011_09_26_drive_0001_sync/oxts) by extension 'colcon_meta'
[0.202s] Level 1:colcon.colcon_core.package_identification:_identify(dataset/kitti/2011_09_26/2011_09_26_drive_0001_sync/oxts) by extensions ['ros']
[0.202s] Level 1:colcon.colcon_core.package_identification:_identify(dataset/kitti/2011_09_26/2011_09_26_drive_0001_sync/oxts) by extension 'ros'
[0.202s] Level 1:colcon.colcon_core.package_identification:_identify(dataset/kitti/2011_09_26/2011_09_26_drive_0001_sync/oxts) by extensions ['cmake', 'python']
[0.202s] Level 1:colcon.colcon_core.package_identification:_identify(dataset/kitti/2011_09_26/2011_09_26_drive_0001_sync/oxts) by extension 'cmake'
[0.202s] Level 1:colcon.colcon_core.package_identification:_identify(dataset/kitti/2011_09_26/2011_09_26_drive_0001_sync/oxts) by extension 'python'
[0.202s] Level 1:colcon.colcon_core.package_identification:_identify(dataset/kitti/2011_09_26/2011_09_26_drive_0001_sync/oxts) by extensions ['python_setup_py']
[0.202s] Level 1:colcon.colcon_core.package_identification:_identify(dataset/kitti/2011_09_26/2011_09_26_drive_0001_sync/oxts) by extension 'python_setup_py'
[0.202s] Level 1:colcon.colcon_core.package_identification:_identify(dataset/kitti/2011_09_26/2011_09_26_drive_0001_sync/oxts/data) by extensions ['ignore', 'ignore_ament_install']
[0.202s] Level 1:colcon.colcon_core.package_identification:_identify(dataset/kitti/2011_09_26/2011_09_26_drive_0001_sync/oxts/data) by extension 'ignore'
[0.202s] Level 1:colcon.colcon_core.package_identification:_identify(dataset/kitti/2011_09_26/2011_09_26_drive_0001_sync/oxts/data) by extension 'ignore_ament_install'
[0.202s] Level 1:colcon.colcon_core.package_identification:_identify(dataset/kitti/2011_09_26/2011_09_26_drive_0001_sync/oxts/data) by extensions ['colcon_pkg']
[0.202s] Level 1:colcon.colcon_core.package_identification:_identify(dataset/kitti/2011_09_26/2011_09_26_drive_0001_sync/oxts/data) by extension 'colcon_pkg'
[0.202s] Level 1:colcon.colcon_core.package_identification:_identify(dataset/kitti/2011_09_26/2011_09_26_drive_0001_sync/oxts/data) by extensions ['colcon_meta']
[0.202s] Level 1:colcon.colcon_core.package_identification:_identify(dataset/kitti/2011_09_26/2011_09_26_drive_0001_sync/oxts/data) by extension 'colcon_meta'
[0.202s] Level 1:colcon.colcon_core.package_identification:_identify(dataset/kitti/2011_09_26/2011_09_26_drive_0001_sync/oxts/data) by extensions ['ros']
[0.202s] Level 1:colcon.colcon_core.package_identification:_identify(dataset/kitti/2011_09_26/2011_09_26_drive_0001_sync/oxts/data) by extension 'ros'
[0.202s] Level 1:colcon.colcon_core.package_identification:_identify(dataset/kitti/2011_09_26/2011_09_26_drive_0001_sync/oxts/data) by extensions ['cmake', 'python']
[0.202s] Level 1:colcon.colcon_core.package_identification:_identify(dataset/kitti/2011_09_26/2011_09_26_drive_0001_sync/oxts/data) by extension 'cmake'
[0.202s] Level 1:colcon.colcon_core.package_identification:_identify(dataset/kitti/2011_09_26/2011_09_26_drive_0001_sync/oxts/data) by extension 'python'
[0.202s] Level 1:colcon.colcon_core.package_identification:_identify(dataset/kitti/2011_09_26/2011_09_26_drive_0001_sync/oxts/data) by extensions ['python_setup_py']
[0.202s] Level 1:colcon.colcon_core.package_identification:_identify(dataset/kitti/2011_09_26/2011_09_26_drive_0001_sync/oxts/data) by extension 'python_setup_py'
[0.202s] Level 1:colcon.colcon_core.package_identification:_identify(dataset/kitti/2011_09_26/2011_09_26_drive_0001_sync/velodyne_points) by extensions ['ignore', 'ignore_ament_install']
[0.202s] Level 1:colcon.colcon_core.package_identification:_identify(dataset/kitti/2011_09_26/2011_09_26_drive_0001_sync/velodyne_points) by extension 'ignore'
[0.202s] Level 1:colcon.colcon_core.package_identification:_identify(dataset/kitti/2011_09_26/2011_09_26_drive_0001_sync/velodyne_points) by extension 'ignore_ament_install'
[0.202s] Level 1:colcon.colcon_core.package_identification:_identify(dataset/kitti/2011_09_26/2011_09_26_drive_0001_sync/velodyne_points) by extensions ['colcon_pkg']
[0.202s] Level 1:colcon.colcon_core.package_identification:_identify(dataset/kitti/2011_09_26/2011_09_26_drive_0001_sync/velodyne_points) by extension 'colcon_pkg'
[0.202s] Level 1:colcon.colcon_core.package_identification:_identify(dataset/kitti/2011_09_26/2011_09_26_drive_0001_sync/velodyne_points) by extensions ['colcon_meta']
[0.202s] Level 1:colcon.colcon_core.package_identification:_identify(dataset/kitti/2011_09_26/2011_09_26_drive_0001_sync/velodyne_points) by extension 'colcon_meta'
[0.202s] Level 1:colcon.colcon_core.package_identification:_identify(dataset/kitti/2011_09_26/2011_09_26_drive_0001_sync/velodyne_points) by extensions ['ros']
[0.202s] Level 1:colcon.colcon_core.package_identification:_identify(dataset/kitti/2011_09_26/2011_09_26_drive_0001_sync/velodyne_points) by extension 'ros'
[0.202s] Level 1:colcon.colcon_core.package_identification:_identify(dataset/kitti/2011_09_26/2011_09_26_drive_0001_sync/velodyne_points) by extensions ['cmake', 'python']
[0.202s] Level 1:colcon.colcon_core.package_identification:_identify(dataset/kitti/2011_09_26/2011_09_26_drive_0001_sync/velodyne_points) by extension 'cmake'
[0.202s] Level 1:colcon.colcon_core.package_identification:_identify(dataset/kitti/2011_09_26/2011_09_26_drive_0001_sync/velodyne_points) by extension 'python'
[0.203s] Level 1:colcon.colcon_core.package_identification:_identify(dataset/kitti/2011_09_26/2011_09_26_drive_0001_sync/velodyne_points) by extensions ['python_setup_py']
[0.203s] Level 1:colcon.colcon_core.package_identification:_identify(dataset/kitti/2011_09_26/2011_09_26_drive_0001_sync/velodyne_points) by extension 'python_setup_py'
[0.203s] Level 1:colcon.colcon_core.package_identification:_identify(dataset/kitti/2011_09_26/2011_09_26_drive_0001_sync/velodyne_points/data) by extensions ['ignore', 'ignore_ament_install']
[0.203s] Level 1:colcon.colcon_core.package_identification:_identify(dataset/kitti/2011_09_26/2011_09_26_drive_0001_sync/velodyne_points/data) by extension 'ignore'
[0.203s] Level 1:colcon.colcon_core.package_identification:_identify(dataset/kitti/2011_09_26/2011_09_26_drive_0001_sync/velodyne_points/data) by extension 'ignore_ament_install'
[0.203s] Level 1:colcon.colcon_core.package_identification:_identify(dataset/kitti/2011_09_26/2011_09_26_drive_0001_sync/velodyne_points/data) by extensions ['colcon_pkg']
[0.203s] Level 1:colcon.colcon_core.package_identification:_identify(dataset/kitti/2011_09_26/2011_09_26_drive_0001_sync/velodyne_points/data) by extension 'colcon_pkg'
[0.203s] Level 1:colcon.colcon_core.package_identification:_identify(dataset/kitti/2011_09_26/2011_09_26_drive_0001_sync/velodyne_points/data) by extensions ['colcon_meta']
[0.203s] Level 1:colcon.colcon_core.package_identification:_identify(dataset/kitti/2011_09_26/2011_09_26_drive_0001_sync/velodyne_points/data) by extension 'colcon_meta'
[0.203s] Level 1:colcon.colcon_core.package_identification:_identify(dataset/kitti/2011_09_26/2011_09_26_drive_0001_sync/velodyne_points/data) by extensions ['ros']
[0.203s] Level 1:colcon.colcon_core.package_identification:_identify(dataset/kitti/2011_09_26/2011_09_26_drive_0001_sync/velodyne_points/data) by extension 'ros'
[0.203s] Level 1:colcon.colcon_core.package_identification:_identify(dataset/kitti/2011_09_26/2011_09_26_drive_0001_sync/velodyne_points/data) by extensions ['cmake', 'python']
[0.203s] Level 1:colcon.colcon_core.package_identification:_identify(dataset/kitti/2011_09_26/2011_09_26_drive_0001_sync/velodyne_points/data) by extension 'cmake'
[0.203s] Level 1:colcon.colcon_core.package_identification:_identify(dataset/kitti/2011_09_26/2011_09_26_drive_0001_sync/velodyne_points/data) by extension 'python'
[0.203s] Level 1:colcon.colcon_core.package_identification:_identify(dataset/kitti/2011_09_26/2011_09_26_drive_0001_sync/velodyne_points/data) by extensions ['python_setup_py']
[0.203s] Level 1:colcon.colcon_core.package_identification:_identify(dataset/kitti/2011_09_26/2011_09_26_drive_0001_sync/velodyne_points/data) by extension 'python_setup_py'
[0.203s] Level 1:colcon.colcon_core.package_identification:_identify(dataset/kitti/2011_09_26/2011_09_26_drive_0002_sync) by extensions ['ignore', 'ignore_ament_install']
[0.203s] Level 1:colcon.colcon_core.package_identification:_identify(dataset/kitti/2011_09_26/2011_09_26_drive_0002_sync) by extension 'ignore'
[0.203s] Level 1:colcon.colcon_core.package_identification:_identify(dataset/kitti/2011_09_26/2011_09_26_drive_0002_sync) by extension 'ignore_ament_install'
[0.203s] Level 1:colcon.colcon_core.package_identification:_identify(dataset/kitti/2011_09_26/2011_09_26_drive_0002_sync) by extensions ['colcon_pkg']
[0.203s] Level 1:colcon.colcon_core.package_identification:_identify(dataset/kitti/2011_09_26/2011_09_26_drive_0002_sync) by extension 'colcon_pkg'
[0.203s] Level 1:colcon.colcon_core.package_identification:_identify(dataset/kitti/2011_09_26/2011_09_26_drive_0002_sync) by extensions ['colcon_meta']
[0.203s] Level 1:colcon.colcon_core.package_identification:_identify(dataset/kitti/2011_09_26/2011_09_26_drive_0002_sync) by extension 'colcon_meta'
[0.203s] Level 1:colcon.colcon_core.package_identification:_identify(dataset/kitti/2011_09_26/2011_09_26_drive_0002_sync) by extensions ['ros']
[0.203s] Level 1:colcon.colcon_core.package_identification:_identify(dataset/kitti/2011_09_26/2011_09_26_drive_0002_sync) by extension 'ros'
[0.203s] Level 1:colcon.colcon_core.package_identification:_identify(dataset/kitti/2011_09_26/2011_09_26_drive_0002_sync) by extensions ['cmake', 'python']
[0.203s] Level 1:colcon.colcon_core.package_identification:_identify(dataset/kitti/2011_09_26/2011_09_26_drive_0002_sync) by extension 'cmake'
[0.203s] Level 1:colcon.colcon_core.package_identification:_identify(dataset/kitti/2011_09_26/2011_09_26_drive_0002_sync) by extension 'python'
[0.203s] Level 1:colcon.colcon_core.package_identification:_identify(dataset/kitti/2011_09_26/2011_09_26_drive_0002_sync) by extensions ['python_setup_py']
[0.203s] Level 1:colcon.colcon_core.package_identification:_identify(dataset/kitti/2011_09_26/2011_09_26_drive_0002_sync) by extension 'python_setup_py'
[0.203s] Level 1:colcon.colcon_core.package_identification:_identify(dataset/kitti/2011_09_26/2011_09_26_drive_0002_sync/image_00) by extensions ['ignore', 'ignore_ament_install']
[0.203s] Level 1:colcon.colcon_core.package_identification:_identify(dataset/kitti/2011_09_26/2011_09_26_drive_0002_sync/image_00) by extension 'ignore'
[0.203s] Level 1:colcon.colcon_core.package_identification:_identify(dataset/kitti/2011_09_26/2011_09_26_drive_0002_sync/image_00) by extension 'ignore_ament_install'
[0.203s] Level 1:colcon.colcon_core.package_identification:_identify(dataset/kitti/2011_09_26/2011_09_26_drive_0002_sync/image_00) by extensions ['colcon_pkg']
[0.203s] Level 1:colcon.colcon_core.package_identification:_identify(dataset/kitti/2011_09_26/2011_09_26_drive_0002_sync/image_00) by extension 'colcon_pkg'
[0.203s] Level 1:colcon.colcon_core.package_identification:_identify(dataset/kitti/2011_09_26/2011_09_26_drive_0002_sync/image_00) by extensions ['colcon_meta']
[0.203s] Level 1:colcon.colcon_core.package_identification:_identify(dataset/kitti/2011_09_26/2011_09_26_drive_0002_sync/image_00) by extension 'colcon_meta'
[0.203s] Level 1:colcon.colcon_core.package_identification:_identify(dataset/kitti/2011_09_26/2011_09_26_drive_0002_sync/image_00) by extensions ['ros']
[0.203s] Level 1:colcon.colcon_core.package_identification:_identify(dataset/kitti/2011_09_26/2011_09_26_drive_0002_sync/image_00) by extension 'ros'
[0.203s] Level 1:colcon.colcon_core.package_identification:_identify(dataset/kitti/2011_09_26/2011_09_26_drive_0002_sync/image_00) by extensions ['cmake', 'python']
[0.203s] Level 1:colcon.colcon_core.package_identification:_identify(dataset/kitti/2011_09_26/2011_09_26_drive_0002_sync/image_00) by extension 'cmake'
[0.203s] Level 1:colcon.colcon_core.package_identification:_identify(dataset/kitti/2011_09_26/2011_09_26_drive_0002_sync/image_00) by extension 'python'
[0.203s] Level 1:colcon.colcon_core.package_identification:_identify(dataset/kitti/2011_09_26/2011_09_26_drive_0002_sync/image_00) by extensions ['python_setup_py']
[0.203s] Level 1:colcon.colcon_core.package_identification:_identify(dataset/kitti/2011_09_26/2011_09_26_drive_0002_sync/image_00) by extension 'python_setup_py'
[0.204s] Level 1:colcon.colcon_core.package_identification:_identify(dataset/kitti/2011_09_26/2011_09_26_drive_0002_sync/image_00/data) by extensions ['ignore', 'ignore_ament_install']
[0.204s] Level 1:colcon.colcon_core.package_identification:_identify(dataset/kitti/2011_09_26/2011_09_26_drive_0002_sync/image_00/data) by extension 'ignore'
[0.204s] Level 1:colcon.colcon_core.package_identification:_identify(dataset/kitti/2011_09_26/2011_09_26_drive_0002_sync/image_00/data) by extension 'ignore_ament_install'
[0.204s] Level 1:colcon.colcon_core.package_identification:_identify(dataset/kitti/2011_09_26/2011_09_26_drive_0002_sync/image_00/data) by extensions ['colcon_pkg']
[0.204s] Level 1:colcon.colcon_core.package_identification:_identify(dataset/kitti/2011_09_26/2011_09_26_drive_0002_sync/image_00/data) by extension 'colcon_pkg'
[0.204s] Level 1:colcon.colcon_core.package_identification:_identify(dataset/kitti/2011_09_26/2011_09_26_drive_0002_sync/image_00/data) by extensions ['colcon_meta']
[0.204s] Level 1:colcon.colcon_core.package_identification:_identify(dataset/kitti/2011_09_26/2011_09_26_drive_0002_sync/image_00/data) by extension 'colcon_meta'
[0.204s] Level 1:colcon.colcon_core.package_identification:_identify(dataset/kitti/2011_09_26/2011_09_26_drive_0002_sync/image_00/data) by extensions ['ros']
[0.204s] Level 1:colcon.colcon_core.package_identification:_identify(dataset/kitti/2011_09_26/2011_09_26_drive_0002_sync/image_00/data) by extension 'ros'
[0.204s] Level 1:colcon.colcon_core.package_identification:_identify(dataset/kitti/2011_09_26/2011_09_26_drive_0002_sync/image_00/data) by extensions ['cmake', 'python']
[0.204s] Level 1:colcon.colcon_core.package_identification:_identify(dataset/kitti/2011_09_26/2011_09_26_drive_0002_sync/image_00/data) by extension 'cmake'
[0.204s] Level 1:colcon.colcon_core.package_identification:_identify(dataset/kitti/2011_09_26/2011_09_26_drive_0002_sync/image_00/data) by extension 'python'
[0.204s] Level 1:colcon.colcon_core.package_identification:_identify(dataset/kitti/2011_09_26/2011_09_26_drive_0002_sync/image_00/data) by extensions ['python_setup_py']
[0.204s] Level 1:colcon.colcon_core.package_identification:_identify(dataset/kitti/2011_09_26/2011_09_26_drive_0002_sync/image_00/data) by extension 'python_setup_py'
[0.204s] Level 1:colcon.colcon_core.package_identification:_identify(dataset/kitti/2011_09_26/2011_09_26_drive_0002_sync/image_01) by extensions ['ignore', 'ignore_ament_install']
[0.204s] Level 1:colcon.colcon_core.package_identification:_identify(dataset/kitti/2011_09_26/2011_09_26_drive_0002_sync/image_01) by extension 'ignore'
[0.204s] Level 1:colcon.colcon_core.package_identification:_identify(dataset/kitti/2011_09_26/2011_09_26_drive_0002_sync/image_01) by extension 'ignore_ament_install'
[0.204s] Level 1:colcon.colcon_core.package_identification:_identify(dataset/kitti/2011_09_26/2011_09_26_drive_0002_sync/image_01) by extensions ['colcon_pkg']
[0.204s] Level 1:colcon.colcon_core.package_identification:_identify(dataset/kitti/2011_09_26/2011_09_26_drive_0002_sync/image_01) by extension 'colcon_pkg'
[0.204s] Level 1:colcon.colcon_core.package_identification:_identify(dataset/kitti/2011_09_26/2011_09_26_drive_0002_sync/image_01) by extensions ['colcon_meta']
[0.204s] Level 1:colcon.colcon_core.package_identification:_identify(dataset/kitti/2011_09_26/2011_09_26_drive_0002_sync/image_01) by extension 'colcon_meta'
[0.204s] Level 1:colcon.colcon_core.package_identification:_identify(dataset/kitti/2011_09_26/2011_09_26_drive_0002_sync/image_01) by extensions ['ros']
[0.204s] Level 1:colcon.colcon_core.package_identification:_identify(dataset/kitti/2011_09_26/2011_09_26_drive_0002_sync/image_01) by extension 'ros'
[0.204s] Level 1:colcon.colcon_core.package_identification:_identify(dataset/kitti/2011_09_26/2011_09_26_drive_0002_sync/image_01) by extensions ['cmake', 'python']
[0.204s] Level 1:colcon.colcon_core.package_identification:_identify(dataset/kitti/2011_09_26/2011_09_26_drive_0002_sync/image_01) by extension 'cmake'
[0.204s] Level 1:colcon.colcon_core.package_identification:_identify(dataset/kitti/2011_09_26/2011_09_26_drive_0002_sync/image_01) by extension 'python'
[0.204s] Level 1:colcon.colcon_core.package_identification:_identify(dataset/kitti/2011_09_26/2011_09_26_drive_0002_sync/image_01) by extensions ['python_setup_py']
[0.204s] Level 1:colcon.colcon_core.package_identification:_identify(dataset/kitti/2011_09_26/2011_09_26_drive_0002_sync/image_01) by extension 'python_setup_py'
[0.204s] Level 1:colcon.colcon_core.package_identification:_identify(dataset/kitti/2011_09_26/2011_09_26_drive_0002_sync/image_01/data) by extensions ['ignore', 'ignore_ament_install']
[0.204s] Level 1:colcon.colcon_core.package_identification:_identify(dataset/kitti/2011_09_26/2011_09_26_drive_0002_sync/image_01/data) by extension 'ignore'
[0.204s] Level 1:colcon.colcon_core.package_identification:_identify(dataset/kitti/2011_09_26/2011_09_26_drive_0002_sync/image_01/data) by extension 'ignore_ament_install'
[0.204s] Level 1:colcon.colcon_core.package_identification:_identify(dataset/kitti/2011_09_26/2011_09_26_drive_0002_sync/image_01/data) by extensions ['colcon_pkg']
[0.204s] Level 1:colcon.colcon_core.package_identification:_identify(dataset/kitti/2011_09_26/2011_09_26_drive_0002_sync/image_01/data) by extension 'colcon_pkg'
[0.204s] Level 1:colcon.colcon_core.package_identification:_identify(dataset/kitti/2011_09_26/2011_09_26_drive_0002_sync/image_01/data) by extensions ['colcon_meta']
[0.204s] Level 1:colcon.colcon_core.package_identification:_identify(dataset/kitti/2011_09_26/2011_09_26_drive_0002_sync/image_01/data) by extension 'colcon_meta'
[0.204s] Level 1:colcon.colcon_core.package_identification:_identify(dataset/kitti/2011_09_26/2011_09_26_drive_0002_sync/image_01/data) by extensions ['ros']
[0.204s] Level 1:colcon.colcon_core.package_identification:_identify(dataset/kitti/2011_09_26/2011_09_26_drive_0002_sync/image_01/data) by extension 'ros'
[0.204s] Level 1:colcon.colcon_core.package_identification:_identify(dataset/kitti/2011_09_26/2011_09_26_drive_0002_sync/image_01/data) by extensions ['cmake', 'python']
[0.204s] Level 1:colcon.colcon_core.package_identification:_identify(dataset/kitti/2011_09_26/2011_09_26_drive_0002_sync/image_01/data) by extension 'cmake'
[0.204s] Level 1:colcon.colcon_core.package_identification:_identify(dataset/kitti/2011_09_26/2011_09_26_drive_0002_sync/image_01/data) by extension 'python'
[0.204s] Level 1:colcon.colcon_core.package_identification:_identify(dataset/kitti/2011_09_26/2011_09_26_drive_0002_sync/image_01/data) by extensions ['python_setup_py']
[0.204s] Level 1:colcon.colcon_core.package_identification:_identify(dataset/kitti/2011_09_26/2011_09_26_drive_0002_sync/image_01/data) by extension 'python_setup_py'
[0.204s] Level 1:colcon.colcon_core.package_identification:_identify(dataset/kitti/2011_09_26/2011_09_26_drive_0002_sync/image_02) by extensions ['ignore', 'ignore_ament_install']
[0.204s] Level 1:colcon.colcon_core.package_identification:_identify(dataset/kitti/2011_09_26/2011_09_26_drive_0002_sync/image_02) by extension 'ignore'
[0.204s] Level 1:colcon.colcon_core.package_identification:_identify(dataset/kitti/2011_09_26/2011_09_26_drive_0002_sync/image_02) by extension 'ignore_ament_install'
[0.205s] Level 1:colcon.colcon_core.package_identification:_identify(dataset/kitti/2011_09_26/2011_09_26_drive_0002_sync/image_02) by extensions ['colcon_pkg']
[0.205s] Level 1:colcon.colcon_core.package_identification:_identify(dataset/kitti/2011_09_26/2011_09_26_drive_0002_sync/image_02) by extension 'colcon_pkg'
[0.205s] Level 1:colcon.colcon_core.package_identification:_identify(dataset/kitti/2011_09_26/2011_09_26_drive_0002_sync/image_02) by extensions ['colcon_meta']
[0.205s] Level 1:colcon.colcon_core.package_identification:_identify(dataset/kitti/2011_09_26/2011_09_26_drive_0002_sync/image_02) by extension 'colcon_meta'
[0.205s] Level 1:colcon.colcon_core.package_identification:_identify(dataset/kitti/2011_09_26/2011_09_26_drive_0002_sync/image_02) by extensions ['ros']
[0.205s] Level 1:colcon.colcon_core.package_identification:_identify(dataset/kitti/2011_09_26/2011_09_26_drive_0002_sync/image_02) by extension 'ros'
[0.205s] Level 1:colcon.colcon_core.package_identification:_identify(dataset/kitti/2011_09_26/2011_09_26_drive_0002_sync/image_02) by extensions ['cmake', 'python']
[0.205s] Level 1:colcon.colcon_core.package_identification:_identify(dataset/kitti/2011_09_26/2011_09_26_drive_0002_sync/image_02) by extension 'cmake'
[0.205s] Level 1:colcon.colcon_core.package_identification:_identify(dataset/kitti/2011_09_26/2011_09_26_drive_0002_sync/image_02) by extension 'python'
[0.205s] Level 1:colcon.colcon_core.package_identification:_identify(dataset/kitti/2011_09_26/2011_09_26_drive_0002_sync/image_02) by extensions ['python_setup_py']
[0.205s] Level 1:colcon.colcon_core.package_identification:_identify(dataset/kitti/2011_09_26/2011_09_26_drive_0002_sync/image_02) by extension 'python_setup_py'
[0.205s] Level 1:colcon.colcon_core.package_identification:_identify(dataset/kitti/2011_09_26/2011_09_26_drive_0002_sync/image_02/data) by extensions ['ignore', 'ignore_ament_install']
[0.205s] Level 1:colcon.colcon_core.package_identification:_identify(dataset/kitti/2011_09_26/2011_09_26_drive_0002_sync/image_02/data) by extension 'ignore'
[0.205s] Level 1:colcon.colcon_core.package_identification:_identify(dataset/kitti/2011_09_26/2011_09_26_drive_0002_sync/image_02/data) by extension 'ignore_ament_install'
[0.205s] Level 1:colcon.colcon_core.package_identification:_identify(dataset/kitti/2011_09_26/2011_09_26_drive_0002_sync/image_02/data) by extensions ['colcon_pkg']
[0.205s] Level 1:colcon.colcon_core.package_identification:_identify(dataset/kitti/2011_09_26/2011_09_26_drive_0002_sync/image_02/data) by extension 'colcon_pkg'
[0.205s] Level 1:colcon.colcon_core.package_identification:_identify(dataset/kitti/2011_09_26/2011_09_26_drive_0002_sync/image_02/data) by extensions ['colcon_meta']
[0.205s] Level 1:colcon.colcon_core.package_identification:_identify(dataset/kitti/2011_09_26/2011_09_26_drive_0002_sync/image_02/data) by extension 'colcon_meta'
[0.205s] Level 1:colcon.colcon_core.package_identification:_identify(dataset/kitti/2011_09_26/2011_09_26_drive_0002_sync/image_02/data) by extensions ['ros']
[0.205s] Level 1:colcon.colcon_core.package_identification:_identify(dataset/kitti/2011_09_26/2011_09_26_drive_0002_sync/image_02/data) by extension 'ros'
[0.205s] Level 1:colcon.colcon_core.package_identification:_identify(dataset/kitti/2011_09_26/2011_09_26_drive_0002_sync/image_02/data) by extensions ['cmake', 'python']
[0.205s] Level 1:colcon.colcon_core.package_identification:_identify(dataset/kitti/2011_09_26/2011_09_26_drive_0002_sync/image_02/data) by extension 'cmake'
[0.205s] Level 1:colcon.colcon_core.package_identification:_identify(dataset/kitti/2011_09_26/2011_09_26_drive_0002_sync/image_02/data) by extension 'python'
[0.205s] Level 1:colcon.colcon_core.package_identification:_identify(dataset/kitti/2011_09_26/2011_09_26_drive_0002_sync/image_02/data) by extensions ['python_setup_py']
[0.205s] Level 1:colcon.colcon_core.package_identification:_identify(dataset/kitti/2011_09_26/2011_09_26_drive_0002_sync/image_02/data) by extension 'python_setup_py'
[0.205s] Level 1:colcon.colcon_core.package_identification:_identify(dataset/kitti/2011_09_26/2011_09_26_drive_0002_sync/image_03) by extensions ['ignore', 'ignore_ament_install']
[0.205s] Level 1:colcon.colcon_core.package_identification:_identify(dataset/kitti/2011_09_26/2011_09_26_drive_0002_sync/image_03) by extension 'ignore'
[0.205s] Level 1:colcon.colcon_core.package_identification:_identify(dataset/kitti/2011_09_26/2011_09_26_drive_0002_sync/image_03) by extension 'ignore_ament_install'
[0.205s] Level 1:colcon.colcon_core.package_identification:_identify(dataset/kitti/2011_09_26/2011_09_26_drive_0002_sync/image_03) by extensions ['colcon_pkg']
[0.205s] Level 1:colcon.colcon_core.package_identification:_identify(dataset/kitti/2011_09_26/2011_09_26_drive_0002_sync/image_03) by extension 'colcon_pkg'
[0.205s] Level 1:colcon.colcon_core.package_identification:_identify(dataset/kitti/2011_09_26/2011_09_26_drive_0002_sync/image_03) by extensions ['colcon_meta']
[0.205s] Level 1:colcon.colcon_core.package_identification:_identify(dataset/kitti/2011_09_26/2011_09_26_drive_0002_sync/image_03) by extension 'colcon_meta'
[0.205s] Level 1:colcon.colcon_core.package_identification:_identify(dataset/kitti/2011_09_26/2011_09_26_drive_0002_sync/image_03) by extensions ['ros']
[0.205s] Level 1:colcon.colcon_core.package_identification:_identify(dataset/kitti/2011_09_26/2011_09_26_drive_0002_sync/image_03) by extension 'ros'
[0.205s] Level 1:colcon.colcon_core.package_identification:_identify(dataset/kitti/2011_09_26/2011_09_26_drive_0002_sync/image_03) by extensions ['cmake', 'python']
[0.205s] Level 1:colcon.colcon_core.package_identification:_identify(dataset/kitti/2011_09_26/2011_09_26_drive_0002_sync/image_03) by extension 'cmake'
[0.205s] Level 1:colcon.colcon_core.package_identification:_identify(dataset/kitti/2011_09_26/2011_09_26_drive_0002_sync/image_03) by extension 'python'
[0.205s] Level 1:colcon.colcon_core.package_identification:_identify(dataset/kitti/2011_09_26/2011_09_26_drive_0002_sync/image_03) by extensions ['python_setup_py']
[0.205s] Level 1:colcon.colcon_core.package_identification:_identify(dataset/kitti/2011_09_26/2011_09_26_drive_0002_sync/image_03) by extension 'python_setup_py'
[0.205s] Level 1:colcon.colcon_core.package_identification:_identify(dataset/kitti/2011_09_26/2011_09_26_drive_0002_sync/image_03/data) by extensions ['ignore', 'ignore_ament_install']
[0.205s] Level 1:colcon.colcon_core.package_identification:_identify(dataset/kitti/2011_09_26/2011_09_26_drive_0002_sync/image_03/data) by extension 'ignore'
[0.205s] Level 1:colcon.colcon_core.package_identification:_identify(dataset/kitti/2011_09_26/2011_09_26_drive_0002_sync/image_03/data) by extension 'ignore_ament_install'
[0.205s] Level 1:colcon.colcon_core.package_identification:_identify(dataset/kitti/2011_09_26/2011_09_26_drive_0002_sync/image_03/data) by extensions ['colcon_pkg']
[0.205s] Level 1:colcon.colcon_core.package_identification:_identify(dataset/kitti/2011_09_26/2011_09_26_drive_0002_sync/image_03/data) by extension 'colcon_pkg'
[0.205s] Level 1:colcon.colcon_core.package_identification:_identify(dataset/kitti/2011_09_26/2011_09_26_drive_0002_sync/image_03/data) by extensions ['colcon_meta']
[0.205s] Level 1:colcon.colcon_core.package_identification:_identify(dataset/kitti/2011_09_26/2011_09_26_drive_0002_sync/image_03/data) by extension 'colcon_meta'
[0.206s] Level 1:colcon.colcon_core.package_identification:_identify(dataset/kitti/2011_09_26/2011_09_26_drive_0002_sync/image_03/data) by extensions ['ros']
[0.206s] Level 1:colcon.colcon_core.package_identification:_identify(dataset/kitti/2011_09_26/2011_09_26_drive_0002_sync/image_03/data) by extension 'ros'
[0.206s] Level 1:colcon.colcon_core.package_identification:_identify(dataset/kitti/2011_09_26/2011_09_26_drive_0002_sync/image_03/data) by extensions ['cmake', 'python']
[0.206s] Level 1:colcon.colcon_core.package_identification:_identify(dataset/kitti/2011_09_26/2011_09_26_drive_0002_sync/image_03/data) by extension 'cmake'
[0.206s] Level 1:colcon.colcon_core.package_identification:_identify(dataset/kitti/2011_09_26/2011_09_26_drive_0002_sync/image_03/data) by extension 'python'
[0.206s] Level 1:colcon.colcon_core.package_identification:_identify(dataset/kitti/2011_09_26/2011_09_26_drive_0002_sync/image_03/data) by extensions ['python_setup_py']
[0.206s] Level 1:colcon.colcon_core.package_identification:_identify(dataset/kitti/2011_09_26/2011_09_26_drive_0002_sync/image_03/data) by extension 'python_setup_py'
[0.206s] Level 1:colcon.colcon_core.package_identification:_identify(dataset/kitti/2011_09_26/2011_09_26_drive_0002_sync/oxts) by extensions ['ignore', 'ignore_ament_install']
[0.206s] Level 1:colcon.colcon_core.package_identification:_identify(dataset/kitti/2011_09_26/2011_09_26_drive_0002_sync/oxts) by extension 'ignore'
[0.206s] Level 1:colcon.colcon_core.package_identification:_identify(dataset/kitti/2011_09_26/2011_09_26_drive_0002_sync/oxts) by extension 'ignore_ament_install'
[0.206s] Level 1:colcon.colcon_core.package_identification:_identify(dataset/kitti/2011_09_26/2011_09_26_drive_0002_sync/oxts) by extensions ['colcon_pkg']
[0.206s] Level 1:colcon.colcon_core.package_identification:_identify(dataset/kitti/2011_09_26/2011_09_26_drive_0002_sync/oxts) by extension 'colcon_pkg'
[0.206s] Level 1:colcon.colcon_core.package_identification:_identify(dataset/kitti/2011_09_26/2011_09_26_drive_0002_sync/oxts) by extensions ['colcon_meta']
[0.206s] Level 1:colcon.colcon_core.package_identification:_identify(dataset/kitti/2011_09_26/2011_09_26_drive_0002_sync/oxts) by extension 'colcon_meta'
[0.206s] Level 1:colcon.colcon_core.package_identification:_identify(dataset/kitti/2011_09_26/2011_09_26_drive_0002_sync/oxts) by extensions ['ros']
[0.206s] Level 1:colcon.colcon_core.package_identification:_identify(dataset/kitti/2011_09_26/2011_09_26_drive_0002_sync/oxts) by extension 'ros'
[0.206s] Level 1:colcon.colcon_core.package_identification:_identify(dataset/kitti/2011_09_26/2011_09_26_drive_0002_sync/oxts) by extensions ['cmake', 'python']
[0.206s] Level 1:colcon.colcon_core.package_identification:_identify(dataset/kitti/2011_09_26/2011_09_26_drive_0002_sync/oxts) by extension 'cmake'
[0.206s] Level 1:colcon.colcon_core.package_identification:_identify(dataset/kitti/2011_09_26/2011_09_26_drive_0002_sync/oxts) by extension 'python'
[0.206s] Level 1:colcon.colcon_core.package_identification:_identify(dataset/kitti/2011_09_26/2011_09_26_drive_0002_sync/oxts) by extensions ['python_setup_py']
[0.206s] Level 1:colcon.colcon_core.package_identification:_identify(dataset/kitti/2011_09_26/2011_09_26_drive_0002_sync/oxts) by extension 'python_setup_py'
[0.206s] Level 1:colcon.colcon_core.package_identification:_identify(dataset/kitti/2011_09_26/2011_09_26_drive_0002_sync/oxts/data) by extensions ['ignore', 'ignore_ament_install']
[0.206s] Level 1:colcon.colcon_core.package_identification:_identify(dataset/kitti/2011_09_26/2011_09_26_drive_0002_sync/oxts/data) by extension 'ignore'
[0.206s] Level 1:colcon.colcon_core.package_identification:_identify(dataset/kitti/2011_09_26/2011_09_26_drive_0002_sync/oxts/data) by extension 'ignore_ament_install'
[0.206s] Level 1:colcon.colcon_core.package_identification:_identify(dataset/kitti/2011_09_26/2011_09_26_drive_0002_sync/oxts/data) by extensions ['colcon_pkg']
[0.206s] Level 1:colcon.colcon_core.package_identification:_identify(dataset/kitti/2011_09_26/2011_09_26_drive_0002_sync/oxts/data) by extension 'colcon_pkg'
[0.206s] Level 1:colcon.colcon_core.package_identification:_identify(dataset/kitti/2011_09_26/2011_09_26_drive_0002_sync/oxts/data) by extensions ['colcon_meta']
[0.206s] Level 1:colcon.colcon_core.package_identification:_identify(dataset/kitti/2011_09_26/2011_09_26_drive_0002_sync/oxts/data) by extension 'colcon_meta'
[0.206s] Level 1:colcon.colcon_core.package_identification:_identify(dataset/kitti/2011_09_26/2011_09_26_drive_0002_sync/oxts/data) by extensions ['ros']
[0.206s] Level 1:colcon.colcon_core.package_identification:_identify(dataset/kitti/2011_09_26/2011_09_26_drive_0002_sync/oxts/data) by extension 'ros'
[0.206s] Level 1:colcon.colcon_core.package_identification:_identify(dataset/kitti/2011_09_26/2011_09_26_drive_0002_sync/oxts/data) by extensions ['cmake', 'python']
[0.206s] Level 1:colcon.colcon_core.package_identification:_identify(dataset/kitti/2011_09_26/2011_09_26_drive_0002_sync/oxts/data) by extension 'cmake'
[0.206s] Level 1:colcon.colcon_core.package_identification:_identify(dataset/kitti/2011_09_26/2011_09_26_drive_0002_sync/oxts/data) by extension 'python'
[0.206s] Level 1:colcon.colcon_core.package_identification:_identify(dataset/kitti/2011_09_26/2011_09_26_drive_0002_sync/oxts/data) by extensions ['python_setup_py']
[0.206s] Level 1:colcon.colcon_core.package_identification:_identify(dataset/kitti/2011_09_26/2011_09_26_drive_0002_sync/oxts/data) by extension 'python_setup_py'
[0.206s] Level 1:colcon.colcon_core.package_identification:_identify(dataset/kitti/2011_09_26/2011_09_26_drive_0002_sync/velodyne_points) by extensions ['ignore', 'ignore_ament_install']
[0.206s] Level 1:colcon.colcon_core.package_identification:_identify(dataset/kitti/2011_09_26/2011_09_26_drive_0002_sync/velodyne_points) by extension 'ignore'
[0.206s] Level 1:colcon.colcon_core.package_identification:_identify(dataset/kitti/2011_09_26/2011_09_26_drive_0002_sync/velodyne_points) by extension 'ignore_ament_install'
[0.206s] Level 1:colcon.colcon_core.package_identification:_identify(dataset/kitti/2011_09_26/2011_09_26_drive_0002_sync/velodyne_points) by extensions ['colcon_pkg']
[0.206s] Level 1:colcon.colcon_core.package_identification:_identify(dataset/kitti/2011_09_26/2011_09_26_drive_0002_sync/velodyne_points) by extension 'colcon_pkg'
[0.206s] Level 1:colcon.colcon_core.package_identification:_identify(dataset/kitti/2011_09_26/2011_09_26_drive_0002_sync/velodyne_points) by extensions ['colcon_meta']
[0.206s] Level 1:colcon.colcon_core.package_identification:_identify(dataset/kitti/2011_09_26/2011_09_26_drive_0002_sync/velodyne_points) by extension 'colcon_meta'
[0.206s] Level 1:colcon.colcon_core.package_identification:_identify(dataset/kitti/2011_09_26/2011_09_26_drive_0002_sync/velodyne_points) by extensions ['ros']
[0.206s] Level 1:colcon.colcon_core.package_identification:_identify(dataset/kitti/2011_09_26/2011_09_26_drive_0002_sync/velodyne_points) by extension 'ros'
[0.206s] Level 1:colcon.colcon_core.package_identification:_identify(dataset/kitti/2011_09_26/2011_09_26_drive_0002_sync/velodyne_points) by extensions ['cmake', 'python']
[0.206s] Level 1:colcon.colcon_core.package_identification:_identify(dataset/kitti/2011_09_26/2011_09_26_drive_0002_sync/velodyne_points) by extension 'cmake'
[0.207s] Level 1:colcon.colcon_core.package_identification:_identify(dataset/kitti/2011_09_26/2011_09_26_drive_0002_sync/velodyne_points) by extension 'python'
[0.207s] Level 1:colcon.colcon_core.package_identification:_identify(dataset/kitti/2011_09_26/2011_09_26_drive_0002_sync/velodyne_points) by extensions ['python_setup_py']
[0.207s] Level 1:colcon.colcon_core.package_identification:_identify(dataset/kitti/2011_09_26/2011_09_26_drive_0002_sync/velodyne_points) by extension 'python_setup_py'
[0.207s] Level 1:colcon.colcon_core.package_identification:_identify(dataset/kitti/2011_09_26/2011_09_26_drive_0002_sync/velodyne_points/data) by extensions ['ignore', 'ignore_ament_install']
[0.207s] Level 1:colcon.colcon_core.package_identification:_identify(dataset/kitti/2011_09_26/2011_09_26_drive_0002_sync/velodyne_points/data) by extension 'ignore'
[0.207s] Level 1:colcon.colcon_core.package_identification:_identify(dataset/kitti/2011_09_26/2011_09_26_drive_0002_sync/velodyne_points/data) by extension 'ignore_ament_install'
[0.207s] Level 1:colcon.colcon_core.package_identification:_identify(dataset/kitti/2011_09_26/2011_09_26_drive_0002_sync/velodyne_points/data) by extensions ['colcon_pkg']
[0.207s] Level 1:colcon.colcon_core.package_identification:_identify(dataset/kitti/2011_09_26/2011_09_26_drive_0002_sync/velodyne_points/data) by extension 'colcon_pkg'
[0.207s] Level 1:colcon.colcon_core.package_identification:_identify(dataset/kitti/2011_09_26/2011_09_26_drive_0002_sync/velodyne_points/data) by extensions ['colcon_meta']
[0.207s] Level 1:colcon.colcon_core.package_identification:_identify(dataset/kitti/2011_09_26/2011_09_26_drive_0002_sync/velodyne_points/data) by extension 'colcon_meta'
[0.207s] Level 1:colcon.colcon_core.package_identification:_identify(dataset/kitti/2011_09_26/2011_09_26_drive_0002_sync/velodyne_points/data) by extensions ['ros']
[0.207s] Level 1:colcon.colcon_core.package_identification:_identify(dataset/kitti/2011_09_26/2011_09_26_drive_0002_sync/velodyne_points/data) by extension 'ros'
[0.207s] Level 1:colcon.colcon_core.package_identification:_identify(dataset/kitti/2011_09_26/2011_09_26_drive_0002_sync/velodyne_points/data) by extensions ['cmake', 'python']
[0.207s] Level 1:colcon.colcon_core.package_identification:_identify(dataset/kitti/2011_09_26/2011_09_26_drive_0002_sync/velodyne_points/data) by extension 'cmake'
[0.207s] Level 1:colcon.colcon_core.package_identification:_identify(dataset/kitti/2011_09_26/2011_09_26_drive_0002_sync/velodyne_points/data) by extension 'python'
[0.207s] Level 1:colcon.colcon_core.package_identification:_identify(dataset/kitti/2011_09_26/2011_09_26_drive_0002_sync/velodyne_points/data) by extensions ['python_setup_py']
[0.207s] Level 1:colcon.colcon_core.package_identification:_identify(dataset/kitti/2011_09_26/2011_09_26_drive_0002_sync/velodyne_points/data) by extension 'python_setup_py'
[0.207s] Level 1:colcon.colcon_core.package_identification:_identify(install) by extensions ['ignore', 'ignore_ament_install']
[0.207s] Level 1:colcon.colcon_core.package_identification:_identify(install) by extension 'ignore'
[0.207s] Level 1:colcon.colcon_core.package_identification:_identify(install) ignored
[0.207s] Level 1:colcon.colcon_core.package_identification:_identify(log) by extensions ['ignore', 'ignore_ament_install']
[0.207s] Level 1:colcon.colcon_core.package_identification:_identify(log) by extension 'ignore'
[0.207s] Level 1:colcon.colcon_core.package_identification:_identify(log) ignored
[0.207s] Level 1:colcon.colcon_core.package_identification:_identify(src) by extensions ['ignore', 'ignore_ament_install']
[0.207s] Level 1:colcon.colcon_core.package_identification:_identify(src) by extension 'ignore'
[0.207s] Level 1:colcon.colcon_core.package_identification:_identify(src) by extension 'ignore_ament_install'
[0.207s] Level 1:colcon.colcon_core.package_identification:_identify(src) by extensions ['colcon_pkg']
[0.207s] Level 1:colcon.colcon_core.package_identification:_identify(src) by extension 'colcon_pkg'
[0.207s] Level 1:colcon.colcon_core.package_identification:_identify(src) by extensions ['colcon_meta']
[0.207s] Level 1:colcon.colcon_core.package_identification:_identify(src) by extension 'colcon_meta'
[0.207s] Level 1:colcon.colcon_core.package_identification:_identify(src) by extensions ['ros']
[0.207s] Level 1:colcon.colcon_core.package_identification:_identify(src) by extension 'ros'
[0.207s] Level 1:colcon.colcon_core.package_identification:_identify(src) by extensions ['cmake', 'python']
[0.207s] Level 1:colcon.colcon_core.package_identification:_identify(src) by extension 'cmake'
[0.207s] Level 1:colcon.colcon_core.package_identification:_identify(src) by extension 'python'
[0.207s] Level 1:colcon.colcon_core.package_identification:_identify(src) by extensions ['python_setup_py']
[0.207s] Level 1:colcon.colcon_core.package_identification:_identify(src) by extension 'python_setup_py'
[0.207s] Level 1:colcon.colcon_core.package_identification:_identify(src/ros2KittiPub) by extensions ['ignore', 'ignore_ament_install']
[0.207s] Level 1:colcon.colcon_core.package_identification:_identify(src/ros2KittiPub) by extension 'ignore'
[0.207s] Level 1:colcon.colcon_core.package_identification:_identify(src/ros2KittiPub) by extension 'ignore_ament_install'
[0.207s] Level 1:colcon.colcon_core.package_identification:_identify(src/ros2KittiPub) by extensions ['colcon_pkg']
[0.207s] Level 1:colcon.colcon_core.package_identification:_identify(src/ros2KittiPub) by extension 'colcon_pkg'
[0.207s] Level 1:colcon.colcon_core.package_identification:_identify(src/ros2KittiPub) by extensions ['colcon_meta']
[0.207s] Level 1:colcon.colcon_core.package_identification:_identify(src/ros2KittiPub) by extension 'colcon_meta'
[0.208s] Level 1:colcon.colcon_core.package_identification:_identify(src/ros2KittiPub) by extensions ['ros']
[0.208s] Level 1:colcon.colcon_core.package_identification:_identify(src/ros2KittiPub) by extension 'ros'
[0.209s] DEBUG:colcon.colcon_core.package_identification:Package 'src/ros2KittiPub' with type 'ros.ament_cmake' and name 'ros2_kitti_publishers'
[0.209s] Level 1:colcon.colcon_core.package_discovery:discover_packages(recursive) using defaults
[0.209s] Level 1:colcon.colcon_core.package_discovery:discover_packages(ignore) discover
[0.209s] Level 1:colcon.colcon_core.package_discovery:discover_packages(ignore) using defaults
[0.209s] Level 1:colcon.colcon_core.package_discovery:discover_packages(path) discover
[0.209s] Level 1:colcon.colcon_core.package_discovery:discover_packages(path) using defaults
[0.222s] Level 1:colcon.colcon_core.package_discovery:discover_packages(prefix_path) check parameters
[0.222s] Level 1:colcon.colcon_core.package_discovery:discover_packages(prefix_path) discover
[0.223s] DEBUG:colcon.colcon_installed_package_information.package_discovery:Found 2 installed packages in /home/evan/cmpe295/install
[0.224s] DEBUG:colcon.colcon_installed_package_information.package_discovery:Found 338 installed packages in /opt/ros/humble
[0.224s] Level 1:colcon.colcon_core.package_discovery:discover_packages(prefix_path) using defaults
[0.255s] Level 5:colcon.colcon_core.verb:set package 'ros2_kitti_publishers' build argument 'cmake_args' from command line to 'None'
[0.255s] Level 5:colcon.colcon_core.verb:set package 'ros2_kitti_publishers' build argument 'cmake_target' from command line to 'None'
[0.255s] Level 5:colcon.colcon_core.verb:set package 'ros2_kitti_publishers' build argument 'cmake_target_skip_unavailable' from command line to 'False'
[0.255s] Level 5:colcon.colcon_core.verb:set package 'ros2_kitti_publishers' build argument 'cmake_clean_cache' from command line to 'True'
[0.255s] Level 5:colcon.colcon_core.verb:set package 'ros2_kitti_publishers' build argument 'cmake_clean_first' from command line to 'False'
[0.255s] Level 5:colcon.colcon_core.verb:set package 'ros2_kitti_publishers' build argument 'cmake_force_configure' from command line to 'False'
[0.255s] Level 5:colcon.colcon_core.verb:set package 'ros2_kitti_publishers' build argument 'ament_cmake_args' from command line to 'None'
[0.255s] Level 5:colcon.colcon_core.verb:set package 'ros2_kitti_publishers' build argument 'catkin_cmake_args' from command line to 'None'
[0.255s] Level 5:colcon.colcon_core.verb:set package 'ros2_kitti_publishers' build argument 'catkin_skip_building_tests' from command line to 'False'
[0.255s] DEBUG:colcon.colcon_core.verb:Building package 'ros2_kitti_publishers' with the following arguments: {'ament_cmake_args': None, 'build_base': '/home/evan/cmpe295/build/ros2_kitti_publishers', 'catkin_cmake_args': None, 'catkin_skip_building_tests': False, 'cmake_args': None, 'cmake_clean_cache': True, 'cmake_clean_first': False, 'cmake_force_configure': False, 'cmake_target': None, 'cmake_target_skip_unavailable': False, 'install_base': '/home/evan/cmpe295/install/ros2_kitti_publishers', 'merge_install': False, 'path': '/home/evan/cmpe295/src/ros2KittiPub', 'symlink_install': False, 'test_result_base': None}
[0.256s] INFO:colcon.colcon_core.executor:Executing jobs using 'parallel' executor
[0.257s] DEBUG:colcon.colcon_parallel_executor.executor.parallel:run_until_complete
[0.258s] INFO:colcon.colcon_ros.task.ament_cmake.build:Building ROS package in '/home/evan/cmpe295/src/ros2KittiPub' with build type 'ament_cmake'
[0.258s] INFO:colcon.colcon_cmake.task.cmake.build:Building CMake package in '/home/evan/cmpe295/src/ros2KittiPub'
[0.260s] INFO:colcon.colcon_core.plugin_system:Skipping extension 'colcon_core.shell.bat': Not used on non-Windows systems
[0.260s] INFO:colcon.colcon_core.shell:Skip shell extension 'powershell' for command environment: Not usable outside of PowerShell
[0.260s] DEBUG:colcon.colcon_core.shell:Skip shell extension 'dsv' for command environment
[0.265s] DEBUG:colcon.colcon_core.event_handler.log_command:Invoking command in '/home/evan/cmpe295/build/ros2_kitti_publishers': CMAKE_PREFIX_PATH=${CMAKE_PREFIX_PATH}:/opt/ros/humble /usr/bin/cmake /home/evan/cmpe295/src/ros2KittiPub -DCMAKE_INSTALL_PREFIX=/home/evan/cmpe295/install/ros2_kitti_publishers
[1.746s] DEBUG:colcon.colcon_core.event_handler.log_command:Invoked command in '/home/evan/cmpe295/build/ros2_kitti_publishers' returned '0': CMAKE_PREFIX_PATH=${CMAKE_PREFIX_PATH}:/opt/ros/humble /usr/bin/cmake /home/evan/cmpe295/src/ros2KittiPub -DCMAKE_INSTALL_PREFIX=/home/evan/cmpe295/install/ros2_kitti_publishers
[1.748s] DEBUG:colcon.colcon_core.event_handler.log_command:Invoking command in '/home/evan/cmpe295/build/ros2_kitti_publishers': CMAKE_PREFIX_PATH=${CMAKE_PREFIX_PATH}:/opt/ros/humble /usr/bin/cmake --build /home/evan/cmpe295/build/ros2_kitti_publishers -- -j20 -l20
[7.655s] DEBUG:colcon.colcon_core.event_handler.log_command:Invoked command in '/home/evan/cmpe295/build/ros2_kitti_publishers' returned '0': CMAKE_PREFIX_PATH=${CMAKE_PREFIX_PATH}:/opt/ros/humble /usr/bin/cmake --build /home/evan/cmpe295/build/ros2_kitti_publishers -- -j20 -l20
[7.676s] DEBUG:colcon.colcon_core.event_handler.log_command:Invoking command in '/home/evan/cmpe295/build/ros2_kitti_publishers': CMAKE_PREFIX_PATH=${CMAKE_PREFIX_PATH}:/opt/ros/humble /usr/bin/cmake --install /home/evan/cmpe295/build/ros2_kitti_publishers
[7.684s] Level 1:colcon.colcon_core.environment:create_environment_scripts_only(ros2_kitti_publishers)
[7.684s] DEBUG:colcon.colcon_core.event_handler.log_command:Invoked command in '/home/evan/cmpe295/build/ros2_kitti_publishers' returned '0': CMAKE_PREFIX_PATH=${CMAKE_PREFIX_PATH}:/opt/ros/humble /usr/bin/cmake --install /home/evan/cmpe295/build/ros2_kitti_publishers
[7.687s] Level 1:colcon.colcon_core.environment:checking '/home/evan/cmpe295/install/ros2_kitti_publishers' for CMake module files
[7.687s] Level 1:colcon.colcon_core.environment:checking '/home/evan/cmpe295/install/ros2_kitti_publishers' for CMake config files
[7.687s] Level 1:colcon.colcon_core.shell:create_environment_hook('ros2_kitti_publishers', 'cmake_prefix_path')
[7.688s] INFO:colcon.colcon_core.shell:Creating environment hook '/home/evan/cmpe295/install/ros2_kitti_publishers/share/ros2_kitti_publishers/hook/cmake_prefix_path.ps1'
[7.688s] INFO:colcon.colcon_core.shell:Creating environment descriptor '/home/evan/cmpe295/install/ros2_kitti_publishers/share/ros2_kitti_publishers/hook/cmake_prefix_path.dsv'
[7.689s] INFO:colcon.colcon_core.shell:Creating environment hook '/home/evan/cmpe295/install/ros2_kitti_publishers/share/ros2_kitti_publishers/hook/cmake_prefix_path.sh'
[7.689s] Level 1:colcon.colcon_core.environment:checking '/home/evan/cmpe295/install/ros2_kitti_publishers/lib'
[7.689s] Level 1:colcon.colcon_core.shell:create_environment_hook('ros2_kitti_publishers', 'ld_library_path_lib')
[7.690s] INFO:colcon.colcon_core.shell:Creating environment hook '/home/evan/cmpe295/install/ros2_kitti_publishers/share/ros2_kitti_publishers/hook/ld_library_path_lib.ps1'
[7.690s] INFO:colcon.colcon_core.shell:Creating environment descriptor '/home/evan/cmpe295/install/ros2_kitti_publishers/share/ros2_kitti_publishers/hook/ld_library_path_lib.dsv'
[7.690s] INFO:colcon.colcon_core.shell:Creating environment hook '/home/evan/cmpe295/install/ros2_kitti_publishers/share/ros2_kitti_publishers/hook/ld_library_path_lib.sh'
[7.690s] Level 1:colcon.colcon_core.environment:checking '/home/evan/cmpe295/install/ros2_kitti_publishers/bin'
[7.690s] Level 1:colcon.colcon_core.environment:checking '/home/evan/cmpe295/install/ros2_kitti_publishers/lib/pkgconfig/ros2_kitti_publishers.pc'
[7.690s] Level 1:colcon.colcon_core.environment:checking '/home/evan/cmpe295/install/ros2_kitti_publishers/lib/python3.10/site-packages'
[7.690s] Level 1:colcon.colcon_core.environment:checking '/home/evan/cmpe295/install/ros2_kitti_publishers/bin'
[7.691s] INFO:colcon.colcon_core.shell:Creating package script '/home/evan/cmpe295/install/ros2_kitti_publishers/share/ros2_kitti_publishers/package.ps1'
[7.691s] INFO:colcon.colcon_core.shell:Creating package descriptor '/home/evan/cmpe295/install/ros2_kitti_publishers/share/ros2_kitti_publishers/package.dsv'
[7.692s] INFO:colcon.colcon_core.shell:Creating package script '/home/evan/cmpe295/install/ros2_kitti_publishers/share/ros2_kitti_publishers/package.sh'
[7.692s] INFO:colcon.colcon_core.shell:Creating package script '/home/evan/cmpe295/install/ros2_kitti_publishers/share/ros2_kitti_publishers/package.bash'
[7.692s] INFO:colcon.colcon_core.shell:Creating package script '/home/evan/cmpe295/install/ros2_kitti_publishers/share/ros2_kitti_publishers/package.zsh'
[7.693s] Level 1:colcon.colcon_core.environment:create_file_with_runtime_dependencies(/home/evan/cmpe295/install/ros2_kitti_publishers/share/colcon-core/packages/ros2_kitti_publishers)
[7.708s] Level 1:colcon.colcon_core.environment:create_environment_scripts_only(ros2_kitti_publishers)
[7.709s] Level 1:colcon.colcon_core.environment:checking '/home/evan/cmpe295/install/ros2_kitti_publishers' for CMake module files
[7.709s] Level 1:colcon.colcon_core.environment:checking '/home/evan/cmpe295/install/ros2_kitti_publishers' for CMake config files
[7.709s] Level 1:colcon.colcon_core.shell:create_environment_hook('ros2_kitti_publishers', 'cmake_prefix_path')
[7.710s] INFO:colcon.colcon_core.shell:Creating environment hook '/home/evan/cmpe295/install/ros2_kitti_publishers/share/ros2_kitti_publishers/hook/cmake_prefix_path.ps1'
[7.710s] INFO:colcon.colcon_core.shell:Creating environment descriptor '/home/evan/cmpe295/install/ros2_kitti_publishers/share/ros2_kitti_publishers/hook/cmake_prefix_path.dsv'
[7.711s] INFO:colcon.colcon_core.shell:Creating environment hook '/home/evan/cmpe295/install/ros2_kitti_publishers/share/ros2_kitti_publishers/hook/cmake_prefix_path.sh'
[7.711s] Level 1:colcon.colcon_core.environment:checking '/home/evan/cmpe295/install/ros2_kitti_publishers/lib'
[7.711s] Level 1:colcon.colcon_core.shell:create_environment_hook('ros2_kitti_publishers', 'ld_library_path_lib')
[7.712s] INFO:colcon.colcon_core.shell:Creating environment hook '/home/evan/cmpe295/install/ros2_kitti_publishers/share/ros2_kitti_publishers/hook/ld_library_path_lib.ps1'
[7.712s] INFO:colcon.colcon_core.shell:Creating environment descriptor '/home/evan/cmpe295/install/ros2_kitti_publishers/share/ros2_kitti_publishers/hook/ld_library_path_lib.dsv'
[7.712s] INFO:colcon.colcon_core.shell:Creating environment hook '/home/evan/cmpe295/install/ros2_kitti_publishers/share/ros2_kitti_publishers/hook/ld_library_path_lib.sh'
[7.713s] Level 1:colcon.colcon_core.environment:checking '/home/evan/cmpe295/install/ros2_kitti_publishers/bin'
[7.713s] Level 1:colcon.colcon_core.environment:checking '/home/evan/cmpe295/install/ros2_kitti_publishers/lib/pkgconfig/ros2_kitti_publishers.pc'
[7.713s] Level 1:colcon.colcon_core.environment:checking '/home/evan/cmpe295/install/ros2_kitti_publishers/lib/python3.10/site-packages'
[7.713s] Level 1:colcon.colcon_core.environment:checking '/home/evan/cmpe295/install/ros2_kitti_publishers/bin'
[7.714s] INFO:colcon.colcon_core.shell:Creating package script '/home/evan/cmpe295/install/ros2_kitti_publishers/share/ros2_kitti_publishers/package.ps1'
[7.715s] INFO:colcon.colcon_core.shell:Creating package descriptor '/home/evan/cmpe295/install/ros2_kitti_publishers/share/ros2_kitti_publishers/package.dsv'
[7.715s] INFO:colcon.colcon_core.shell:Creating package script '/home/evan/cmpe295/install/ros2_kitti_publishers/share/ros2_kitti_publishers/package.sh'
[7.715s] INFO:colcon.colcon_core.shell:Creating package script '/home/evan/cmpe295/install/ros2_kitti_publishers/share/ros2_kitti_publishers/package.bash'
[7.715s] INFO:colcon.colcon_core.shell:Creating package script '/home/evan/cmpe295/install/ros2_kitti_publishers/share/ros2_kitti_publishers/package.zsh'
[7.716s] Level 1:colcon.colcon_core.environment:create_file_with_runtime_dependencies(/home/evan/cmpe295/install/ros2_kitti_publishers/share/colcon-core/packages/ros2_kitti_publishers)
[7.716s] DEBUG:colcon.colcon_parallel_executor.executor.parallel:closing loop
[7.716s] DEBUG:colcon.colcon_parallel_executor.executor.parallel:loop closed
[7.716s] DEBUG:colcon.colcon_parallel_executor.executor.parallel:run_until_complete finished with '0'
[7.716s] DEBUG:colcon.colcon_core.event_reactor:joining thread
[7.722s] INFO:colcon.colcon_core.plugin_system:Skipping extension 'colcon_notification.desktop_notification.terminal_notifier': Not used on non-Darwin systems
[7.722s] INFO:colcon.colcon_core.plugin_system:Skipping extension 'colcon_notification.desktop_notification.win32': Not used on non-Windows systems
[7.722s] INFO:colcon.colcon_notification.desktop_notification:Sending desktop notification using 'notify2'
[7.738s] DEBUG:colcon.colcon_core.event_reactor:joined thread
[7.740s] INFO:colcon.colcon_core.shell:Creating prefix script '/home/evan/cmpe295/install/local_setup.ps1'
[7.741s] INFO:colcon.colcon_core.shell:Creating prefix util module '/home/evan/cmpe295/install/_local_setup_util_ps1.py'
[7.742s] INFO:colcon.colcon_core.shell:Creating prefix chain script '/home/evan/cmpe295/install/setup.ps1'
[7.744s] INFO:colcon.colcon_core.shell:Creating prefix script '/home/evan/cmpe295/install/local_setup.sh'
[7.745s] INFO:colcon.colcon_core.shell:Creating prefix util module '/home/evan/cmpe295/install/_local_setup_util_sh.py'
[7.745s] INFO:colcon.colcon_core.shell:Creating prefix chain script '/home/evan/cmpe295/install/setup.sh'
[7.747s] INFO:colcon.colcon_core.shell:Creating prefix script '/home/evan/cmpe295/install/local_setup.bash'
[7.747s] INFO:colcon.colcon_core.shell:Creating prefix chain script '/home/evan/cmpe295/install/setup.bash'
[7.748s] INFO:colcon.colcon_core.shell:Creating prefix script '/home/evan/cmpe295/install/local_setup.zsh'
[7.749s] INFO:colcon.colcon_core.shell:Creating prefix chain script '/home/evan/cmpe295/install/setup.zsh'
