[0.178s] DEBUG:colcon:Command line arguments: ['/usr/bin/colcon', 'build', '--packages-select', 'kitti_publisher', '--symlink-install']
[0.178s] DEBUG:colcon:Parsed command line arguments: Namespace(log_base=None, log_level=None, verb_name='build', build_base='build', install_base='install', merge_install=False, symlink_install=True, test_result_base=None, continue_on_error=False, executor='parallel', parallel_workers=20, event_handlers=None, ignore_user_meta=False, metas=['./colcon.meta'], base_paths=['.'], packages_ignore=None, packages_ignore_regex=None, paths=None, packages_up_to=None, packages_up_to_regex=None, packages_above=None, packages_above_and_dependencies=None, packages_above_depth=None, packages_select_by_dep=None, packages_skip_by_dep=None, packages_skip_up_to=None, packages_select_build_failed=False, packages_skip_build_finished=False, packages_select_test_failures=False, packages_skip_test_passed=False, packages_select=['kitti_publisher'], packages_skip=None, packages_select_regex=None, packages_skip_regex=None, packages_start=None, packages_end=None, allow_overriding=[], cmake_args=None, cmake_target=None, cmake_target_skip_unavailable=False, cmake_clean_cache=False, cmake_clean_first=False, cmake_force_configure=False, ament_cmake_args=None, catkin_cmake_args=None, catkin_skip_building_tests=False, mixin_files=None, mixin=None, verb_parser=<colcon_mixin.mixin.mixin_argument.MixinArgumentDecorator object at 0x7fd5bb3249d0>, verb_extension=<colcon_core.verb.build.BuildVerb object at 0x7fd5bb3243d0>, main=<bound method BuildVerb.main of <colcon_core.verb.build.BuildVerb object at 0x7fd5bb3243d0>>, mixin_verb=('build',))
[0.189s] Level 1:colcon.colcon_core.package_discovery:discover_packages(colcon_meta) check parameters
[0.189s] Level 1:colcon.colcon_core.package_discovery:discover_packages(recursive) check parameters
[0.189s] Level 1:colcon.colcon_core.package_discovery:discover_packages(ignore) check parameters
[0.189s] Level 1:colcon.colcon_core.package_discovery:discover_packages(path) check parameters
[0.189s] Level 1:colcon.colcon_core.package_discovery:discover_packages(colcon_meta) discover
[0.190s] Level 1:colcon.colcon_core.package_discovery:discover_packages(recursive) discover
[0.190s] INFO:colcon.colcon_core.package_discovery:Crawling recursively for packages in '/home/evan/cmpe295'
[0.190s] Level 1:colcon.colcon_core.package_identification:_identify(.) by extensions ['ignore', 'ignore_ament_install']
[0.190s] Level 1:colcon.colcon_core.package_identification:_identify(.) by extension 'ignore'
[0.190s] Level 1:colcon.colcon_core.package_identification:_identify(.) by extension 'ignore_ament_install'
[0.190s] Level 1:colcon.colcon_core.package_identification:_identify(.) by extensions ['colcon_pkg']
[0.190s] Level 1:colcon.colcon_core.package_identification:_identify(.) by extension 'colcon_pkg'
[0.190s] Level 1:colcon.colcon_core.package_identification:_identify(.) by extensions ['colcon_meta']
[0.190s] Level 1:colcon.colcon_core.package_identification:_identify(.) by extension 'colcon_meta'
[0.190s] Level 1:colcon.colcon_core.package_identification:_identify(.) by extensions ['ros']
[0.190s] Level 1:colcon.colcon_core.package_identification:_identify(.) by extension 'ros'
[0.195s] Level 1:colcon.colcon_core.package_identification:_identify(.) by extensions ['cmake', 'python']
[0.195s] Level 1:colcon.colcon_core.package_identification:_identify(.) by extension 'cmake'
[0.195s] Level 1:colcon.colcon_core.package_identification:_identify(.) by extension 'python'
[0.195s] Level 1:colcon.colcon_core.package_identification:_identify(.) by extensions ['python_setup_py']
[0.195s] Level 1:colcon.colcon_core.package_identification:_identify(.) by extension 'python_setup_py'
[0.195s] Level 1:colcon.colcon_core.package_identification:_identify(build) by extensions ['ignore', 'ignore_ament_install']
[0.195s] Level 1:colcon.colcon_core.package_identification:_identify(build) by extension 'ignore'
[0.196s] Level 1:colcon.colcon_core.package_identification:_identify(build) ignored
[0.196s] Level 1:colcon.colcon_core.package_identification:_identify(dataset) by extensions ['ignore', 'ignore_ament_install']
[0.196s] Level 1:colcon.colcon_core.package_identification:_identify(dataset) by extension 'ignore'
[0.196s] Level 1:colcon.colcon_core.package_identification:_identify(dataset) by extension 'ignore_ament_install'
[0.196s] Level 1:colcon.colcon_core.package_identification:_identify(dataset) by extensions ['colcon_pkg']
[0.196s] Level 1:colcon.colcon_core.package_identification:_identify(dataset) by extension 'colcon_pkg'
[0.196s] Level 1:colcon.colcon_core.package_identification:_identify(dataset) by extensions ['colcon_meta']
[0.196s] Level 1:colcon.colcon_core.package_identification:_identify(dataset) by extension 'colcon_meta'
[0.196s] Level 1:colcon.colcon_core.package_identification:_identify(dataset) by extensions ['ros']
[0.196s] Level 1:colcon.colcon_core.package_identification:_identify(dataset) by extension 'ros'
[0.196s] Level 1:colcon.colcon_core.package_identification:_identify(dataset) by extensions ['cmake', 'python']
[0.196s] Level 1:colcon.colcon_core.package_identification:_identify(dataset) by extension 'cmake'
[0.196s] Level 1:colcon.colcon_core.package_identification:_identify(dataset) by extension 'python'
[0.196s] Level 1:colcon.colcon_core.package_identification:_identify(dataset) by extensions ['python_setup_py']
[0.196s] Level 1:colcon.colcon_core.package_identification:_identify(dataset) by extension 'python_setup_py'
[0.196s] Level 1:colcon.colcon_core.package_identification:_identify(dataset/kitti) by extensions ['ignore', 'ignore_ament_install']
[0.196s] Level 1:colcon.colcon_core.package_identification:_identify(dataset/kitti) by extension 'ignore'
[0.196s] Level 1:colcon.colcon_core.package_identification:_identify(dataset/kitti) by extension 'ignore_ament_install'
[0.196s] Level 1:colcon.colcon_core.package_identification:_identify(dataset/kitti) by extensions ['colcon_pkg']
[0.196s] Level 1:colcon.colcon_core.package_identification:_identify(dataset/kitti) by extension 'colcon_pkg'
[0.196s] Level 1:colcon.colcon_core.package_identification:_identify(dataset/kitti) by extensions ['colcon_meta']
[0.196s] Level 1:colcon.colcon_core.package_identification:_identify(dataset/kitti) by extension 'colcon_meta'
[0.196s] Level 1:colcon.colcon_core.package_identification:_identify(dataset/kitti) by extensions ['ros']
[0.196s] Level 1:colcon.colcon_core.package_identification:_identify(dataset/kitti) by extension 'ros'
[0.196s] Level 1:colcon.colcon_core.package_identification:_identify(dataset/kitti) by extensions ['cmake', 'python']
[0.196s] Level 1:colcon.colcon_core.package_identification:_identify(dataset/kitti) by extension 'cmake'
[0.196s] Level 1:colcon.colcon_core.package_identification:_identify(dataset/kitti) by extension 'python'
[0.196s] Level 1:colcon.colcon_core.package_identification:_identify(dataset/kitti) by extensions ['python_setup_py']
[0.196s] Level 1:colcon.colcon_core.package_identification:_identify(dataset/kitti) by extension 'python_setup_py'
[0.196s] Level 1:colcon.colcon_core.package_identification:_identify(dataset/kitti/2011_09_26) by extensions ['ignore', 'ignore_ament_install']
[0.196s] Level 1:colcon.colcon_core.package_identification:_identify(dataset/kitti/2011_09_26) by extension 'ignore'
[0.196s] Level 1:colcon.colcon_core.package_identification:_identify(dataset/kitti/2011_09_26) by extension 'ignore_ament_install'
[0.196s] Level 1:colcon.colcon_core.package_identification:_identify(dataset/kitti/2011_09_26) by extensions ['colcon_pkg']
[0.196s] Level 1:colcon.colcon_core.package_identification:_identify(dataset/kitti/2011_09_26) by extension 'colcon_pkg'
[0.196s] Level 1:colcon.colcon_core.package_identification:_identify(dataset/kitti/2011_09_26) by extensions ['colcon_meta']
[0.196s] Level 1:colcon.colcon_core.package_identification:_identify(dataset/kitti/2011_09_26) by extension 'colcon_meta'
[0.196s] Level 1:colcon.colcon_core.package_identification:_identify(dataset/kitti/2011_09_26) by extensions ['ros']
[0.196s] Level 1:colcon.colcon_core.package_identification:_identify(dataset/kitti/2011_09_26) by extension 'ros'
[0.196s] Level 1:colcon.colcon_core.package_identification:_identify(dataset/kitti/2011_09_26) by extensions ['cmake', 'python']
[0.196s] Level 1:colcon.colcon_core.package_identification:_identify(dataset/kitti/2011_09_26) by extension 'cmake'
[0.196s] Level 1:colcon.colcon_core.package_identification:_identify(dataset/kitti/2011_09_26) by extension 'python'
[0.196s] Level 1:colcon.colcon_core.package_identification:_identify(dataset/kitti/2011_09_26) by extensions ['python_setup_py']
[0.196s] Level 1:colcon.colcon_core.package_identification:_identify(dataset/kitti/2011_09_26) by extension 'python_setup_py'
[0.196s] Level 1:colcon.colcon_core.package_identification:_identify(dataset/kitti/2011_09_26/2011_09_26_drive_0001_sync) by extensions ['ignore', 'ignore_ament_install']
[0.196s] Level 1:colcon.colcon_core.package_identification:_identify(dataset/kitti/2011_09_26/2011_09_26_drive_0001_sync) by extension 'ignore'
[0.196s] Level 1:colcon.colcon_core.package_identification:_identify(dataset/kitti/2011_09_26/2011_09_26_drive_0001_sync) by extension 'ignore_ament_install'
[0.196s] Level 1:colcon.colcon_core.package_identification:_identify(dataset/kitti/2011_09_26/2011_09_26_drive_0001_sync) by extensions ['colcon_pkg']
[0.196s] Level 1:colcon.colcon_core.package_identification:_identify(dataset/kitti/2011_09_26/2011_09_26_drive_0001_sync) by extension 'colcon_pkg'
[0.196s] Level 1:colcon.colcon_core.package_identification:_identify(dataset/kitti/2011_09_26/2011_09_26_drive_0001_sync) by extensions ['colcon_meta']
[0.196s] Level 1:colcon.colcon_core.package_identification:_identify(dataset/kitti/2011_09_26/2011_09_26_drive_0001_sync) by extension 'colcon_meta'
[0.197s] Level 1:colcon.colcon_core.package_identification:_identify(dataset/kitti/2011_09_26/2011_09_26_drive_0001_sync) by extensions ['ros']
[0.197s] Level 1:colcon.colcon_core.package_identification:_identify(dataset/kitti/2011_09_26/2011_09_26_drive_0001_sync) by extension 'ros'
[0.197s] Level 1:colcon.colcon_core.package_identification:_identify(dataset/kitti/2011_09_26/2011_09_26_drive_0001_sync) by extensions ['cmake', 'python']
[0.197s] Level 1:colcon.colcon_core.package_identification:_identify(dataset/kitti/2011_09_26/2011_09_26_drive_0001_sync) by extension 'cmake'
[0.197s] Level 1:colcon.colcon_core.package_identification:_identify(dataset/kitti/2011_09_26/2011_09_26_drive_0001_sync) by extension 'python'
[0.197s] Level 1:colcon.colcon_core.package_identification:_identify(dataset/kitti/2011_09_26/2011_09_26_drive_0001_sync) by extensions ['python_setup_py']
[0.197s] Level 1:colcon.colcon_core.package_identification:_identify(dataset/kitti/2011_09_26/2011_09_26_drive_0001_sync) by extension 'python_setup_py'
[0.197s] Level 1:colcon.colcon_core.package_identification:_identify(dataset/kitti/2011_09_26/2011_09_26_drive_0001_sync/image_00) by extensions ['ignore', 'ignore_ament_install']
[0.197s] Level 1:colcon.colcon_core.package_identification:_identify(dataset/kitti/2011_09_26/2011_09_26_drive_0001_sync/image_00) by extension 'ignore'
[0.197s] Level 1:colcon.colcon_core.package_identification:_identify(dataset/kitti/2011_09_26/2011_09_26_drive_0001_sync/image_00) by extension 'ignore_ament_install'
[0.197s] Level 1:colcon.colcon_core.package_identification:_identify(dataset/kitti/2011_09_26/2011_09_26_drive_0001_sync/image_00) by extensions ['colcon_pkg']
[0.197s] Level 1:colcon.colcon_core.package_identification:_identify(dataset/kitti/2011_09_26/2011_09_26_drive_0001_sync/image_00) by extension 'colcon_pkg'
[0.197s] Level 1:colcon.colcon_core.package_identification:_identify(dataset/kitti/2011_09_26/2011_09_26_drive_0001_sync/image_00) by extensions ['colcon_meta']
[0.197s] Level 1:colcon.colcon_core.package_identification:_identify(dataset/kitti/2011_09_26/2011_09_26_drive_0001_sync/image_00) by extension 'colcon_meta'
[0.197s] Level 1:colcon.colcon_core.package_identification:_identify(dataset/kitti/2011_09_26/2011_09_26_drive_0001_sync/image_00) by extensions ['ros']
[0.197s] Level 1:colcon.colcon_core.package_identification:_identify(dataset/kitti/2011_09_26/2011_09_26_drive_0001_sync/image_00) by extension 'ros'
[0.197s] Level 1:colcon.colcon_core.package_identification:_identify(dataset/kitti/2011_09_26/2011_09_26_drive_0001_sync/image_00) by extensions ['cmake', 'python']
[0.197s] Level 1:colcon.colcon_core.package_identification:_identify(dataset/kitti/2011_09_26/2011_09_26_drive_0001_sync/image_00) by extension 'cmake'
[0.197s] Level 1:colcon.colcon_core.package_identification:_identify(dataset/kitti/2011_09_26/2011_09_26_drive_0001_sync/image_00) by extension 'python'
[0.197s] Level 1:colcon.colcon_core.package_identification:_identify(dataset/kitti/2011_09_26/2011_09_26_drive_0001_sync/image_00) by extensions ['python_setup_py']
[0.197s] Level 1:colcon.colcon_core.package_identification:_identify(dataset/kitti/2011_09_26/2011_09_26_drive_0001_sync/image_00) by extension 'python_setup_py'
[0.197s] Level 1:colcon.colcon_core.package_identification:_identify(dataset/kitti/2011_09_26/2011_09_26_drive_0001_sync/image_00/data) by extensions ['ignore', 'ignore_ament_install']
[0.197s] Level 1:colcon.colcon_core.package_identification:_identify(dataset/kitti/2011_09_26/2011_09_26_drive_0001_sync/image_00/data) by extension 'ignore'
[0.197s] Level 1:colcon.colcon_core.package_identification:_identify(dataset/kitti/2011_09_26/2011_09_26_drive_0001_sync/image_00/data) by extension 'ignore_ament_install'
[0.197s] Level 1:colcon.colcon_core.package_identification:_identify(dataset/kitti/2011_09_26/2011_09_26_drive_0001_sync/image_00/data) by extensions ['colcon_pkg']
[0.197s] Level 1:colcon.colcon_core.package_identification:_identify(dataset/kitti/2011_09_26/2011_09_26_drive_0001_sync/image_00/data) by extension 'colcon_pkg'
[0.197s] Level 1:colcon.colcon_core.package_identification:_identify(dataset/kitti/2011_09_26/2011_09_26_drive_0001_sync/image_00/data) by extensions ['colcon_meta']
[0.197s] Level 1:colcon.colcon_core.package_identification:_identify(dataset/kitti/2011_09_26/2011_09_26_drive_0001_sync/image_00/data) by extension 'colcon_meta'
[0.197s] Level 1:colcon.colcon_core.package_identification:_identify(dataset/kitti/2011_09_26/2011_09_26_drive_0001_sync/image_00/data) by extensions ['ros']
[0.197s] Level 1:colcon.colcon_core.package_identification:_identify(dataset/kitti/2011_09_26/2011_09_26_drive_0001_sync/image_00/data) by extension 'ros'
[0.197s] Level 1:colcon.colcon_core.package_identification:_identify(dataset/kitti/2011_09_26/2011_09_26_drive_0001_sync/image_00/data) by extensions ['cmake', 'python']
[0.197s] Level 1:colcon.colcon_core.package_identification:_identify(dataset/kitti/2011_09_26/2011_09_26_drive_0001_sync/image_00/data) by extension 'cmake'
[0.197s] Level 1:colcon.colcon_core.package_identification:_identify(dataset/kitti/2011_09_26/2011_09_26_drive_0001_sync/image_00/data) by extension 'python'
[0.197s] Level 1:colcon.colcon_core.package_identification:_identify(dataset/kitti/2011_09_26/2011_09_26_drive_0001_sync/image_00/data) by extensions ['python_setup_py']
[0.197s] Level 1:colcon.colcon_core.package_identification:_identify(dataset/kitti/2011_09_26/2011_09_26_drive_0001_sync/image_00/data) by extension 'python_setup_py'
[0.197s] Level 1:colcon.colcon_core.package_identification:_identify(dataset/kitti/2011_09_26/2011_09_26_drive_0001_sync/image_01) by extensions ['ignore', 'ignore_ament_install']
[0.197s] Level 1:colcon.colcon_core.package_identification:_identify(dataset/kitti/2011_09_26/2011_09_26_drive_0001_sync/image_01) by extension 'ignore'
[0.197s] Level 1:colcon.colcon_core.package_identification:_identify(dataset/kitti/2011_09_26/2011_09_26_drive_0001_sync/image_01) by extension 'ignore_ament_install'
[0.197s] Level 1:colcon.colcon_core.package_identification:_identify(dataset/kitti/2011_09_26/2011_09_26_drive_0001_sync/image_01) by extensions ['colcon_pkg']
[0.197s] Level 1:colcon.colcon_core.package_identification:_identify(dataset/kitti/2011_09_26/2011_09_26_drive_0001_sync/image_01) by extension 'colcon_pkg'
[0.197s] Level 1:colcon.colcon_core.package_identification:_identify(dataset/kitti/2011_09_26/2011_09_26_drive_0001_sync/image_01) by extensions ['colcon_meta']
[0.197s] Level 1:colcon.colcon_core.package_identification:_identify(dataset/kitti/2011_09_26/2011_09_26_drive_0001_sync/image_01) by extension 'colcon_meta'
[0.197s] Level 1:colcon.colcon_core.package_identification:_identify(dataset/kitti/2011_09_26/2011_09_26_drive_0001_sync/image_01) by extensions ['ros']
[0.197s] Level 1:colcon.colcon_core.package_identification:_identify(dataset/kitti/2011_09_26/2011_09_26_drive_0001_sync/image_01) by extension 'ros'
[0.197s] Level 1:colcon.colcon_core.package_identification:_identify(dataset/kitti/2011_09_26/2011_09_26_drive_0001_sync/image_01) by extensions ['cmake', 'python']
[0.197s] Level 1:colcon.colcon_core.package_identification:_identify(dataset/kitti/2011_09_26/2011_09_26_drive_0001_sync/image_01) by extension 'cmake'
[0.197s] Level 1:colcon.colcon_core.package_identification:_identify(dataset/kitti/2011_09_26/2011_09_26_drive_0001_sync/image_01) by extension 'python'
[0.197s] Level 1:colcon.colcon_core.package_identification:_identify(dataset/kitti/2011_09_26/2011_09_26_drive_0001_sync/image_01) by extensions ['python_setup_py']
[0.198s] Level 1:colcon.colcon_core.package_identification:_identify(dataset/kitti/2011_09_26/2011_09_26_drive_0001_sync/image_01) by extension 'python_setup_py'
[0.198s] Level 1:colcon.colcon_core.package_identification:_identify(dataset/kitti/2011_09_26/2011_09_26_drive_0001_sync/image_01/data) by extensions ['ignore', 'ignore_ament_install']
[0.198s] Level 1:colcon.colcon_core.package_identification:_identify(dataset/kitti/2011_09_26/2011_09_26_drive_0001_sync/image_01/data) by extension 'ignore'
[0.198s] Level 1:colcon.colcon_core.package_identification:_identify(dataset/kitti/2011_09_26/2011_09_26_drive_0001_sync/image_01/data) by extension 'ignore_ament_install'
[0.198s] Level 1:colcon.colcon_core.package_identification:_identify(dataset/kitti/2011_09_26/2011_09_26_drive_0001_sync/image_01/data) by extensions ['colcon_pkg']
[0.198s] Level 1:colcon.colcon_core.package_identification:_identify(dataset/kitti/2011_09_26/2011_09_26_drive_0001_sync/image_01/data) by extension 'colcon_pkg'
[0.198s] Level 1:colcon.colcon_core.package_identification:_identify(dataset/kitti/2011_09_26/2011_09_26_drive_0001_sync/image_01/data) by extensions ['colcon_meta']
[0.198s] Level 1:colcon.colcon_core.package_identification:_identify(dataset/kitti/2011_09_26/2011_09_26_drive_0001_sync/image_01/data) by extension 'colcon_meta'
[0.198s] Level 1:colcon.colcon_core.package_identification:_identify(dataset/kitti/2011_09_26/2011_09_26_drive_0001_sync/image_01/data) by extensions ['ros']
[0.198s] Level 1:colcon.colcon_core.package_identification:_identify(dataset/kitti/2011_09_26/2011_09_26_drive_0001_sync/image_01/data) by extension 'ros'
[0.198s] Level 1:colcon.colcon_core.package_identification:_identify(dataset/kitti/2011_09_26/2011_09_26_drive_0001_sync/image_01/data) by extensions ['cmake', 'python']
[0.198s] Level 1:colcon.colcon_core.package_identification:_identify(dataset/kitti/2011_09_26/2011_09_26_drive_0001_sync/image_01/data) by extension 'cmake'
[0.198s] Level 1:colcon.colcon_core.package_identification:_identify(dataset/kitti/2011_09_26/2011_09_26_drive_0001_sync/image_01/data) by extension 'python'
[0.198s] Level 1:colcon.colcon_core.package_identification:_identify(dataset/kitti/2011_09_26/2011_09_26_drive_0001_sync/image_01/data) by extensions ['python_setup_py']
[0.198s] Level 1:colcon.colcon_core.package_identification:_identify(dataset/kitti/2011_09_26/2011_09_26_drive_0001_sync/image_01/data) by extension 'python_setup_py'
[0.198s] Level 1:colcon.colcon_core.package_identification:_identify(dataset/kitti/2011_09_26/2011_09_26_drive_0001_sync/image_02) by extensions ['ignore', 'ignore_ament_install']
[0.198s] Level 1:colcon.colcon_core.package_identification:_identify(dataset/kitti/2011_09_26/2011_09_26_drive_0001_sync/image_02) by extension 'ignore'
[0.198s] Level 1:colcon.colcon_core.package_identification:_identify(dataset/kitti/2011_09_26/2011_09_26_drive_0001_sync/image_02) by extension 'ignore_ament_install'
[0.198s] Level 1:colcon.colcon_core.package_identification:_identify(dataset/kitti/2011_09_26/2011_09_26_drive_0001_sync/image_02) by extensions ['colcon_pkg']
[0.198s] Level 1:colcon.colcon_core.package_identification:_identify(dataset/kitti/2011_09_26/2011_09_26_drive_0001_sync/image_02) by extension 'colcon_pkg'
[0.198s] Level 1:colcon.colcon_core.package_identification:_identify(dataset/kitti/2011_09_26/2011_09_26_drive_0001_sync/image_02) by extensions ['colcon_meta']
[0.198s] Level 1:colcon.colcon_core.package_identification:_identify(dataset/kitti/2011_09_26/2011_09_26_drive_0001_sync/image_02) by extension 'colcon_meta'
[0.198s] Level 1:colcon.colcon_core.package_identification:_identify(dataset/kitti/2011_09_26/2011_09_26_drive_0001_sync/image_02) by extensions ['ros']
[0.198s] Level 1:colcon.colcon_core.package_identification:_identify(dataset/kitti/2011_09_26/2011_09_26_drive_0001_sync/image_02) by extension 'ros'
[0.198s] Level 1:colcon.colcon_core.package_identification:_identify(dataset/kitti/2011_09_26/2011_09_26_drive_0001_sync/image_02) by extensions ['cmake', 'python']
[0.198s] Level 1:colcon.colcon_core.package_identification:_identify(dataset/kitti/2011_09_26/2011_09_26_drive_0001_sync/image_02) by extension 'cmake'
[0.198s] Level 1:colcon.colcon_core.package_identification:_identify(dataset/kitti/2011_09_26/2011_09_26_drive_0001_sync/image_02) by extension 'python'
[0.198s] Level 1:colcon.colcon_core.package_identification:_identify(dataset/kitti/2011_09_26/2011_09_26_drive_0001_sync/image_02) by extensions ['python_setup_py']
[0.198s] Level 1:colcon.colcon_core.package_identification:_identify(dataset/kitti/2011_09_26/2011_09_26_drive_0001_sync/image_02) by extension 'python_setup_py'
[0.198s] Level 1:colcon.colcon_core.package_identification:_identify(dataset/kitti/2011_09_26/2011_09_26_drive_0001_sync/image_02/data) by extensions ['ignore', 'ignore_ament_install']
[0.198s] Level 1:colcon.colcon_core.package_identification:_identify(dataset/kitti/2011_09_26/2011_09_26_drive_0001_sync/image_02/data) by extension 'ignore'
[0.198s] Level 1:colcon.colcon_core.package_identification:_identify(dataset/kitti/2011_09_26/2011_09_26_drive_0001_sync/image_02/data) by extension 'ignore_ament_install'
[0.198s] Level 1:colcon.colcon_core.package_identification:_identify(dataset/kitti/2011_09_26/2011_09_26_drive_0001_sync/image_02/data) by extensions ['colcon_pkg']
[0.198s] Level 1:colcon.colcon_core.package_identification:_identify(dataset/kitti/2011_09_26/2011_09_26_drive_0001_sync/image_02/data) by extension 'colcon_pkg'
[0.198s] Level 1:colcon.colcon_core.package_identification:_identify(dataset/kitti/2011_09_26/2011_09_26_drive_0001_sync/image_02/data) by extensions ['colcon_meta']
[0.198s] Level 1:colcon.colcon_core.package_identification:_identify(dataset/kitti/2011_09_26/2011_09_26_drive_0001_sync/image_02/data) by extension 'colcon_meta'
[0.198s] Level 1:colcon.colcon_core.package_identification:_identify(dataset/kitti/2011_09_26/2011_09_26_drive_0001_sync/image_02/data) by extensions ['ros']
[0.198s] Level 1:colcon.colcon_core.package_identification:_identify(dataset/kitti/2011_09_26/2011_09_26_drive_0001_sync/image_02/data) by extension 'ros'
[0.198s] Level 1:colcon.colcon_core.package_identification:_identify(dataset/kitti/2011_09_26/2011_09_26_drive_0001_sync/image_02/data) by extensions ['cmake', 'python']
[0.198s] Level 1:colcon.colcon_core.package_identification:_identify(dataset/kitti/2011_09_26/2011_09_26_drive_0001_sync/image_02/data) by extension 'cmake'
[0.198s] Level 1:colcon.colcon_core.package_identification:_identify(dataset/kitti/2011_09_26/2011_09_26_drive_0001_sync/image_02/data) by extension 'python'
[0.198s] Level 1:colcon.colcon_core.package_identification:_identify(dataset/kitti/2011_09_26/2011_09_26_drive_0001_sync/image_02/data) by extensions ['python_setup_py']
[0.198s] Level 1:colcon.colcon_core.package_identification:_identify(dataset/kitti/2011_09_26/2011_09_26_drive_0001_sync/image_02/data) by extension 'python_setup_py'
[0.198s] Level 1:colcon.colcon_core.package_identification:_identify(dataset/kitti/2011_09_26/2011_09_26_drive_0001_sync/image_03) by extensions ['ignore', 'ignore_ament_install']
[0.198s] Level 1:colcon.colcon_core.package_identification:_identify(dataset/kitti/2011_09_26/2011_09_26_drive_0001_sync/image_03) by extension 'ignore'
[0.198s] Level 1:colcon.colcon_core.package_identification:_identify(dataset/kitti/2011_09_26/2011_09_26_drive_0001_sync/image_03) by extension 'ignore_ament_install'
[0.199s] Level 1:colcon.colcon_core.package_identification:_identify(dataset/kitti/2011_09_26/2011_09_26_drive_0001_sync/image_03) by extensions ['colcon_pkg']
[0.199s] Level 1:colcon.colcon_core.package_identification:_identify(dataset/kitti/2011_09_26/2011_09_26_drive_0001_sync/image_03) by extension 'colcon_pkg'
[0.199s] Level 1:colcon.colcon_core.package_identification:_identify(dataset/kitti/2011_09_26/2011_09_26_drive_0001_sync/image_03) by extensions ['colcon_meta']
[0.199s] Level 1:colcon.colcon_core.package_identification:_identify(dataset/kitti/2011_09_26/2011_09_26_drive_0001_sync/image_03) by extension 'colcon_meta'
[0.199s] Level 1:colcon.colcon_core.package_identification:_identify(dataset/kitti/2011_09_26/2011_09_26_drive_0001_sync/image_03) by extensions ['ros']
[0.199s] Level 1:colcon.colcon_core.package_identification:_identify(dataset/kitti/2011_09_26/2011_09_26_drive_0001_sync/image_03) by extension 'ros'
[0.199s] Level 1:colcon.colcon_core.package_identification:_identify(dataset/kitti/2011_09_26/2011_09_26_drive_0001_sync/image_03) by extensions ['cmake', 'python']
[0.199s] Level 1:colcon.colcon_core.package_identification:_identify(dataset/kitti/2011_09_26/2011_09_26_drive_0001_sync/image_03) by extension 'cmake'
[0.199s] Level 1:colcon.colcon_core.package_identification:_identify(dataset/kitti/2011_09_26/2011_09_26_drive_0001_sync/image_03) by extension 'python'
[0.199s] Level 1:colcon.colcon_core.package_identification:_identify(dataset/kitti/2011_09_26/2011_09_26_drive_0001_sync/image_03) by extensions ['python_setup_py']
[0.199s] Level 1:colcon.colcon_core.package_identification:_identify(dataset/kitti/2011_09_26/2011_09_26_drive_0001_sync/image_03) by extension 'python_setup_py'
[0.199s] Level 1:colcon.colcon_core.package_identification:_identify(dataset/kitti/2011_09_26/2011_09_26_drive_0001_sync/image_03/data) by extensions ['ignore', 'ignore_ament_install']
[0.199s] Level 1:colcon.colcon_core.package_identification:_identify(dataset/kitti/2011_09_26/2011_09_26_drive_0001_sync/image_03/data) by extension 'ignore'
[0.199s] Level 1:colcon.colcon_core.package_identification:_identify(dataset/kitti/2011_09_26/2011_09_26_drive_0001_sync/image_03/data) by extension 'ignore_ament_install'
[0.199s] Level 1:colcon.colcon_core.package_identification:_identify(dataset/kitti/2011_09_26/2011_09_26_drive_0001_sync/image_03/data) by extensions ['colcon_pkg']
[0.199s] Level 1:colcon.colcon_core.package_identification:_identify(dataset/kitti/2011_09_26/2011_09_26_drive_0001_sync/image_03/data) by extension 'colcon_pkg'
[0.199s] Level 1:colcon.colcon_core.package_identification:_identify(dataset/kitti/2011_09_26/2011_09_26_drive_0001_sync/image_03/data) by extensions ['colcon_meta']
[0.199s] Level 1:colcon.colcon_core.package_identification:_identify(dataset/kitti/2011_09_26/2011_09_26_drive_0001_sync/image_03/data) by extension 'colcon_meta'
[0.199s] Level 1:colcon.colcon_core.package_identification:_identify(dataset/kitti/2011_09_26/2011_09_26_drive_0001_sync/image_03/data) by extensions ['ros']
[0.199s] Level 1:colcon.colcon_core.package_identification:_identify(dataset/kitti/2011_09_26/2011_09_26_drive_0001_sync/image_03/data) by extension 'ros'
[0.199s] Level 1:colcon.colcon_core.package_identification:_identify(dataset/kitti/2011_09_26/2011_09_26_drive_0001_sync/image_03/data) by extensions ['cmake', 'python']
[0.199s] Level 1:colcon.colcon_core.package_identification:_identify(dataset/kitti/2011_09_26/2011_09_26_drive_0001_sync/image_03/data) by extension 'cmake'
[0.199s] Level 1:colcon.colcon_core.package_identification:_identify(dataset/kitti/2011_09_26/2011_09_26_drive_0001_sync/image_03/data) by extension 'python'
[0.199s] Level 1:colcon.colcon_core.package_identification:_identify(dataset/kitti/2011_09_26/2011_09_26_drive_0001_sync/image_03/data) by extensions ['python_setup_py']
[0.199s] Level 1:colcon.colcon_core.package_identification:_identify(dataset/kitti/2011_09_26/2011_09_26_drive_0001_sync/image_03/data) by extension 'python_setup_py'
[0.199s] Level 1:colcon.colcon_core.package_identification:_identify(dataset/kitti/2011_09_26/2011_09_26_drive_0001_sync/oxts) by extensions ['ignore', 'ignore_ament_install']
[0.199s] Level 1:colcon.colcon_core.package_identification:_identify(dataset/kitti/2011_09_26/2011_09_26_drive_0001_sync/oxts) by extension 'ignore'
[0.199s] Level 1:colcon.colcon_core.package_identification:_identify(dataset/kitti/2011_09_26/2011_09_26_drive_0001_sync/oxts) by extension 'ignore_ament_install'
[0.199s] Level 1:colcon.colcon_core.package_identification:_identify(dataset/kitti/2011_09_26/2011_09_26_drive_0001_sync/oxts) by extensions ['colcon_pkg']
[0.199s] Level 1:colcon.colcon_core.package_identification:_identify(dataset/kitti/2011_09_26/2011_09_26_drive_0001_sync/oxts) by extension 'colcon_pkg'
[0.199s] Level 1:colcon.colcon_core.package_identification:_identify(dataset/kitti/2011_09_26/2011_09_26_drive_0001_sync/oxts) by extensions ['colcon_meta']
[0.199s] Level 1:colcon.colcon_core.package_identification:_identify(dataset/kitti/2011_09_26/2011_09_26_drive_0001_sync/oxts) by extension 'colcon_meta'
[0.199s] Level 1:colcon.colcon_core.package_identification:_identify(dataset/kitti/2011_09_26/2011_09_26_drive_0001_sync/oxts) by extensions ['ros']
[0.199s] Level 1:colcon.colcon_core.package_identification:_identify(dataset/kitti/2011_09_26/2011_09_26_drive_0001_sync/oxts) by extension 'ros'
[0.199s] Level 1:colcon.colcon_core.package_identification:_identify(dataset/kitti/2011_09_26/2011_09_26_drive_0001_sync/oxts) by extensions ['cmake', 'python']
[0.199s] Level 1:colcon.colcon_core.package_identification:_identify(dataset/kitti/2011_09_26/2011_09_26_drive_0001_sync/oxts) by extension 'cmake'
[0.199s] Level 1:colcon.colcon_core.package_identification:_identify(dataset/kitti/2011_09_26/2011_09_26_drive_0001_sync/oxts) by extension 'python'
[0.199s] Level 1:colcon.colcon_core.package_identification:_identify(dataset/kitti/2011_09_26/2011_09_26_drive_0001_sync/oxts) by extensions ['python_setup_py']
[0.199s] Level 1:colcon.colcon_core.package_identification:_identify(dataset/kitti/2011_09_26/2011_09_26_drive_0001_sync/oxts) by extension 'python_setup_py'
[0.199s] Level 1:colcon.colcon_core.package_identification:_identify(dataset/kitti/2011_09_26/2011_09_26_drive_0001_sync/oxts/data) by extensions ['ignore', 'ignore_ament_install']
[0.199s] Level 1:colcon.colcon_core.package_identification:_identify(dataset/kitti/2011_09_26/2011_09_26_drive_0001_sync/oxts/data) by extension 'ignore'
[0.199s] Level 1:colcon.colcon_core.package_identification:_identify(dataset/kitti/2011_09_26/2011_09_26_drive_0001_sync/oxts/data) by extension 'ignore_ament_install'
[0.199s] Level 1:colcon.colcon_core.package_identification:_identify(dataset/kitti/2011_09_26/2011_09_26_drive_0001_sync/oxts/data) by extensions ['colcon_pkg']
[0.199s] Level 1:colcon.colcon_core.package_identification:_identify(dataset/kitti/2011_09_26/2011_09_26_drive_0001_sync/oxts/data) by extension 'colcon_pkg'
[0.199s] Level 1:colcon.colcon_core.package_identification:_identify(dataset/kitti/2011_09_26/2011_09_26_drive_0001_sync/oxts/data) by extensions ['colcon_meta']
[0.199s] Level 1:colcon.colcon_core.package_identification:_identify(dataset/kitti/2011_09_26/2011_09_26_drive_0001_sync/oxts/data) by extension 'colcon_meta'
[0.199s] Level 1:colcon.colcon_core.package_identification:_identify(dataset/kitti/2011_09_26/2011_09_26_drive_0001_sync/oxts/data) by extensions ['ros']
[0.199s] Level 1:colcon.colcon_core.package_identification:_identify(dataset/kitti/2011_09_26/2011_09_26_drive_0001_sync/oxts/data) by extension 'ros'
[0.199s] Level 1:colcon.colcon_core.package_identification:_identify(dataset/kitti/2011_09_26/2011_09_26_drive_0001_sync/oxts/data) by extensions ['cmake', 'python']
[0.200s] Level 1:colcon.colcon_core.package_identification:_identify(dataset/kitti/2011_09_26/2011_09_26_drive_0001_sync/oxts/data) by extension 'cmake'
[0.200s] Level 1:colcon.colcon_core.package_identification:_identify(dataset/kitti/2011_09_26/2011_09_26_drive_0001_sync/oxts/data) by extension 'python'
[0.200s] Level 1:colcon.colcon_core.package_identification:_identify(dataset/kitti/2011_09_26/2011_09_26_drive_0001_sync/oxts/data) by extensions ['python_setup_py']
[0.200s] Level 1:colcon.colcon_core.package_identification:_identify(dataset/kitti/2011_09_26/2011_09_26_drive_0001_sync/oxts/data) by extension 'python_setup_py'
[0.200s] Level 1:colcon.colcon_core.package_identification:_identify(dataset/kitti/2011_09_26/2011_09_26_drive_0001_sync/velodyne_points) by extensions ['ignore', 'ignore_ament_install']
[0.200s] Level 1:colcon.colcon_core.package_identification:_identify(dataset/kitti/2011_09_26/2011_09_26_drive_0001_sync/velodyne_points) by extension 'ignore'
[0.200s] Level 1:colcon.colcon_core.package_identification:_identify(dataset/kitti/2011_09_26/2011_09_26_drive_0001_sync/velodyne_points) by extension 'ignore_ament_install'
[0.200s] Level 1:colcon.colcon_core.package_identification:_identify(dataset/kitti/2011_09_26/2011_09_26_drive_0001_sync/velodyne_points) by extensions ['colcon_pkg']
[0.200s] Level 1:colcon.colcon_core.package_identification:_identify(dataset/kitti/2011_09_26/2011_09_26_drive_0001_sync/velodyne_points) by extension 'colcon_pkg'
[0.200s] Level 1:colcon.colcon_core.package_identification:_identify(dataset/kitti/2011_09_26/2011_09_26_drive_0001_sync/velodyne_points) by extensions ['colcon_meta']
[0.200s] Level 1:colcon.colcon_core.package_identification:_identify(dataset/kitti/2011_09_26/2011_09_26_drive_0001_sync/velodyne_points) by extension 'colcon_meta'
[0.200s] Level 1:colcon.colcon_core.package_identification:_identify(dataset/kitti/2011_09_26/2011_09_26_drive_0001_sync/velodyne_points) by extensions ['ros']
[0.200s] Level 1:colcon.colcon_core.package_identification:_identify(dataset/kitti/2011_09_26/2011_09_26_drive_0001_sync/velodyne_points) by extension 'ros'
[0.200s] Level 1:colcon.colcon_core.package_identification:_identify(dataset/kitti/2011_09_26/2011_09_26_drive_0001_sync/velodyne_points) by extensions ['cmake', 'python']
[0.200s] Level 1:colcon.colcon_core.package_identification:_identify(dataset/kitti/2011_09_26/2011_09_26_drive_0001_sync/velodyne_points) by extension 'cmake'
[0.200s] Level 1:colcon.colcon_core.package_identification:_identify(dataset/kitti/2011_09_26/2011_09_26_drive_0001_sync/velodyne_points) by extension 'python'
[0.200s] Level 1:colcon.colcon_core.package_identification:_identify(dataset/kitti/2011_09_26/2011_09_26_drive_0001_sync/velodyne_points) by extensions ['python_setup_py']
[0.200s] Level 1:colcon.colcon_core.package_identification:_identify(dataset/kitti/2011_09_26/2011_09_26_drive_0001_sync/velodyne_points) by extension 'python_setup_py'
[0.200s] Level 1:colcon.colcon_core.package_identification:_identify(dataset/kitti/2011_09_26/2011_09_26_drive_0001_sync/velodyne_points/data) by extensions ['ignore', 'ignore_ament_install']
[0.200s] Level 1:colcon.colcon_core.package_identification:_identify(dataset/kitti/2011_09_26/2011_09_26_drive_0001_sync/velodyne_points/data) by extension 'ignore'
[0.200s] Level 1:colcon.colcon_core.package_identification:_identify(dataset/kitti/2011_09_26/2011_09_26_drive_0001_sync/velodyne_points/data) by extension 'ignore_ament_install'
[0.200s] Level 1:colcon.colcon_core.package_identification:_identify(dataset/kitti/2011_09_26/2011_09_26_drive_0001_sync/velodyne_points/data) by extensions ['colcon_pkg']
[0.200s] Level 1:colcon.colcon_core.package_identification:_identify(dataset/kitti/2011_09_26/2011_09_26_drive_0001_sync/velodyne_points/data) by extension 'colcon_pkg'
[0.200s] Level 1:colcon.colcon_core.package_identification:_identify(dataset/kitti/2011_09_26/2011_09_26_drive_0001_sync/velodyne_points/data) by extensions ['colcon_meta']
[0.200s] Level 1:colcon.colcon_core.package_identification:_identify(dataset/kitti/2011_09_26/2011_09_26_drive_0001_sync/velodyne_points/data) by extension 'colcon_meta'
[0.200s] Level 1:colcon.colcon_core.package_identification:_identify(dataset/kitti/2011_09_26/2011_09_26_drive_0001_sync/velodyne_points/data) by extensions ['ros']
[0.200s] Level 1:colcon.colcon_core.package_identification:_identify(dataset/kitti/2011_09_26/2011_09_26_drive_0001_sync/velodyne_points/data) by extension 'ros'
[0.200s] Level 1:colcon.colcon_core.package_identification:_identify(dataset/kitti/2011_09_26/2011_09_26_drive_0001_sync/velodyne_points/data) by extensions ['cmake', 'python']
[0.200s] Level 1:colcon.colcon_core.package_identification:_identify(dataset/kitti/2011_09_26/2011_09_26_drive_0001_sync/velodyne_points/data) by extension 'cmake'
[0.200s] Level 1:colcon.colcon_core.package_identification:_identify(dataset/kitti/2011_09_26/2011_09_26_drive_0001_sync/velodyne_points/data) by extension 'python'
[0.200s] Level 1:colcon.colcon_core.package_identification:_identify(dataset/kitti/2011_09_26/2011_09_26_drive_0001_sync/velodyne_points/data) by extensions ['python_setup_py']
[0.200s] Level 1:colcon.colcon_core.package_identification:_identify(dataset/kitti/2011_09_26/2011_09_26_drive_0001_sync/velodyne_points/data) by extension 'python_setup_py'
[0.200s] Level 1:colcon.colcon_core.package_identification:_identify(dataset/kitti/2011_09_26/2011_09_26_drive_0002_sync) by extensions ['ignore', 'ignore_ament_install']
[0.200s] Level 1:colcon.colcon_core.package_identification:_identify(dataset/kitti/2011_09_26/2011_09_26_drive_0002_sync) by extension 'ignore'
[0.200s] Level 1:colcon.colcon_core.package_identification:_identify(dataset/kitti/2011_09_26/2011_09_26_drive_0002_sync) by extension 'ignore_ament_install'
[0.200s] Level 1:colcon.colcon_core.package_identification:_identify(dataset/kitti/2011_09_26/2011_09_26_drive_0002_sync) by extensions ['colcon_pkg']
[0.200s] Level 1:colcon.colcon_core.package_identification:_identify(dataset/kitti/2011_09_26/2011_09_26_drive_0002_sync) by extension 'colcon_pkg'
[0.200s] Level 1:colcon.colcon_core.package_identification:_identify(dataset/kitti/2011_09_26/2011_09_26_drive_0002_sync) by extensions ['colcon_meta']
[0.200s] Level 1:colcon.colcon_core.package_identification:_identify(dataset/kitti/2011_09_26/2011_09_26_drive_0002_sync) by extension 'colcon_meta'
[0.200s] Level 1:colcon.colcon_core.package_identification:_identify(dataset/kitti/2011_09_26/2011_09_26_drive_0002_sync) by extensions ['ros']
[0.200s] Level 1:colcon.colcon_core.package_identification:_identify(dataset/kitti/2011_09_26/2011_09_26_drive_0002_sync) by extension 'ros'
[0.200s] Level 1:colcon.colcon_core.package_identification:_identify(dataset/kitti/2011_09_26/2011_09_26_drive_0002_sync) by extensions ['cmake', 'python']
[0.200s] Level 1:colcon.colcon_core.package_identification:_identify(dataset/kitti/2011_09_26/2011_09_26_drive_0002_sync) by extension 'cmake'
[0.200s] Level 1:colcon.colcon_core.package_identification:_identify(dataset/kitti/2011_09_26/2011_09_26_drive_0002_sync) by extension 'python'
[0.200s] Level 1:colcon.colcon_core.package_identification:_identify(dataset/kitti/2011_09_26/2011_09_26_drive_0002_sync) by extensions ['python_setup_py']
[0.200s] Level 1:colcon.colcon_core.package_identification:_identify(dataset/kitti/2011_09_26/2011_09_26_drive_0002_sync) by extension 'python_setup_py'
[0.200s] Level 1:colcon.colcon_core.package_identification:_identify(dataset/kitti/2011_09_26/2011_09_26_drive_0002_sync/image_00) by extensions ['ignore', 'ignore_ament_install']
[0.200s] Level 1:colcon.colcon_core.package_identification:_identify(dataset/kitti/2011_09_26/2011_09_26_drive_0002_sync/image_00) by extension 'ignore'
[0.200s] Level 1:colcon.colcon_core.package_identification:_identify(dataset/kitti/2011_09_26/2011_09_26_drive_0002_sync/image_00) by extension 'ignore_ament_install'
[0.201s] Level 1:colcon.colcon_core.package_identification:_identify(dataset/kitti/2011_09_26/2011_09_26_drive_0002_sync/image_00) by extensions ['colcon_pkg']
[0.201s] Level 1:colcon.colcon_core.package_identification:_identify(dataset/kitti/2011_09_26/2011_09_26_drive_0002_sync/image_00) by extension 'colcon_pkg'
[0.201s] Level 1:colcon.colcon_core.package_identification:_identify(dataset/kitti/2011_09_26/2011_09_26_drive_0002_sync/image_00) by extensions ['colcon_meta']
[0.201s] Level 1:colcon.colcon_core.package_identification:_identify(dataset/kitti/2011_09_26/2011_09_26_drive_0002_sync/image_00) by extension 'colcon_meta'
[0.201s] Level 1:colcon.colcon_core.package_identification:_identify(dataset/kitti/2011_09_26/2011_09_26_drive_0002_sync/image_00) by extensions ['ros']
[0.201s] Level 1:colcon.colcon_core.package_identification:_identify(dataset/kitti/2011_09_26/2011_09_26_drive_0002_sync/image_00) by extension 'ros'
[0.201s] Level 1:colcon.colcon_core.package_identification:_identify(dataset/kitti/2011_09_26/2011_09_26_drive_0002_sync/image_00) by extensions ['cmake', 'python']
[0.201s] Level 1:colcon.colcon_core.package_identification:_identify(dataset/kitti/2011_09_26/2011_09_26_drive_0002_sync/image_00) by extension 'cmake'
[0.201s] Level 1:colcon.colcon_core.package_identification:_identify(dataset/kitti/2011_09_26/2011_09_26_drive_0002_sync/image_00) by extension 'python'
[0.201s] Level 1:colcon.colcon_core.package_identification:_identify(dataset/kitti/2011_09_26/2011_09_26_drive_0002_sync/image_00) by extensions ['python_setup_py']
[0.201s] Level 1:colcon.colcon_core.package_identification:_identify(dataset/kitti/2011_09_26/2011_09_26_drive_0002_sync/image_00) by extension 'python_setup_py'
[0.201s] Level 1:colcon.colcon_core.package_identification:_identify(dataset/kitti/2011_09_26/2011_09_26_drive_0002_sync/image_00/data) by extensions ['ignore', 'ignore_ament_install']
[0.201s] Level 1:colcon.colcon_core.package_identification:_identify(dataset/kitti/2011_09_26/2011_09_26_drive_0002_sync/image_00/data) by extension 'ignore'
[0.201s] Level 1:colcon.colcon_core.package_identification:_identify(dataset/kitti/2011_09_26/2011_09_26_drive_0002_sync/image_00/data) by extension 'ignore_ament_install'
[0.201s] Level 1:colcon.colcon_core.package_identification:_identify(dataset/kitti/2011_09_26/2011_09_26_drive_0002_sync/image_00/data) by extensions ['colcon_pkg']
[0.201s] Level 1:colcon.colcon_core.package_identification:_identify(dataset/kitti/2011_09_26/2011_09_26_drive_0002_sync/image_00/data) by extension 'colcon_pkg'
[0.201s] Level 1:colcon.colcon_core.package_identification:_identify(dataset/kitti/2011_09_26/2011_09_26_drive_0002_sync/image_00/data) by extensions ['colcon_meta']
[0.201s] Level 1:colcon.colcon_core.package_identification:_identify(dataset/kitti/2011_09_26/2011_09_26_drive_0002_sync/image_00/data) by extension 'colcon_meta'
[0.201s] Level 1:colcon.colcon_core.package_identification:_identify(dataset/kitti/2011_09_26/2011_09_26_drive_0002_sync/image_00/data) by extensions ['ros']
[0.201s] Level 1:colcon.colcon_core.package_identification:_identify(dataset/kitti/2011_09_26/2011_09_26_drive_0002_sync/image_00/data) by extension 'ros'
[0.201s] Level 1:colcon.colcon_core.package_identification:_identify(dataset/kitti/2011_09_26/2011_09_26_drive_0002_sync/image_00/data) by extensions ['cmake', 'python']
[0.201s] Level 1:colcon.colcon_core.package_identification:_identify(dataset/kitti/2011_09_26/2011_09_26_drive_0002_sync/image_00/data) by extension 'cmake'
[0.201s] Level 1:colcon.colcon_core.package_identification:_identify(dataset/kitti/2011_09_26/2011_09_26_drive_0002_sync/image_00/data) by extension 'python'
[0.201s] Level 1:colcon.colcon_core.package_identification:_identify(dataset/kitti/2011_09_26/2011_09_26_drive_0002_sync/image_00/data) by extensions ['python_setup_py']
[0.201s] Level 1:colcon.colcon_core.package_identification:_identify(dataset/kitti/2011_09_26/2011_09_26_drive_0002_sync/image_00/data) by extension 'python_setup_py'
[0.201s] Level 1:colcon.colcon_core.package_identification:_identify(dataset/kitti/2011_09_26/2011_09_26_drive_0002_sync/image_01) by extensions ['ignore', 'ignore_ament_install']
[0.201s] Level 1:colcon.colcon_core.package_identification:_identify(dataset/kitti/2011_09_26/2011_09_26_drive_0002_sync/image_01) by extension 'ignore'
[0.201s] Level 1:colcon.colcon_core.package_identification:_identify(dataset/kitti/2011_09_26/2011_09_26_drive_0002_sync/image_01) by extension 'ignore_ament_install'
[0.201s] Level 1:colcon.colcon_core.package_identification:_identify(dataset/kitti/2011_09_26/2011_09_26_drive_0002_sync/image_01) by extensions ['colcon_pkg']
[0.201s] Level 1:colcon.colcon_core.package_identification:_identify(dataset/kitti/2011_09_26/2011_09_26_drive_0002_sync/image_01) by extension 'colcon_pkg'
[0.201s] Level 1:colcon.colcon_core.package_identification:_identify(dataset/kitti/2011_09_26/2011_09_26_drive_0002_sync/image_01) by extensions ['colcon_meta']
[0.201s] Level 1:colcon.colcon_core.package_identification:_identify(dataset/kitti/2011_09_26/2011_09_26_drive_0002_sync/image_01) by extension 'colcon_meta'
[0.201s] Level 1:colcon.colcon_core.package_identification:_identify(dataset/kitti/2011_09_26/2011_09_26_drive_0002_sync/image_01) by extensions ['ros']
[0.201s] Level 1:colcon.colcon_core.package_identification:_identify(dataset/kitti/2011_09_26/2011_09_26_drive_0002_sync/image_01) by extension 'ros'
[0.201s] Level 1:colcon.colcon_core.package_identification:_identify(dataset/kitti/2011_09_26/2011_09_26_drive_0002_sync/image_01) by extensions ['cmake', 'python']
[0.201s] Level 1:colcon.colcon_core.package_identification:_identify(dataset/kitti/2011_09_26/2011_09_26_drive_0002_sync/image_01) by extension 'cmake'
[0.201s] Level 1:colcon.colcon_core.package_identification:_identify(dataset/kitti/2011_09_26/2011_09_26_drive_0002_sync/image_01) by extension 'python'
[0.201s] Level 1:colcon.colcon_core.package_identification:_identify(dataset/kitti/2011_09_26/2011_09_26_drive_0002_sync/image_01) by extensions ['python_setup_py']
[0.201s] Level 1:colcon.colcon_core.package_identification:_identify(dataset/kitti/2011_09_26/2011_09_26_drive_0002_sync/image_01) by extension 'python_setup_py'
[0.201s] Level 1:colcon.colcon_core.package_identification:_identify(dataset/kitti/2011_09_26/2011_09_26_drive_0002_sync/image_01/data) by extensions ['ignore', 'ignore_ament_install']
[0.201s] Level 1:colcon.colcon_core.package_identification:_identify(dataset/kitti/2011_09_26/2011_09_26_drive_0002_sync/image_01/data) by extension 'ignore'
[0.201s] Level 1:colcon.colcon_core.package_identification:_identify(dataset/kitti/2011_09_26/2011_09_26_drive_0002_sync/image_01/data) by extension 'ignore_ament_install'
[0.201s] Level 1:colcon.colcon_core.package_identification:_identify(dataset/kitti/2011_09_26/2011_09_26_drive_0002_sync/image_01/data) by extensions ['colcon_pkg']
[0.201s] Level 1:colcon.colcon_core.package_identification:_identify(dataset/kitti/2011_09_26/2011_09_26_drive_0002_sync/image_01/data) by extension 'colcon_pkg'
[0.201s] Level 1:colcon.colcon_core.package_identification:_identify(dataset/kitti/2011_09_26/2011_09_26_drive_0002_sync/image_01/data) by extensions ['colcon_meta']
[0.201s] Level 1:colcon.colcon_core.package_identification:_identify(dataset/kitti/2011_09_26/2011_09_26_drive_0002_sync/image_01/data) by extension 'colcon_meta'
[0.201s] Level 1:colcon.colcon_core.package_identification:_identify(dataset/kitti/2011_09_26/2011_09_26_drive_0002_sync/image_01/data) by extensions ['ros']
[0.201s] Level 1:colcon.colcon_core.package_identification:_identify(dataset/kitti/2011_09_26/2011_09_26_drive_0002_sync/image_01/data) by extension 'ros'
[0.202s] Level 1:colcon.colcon_core.package_identification:_identify(dataset/kitti/2011_09_26/2011_09_26_drive_0002_sync/image_01/data) by extensions ['cmake', 'python']
[0.202s] Level 1:colcon.colcon_core.package_identification:_identify(dataset/kitti/2011_09_26/2011_09_26_drive_0002_sync/image_01/data) by extension 'cmake'
[0.202s] Level 1:colcon.colcon_core.package_identification:_identify(dataset/kitti/2011_09_26/2011_09_26_drive_0002_sync/image_01/data) by extension 'python'
[0.202s] Level 1:colcon.colcon_core.package_identification:_identify(dataset/kitti/2011_09_26/2011_09_26_drive_0002_sync/image_01/data) by extensions ['python_setup_py']
[0.202s] Level 1:colcon.colcon_core.package_identification:_identify(dataset/kitti/2011_09_26/2011_09_26_drive_0002_sync/image_01/data) by extension 'python_setup_py'
[0.202s] Level 1:colcon.colcon_core.package_identification:_identify(dataset/kitti/2011_09_26/2011_09_26_drive_0002_sync/image_02) by extensions ['ignore', 'ignore_ament_install']
[0.202s] Level 1:colcon.colcon_core.package_identification:_identify(dataset/kitti/2011_09_26/2011_09_26_drive_0002_sync/image_02) by extension 'ignore'
[0.202s] Level 1:colcon.colcon_core.package_identification:_identify(dataset/kitti/2011_09_26/2011_09_26_drive_0002_sync/image_02) by extension 'ignore_ament_install'
[0.202s] Level 1:colcon.colcon_core.package_identification:_identify(dataset/kitti/2011_09_26/2011_09_26_drive_0002_sync/image_02) by extensions ['colcon_pkg']
[0.202s] Level 1:colcon.colcon_core.package_identification:_identify(dataset/kitti/2011_09_26/2011_09_26_drive_0002_sync/image_02) by extension 'colcon_pkg'
[0.202s] Level 1:colcon.colcon_core.package_identification:_identify(dataset/kitti/2011_09_26/2011_09_26_drive_0002_sync/image_02) by extensions ['colcon_meta']
[0.202s] Level 1:colcon.colcon_core.package_identification:_identify(dataset/kitti/2011_09_26/2011_09_26_drive_0002_sync/image_02) by extension 'colcon_meta'
[0.202s] Level 1:colcon.colcon_core.package_identification:_identify(dataset/kitti/2011_09_26/2011_09_26_drive_0002_sync/image_02) by extensions ['ros']
[0.202s] Level 1:colcon.colcon_core.package_identification:_identify(dataset/kitti/2011_09_26/2011_09_26_drive_0002_sync/image_02) by extension 'ros'
[0.202s] Level 1:colcon.colcon_core.package_identification:_identify(dataset/kitti/2011_09_26/2011_09_26_drive_0002_sync/image_02) by extensions ['cmake', 'python']
[0.202s] Level 1:colcon.colcon_core.package_identification:_identify(dataset/kitti/2011_09_26/2011_09_26_drive_0002_sync/image_02) by extension 'cmake'
[0.202s] Level 1:colcon.colcon_core.package_identification:_identify(dataset/kitti/2011_09_26/2011_09_26_drive_0002_sync/image_02) by extension 'python'
[0.202s] Level 1:colcon.colcon_core.package_identification:_identify(dataset/kitti/2011_09_26/2011_09_26_drive_0002_sync/image_02) by extensions ['python_setup_py']
[0.202s] Level 1:colcon.colcon_core.package_identification:_identify(dataset/kitti/2011_09_26/2011_09_26_drive_0002_sync/image_02) by extension 'python_setup_py'
[0.202s] Level 1:colcon.colcon_core.package_identification:_identify(dataset/kitti/2011_09_26/2011_09_26_drive_0002_sync/image_02/data) by extensions ['ignore', 'ignore_ament_install']
[0.202s] Level 1:colcon.colcon_core.package_identification:_identify(dataset/kitti/2011_09_26/2011_09_26_drive_0002_sync/image_02/data) by extension 'ignore'
[0.202s] Level 1:colcon.colcon_core.package_identification:_identify(dataset/kitti/2011_09_26/2011_09_26_drive_0002_sync/image_02/data) by extension 'ignore_ament_install'
[0.202s] Level 1:colcon.colcon_core.package_identification:_identify(dataset/kitti/2011_09_26/2011_09_26_drive_0002_sync/image_02/data) by extensions ['colcon_pkg']
[0.202s] Level 1:colcon.colcon_core.package_identification:_identify(dataset/kitti/2011_09_26/2011_09_26_drive_0002_sync/image_02/data) by extension 'colcon_pkg'
[0.202s] Level 1:colcon.colcon_core.package_identification:_identify(dataset/kitti/2011_09_26/2011_09_26_drive_0002_sync/image_02/data) by extensions ['colcon_meta']
[0.202s] Level 1:colcon.colcon_core.package_identification:_identify(dataset/kitti/2011_09_26/2011_09_26_drive_0002_sync/image_02/data) by extension 'colcon_meta'
[0.202s] Level 1:colcon.colcon_core.package_identification:_identify(dataset/kitti/2011_09_26/2011_09_26_drive_0002_sync/image_02/data) by extensions ['ros']
[0.202s] Level 1:colcon.colcon_core.package_identification:_identify(dataset/kitti/2011_09_26/2011_09_26_drive_0002_sync/image_02/data) by extension 'ros'
[0.202s] Level 1:colcon.colcon_core.package_identification:_identify(dataset/kitti/2011_09_26/2011_09_26_drive_0002_sync/image_02/data) by extensions ['cmake', 'python']
[0.202s] Level 1:colcon.colcon_core.package_identification:_identify(dataset/kitti/2011_09_26/2011_09_26_drive_0002_sync/image_02/data) by extension 'cmake'
[0.202s] Level 1:colcon.colcon_core.package_identification:_identify(dataset/kitti/2011_09_26/2011_09_26_drive_0002_sync/image_02/data) by extension 'python'
[0.202s] Level 1:colcon.colcon_core.package_identification:_identify(dataset/kitti/2011_09_26/2011_09_26_drive_0002_sync/image_02/data) by extensions ['python_setup_py']
[0.202s] Level 1:colcon.colcon_core.package_identification:_identify(dataset/kitti/2011_09_26/2011_09_26_drive_0002_sync/image_02/data) by extension 'python_setup_py'
[0.202s] Level 1:colcon.colcon_core.package_identification:_identify(dataset/kitti/2011_09_26/2011_09_26_drive_0002_sync/image_03) by extensions ['ignore', 'ignore_ament_install']
[0.202s] Level 1:colcon.colcon_core.package_identification:_identify(dataset/kitti/2011_09_26/2011_09_26_drive_0002_sync/image_03) by extension 'ignore'
[0.202s] Level 1:colcon.colcon_core.package_identification:_identify(dataset/kitti/2011_09_26/2011_09_26_drive_0002_sync/image_03) by extension 'ignore_ament_install'
[0.202s] Level 1:colcon.colcon_core.package_identification:_identify(dataset/kitti/2011_09_26/2011_09_26_drive_0002_sync/image_03) by extensions ['colcon_pkg']
[0.202s] Level 1:colcon.colcon_core.package_identification:_identify(dataset/kitti/2011_09_26/2011_09_26_drive_0002_sync/image_03) by extension 'colcon_pkg'
[0.202s] Level 1:colcon.colcon_core.package_identification:_identify(dataset/kitti/2011_09_26/2011_09_26_drive_0002_sync/image_03) by extensions ['colcon_meta']
[0.202s] Level 1:colcon.colcon_core.package_identification:_identify(dataset/kitti/2011_09_26/2011_09_26_drive_0002_sync/image_03) by extension 'colcon_meta'
[0.202s] Level 1:colcon.colcon_core.package_identification:_identify(dataset/kitti/2011_09_26/2011_09_26_drive_0002_sync/image_03) by extensions ['ros']
[0.202s] Level 1:colcon.colcon_core.package_identification:_identify(dataset/kitti/2011_09_26/2011_09_26_drive_0002_sync/image_03) by extension 'ros'
[0.202s] Level 1:colcon.colcon_core.package_identification:_identify(dataset/kitti/2011_09_26/2011_09_26_drive_0002_sync/image_03) by extensions ['cmake', 'python']
[0.202s] Level 1:colcon.colcon_core.package_identification:_identify(dataset/kitti/2011_09_26/2011_09_26_drive_0002_sync/image_03) by extension 'cmake'
[0.202s] Level 1:colcon.colcon_core.package_identification:_identify(dataset/kitti/2011_09_26/2011_09_26_drive_0002_sync/image_03) by extension 'python'
[0.202s] Level 1:colcon.colcon_core.package_identification:_identify(dataset/kitti/2011_09_26/2011_09_26_drive_0002_sync/image_03) by extensions ['python_setup_py']
[0.202s] Level 1:colcon.colcon_core.package_identification:_identify(dataset/kitti/2011_09_26/2011_09_26_drive_0002_sync/image_03) by extension 'python_setup_py'
[0.202s] Level 1:colcon.colcon_core.package_identification:_identify(dataset/kitti/2011_09_26/2011_09_26_drive_0002_sync/image_03/data) by extensions ['ignore', 'ignore_ament_install']
[0.202s] Level 1:colcon.colcon_core.package_identification:_identify(dataset/kitti/2011_09_26/2011_09_26_drive_0002_sync/image_03/data) by extension 'ignore'
[0.202s] Level 1:colcon.colcon_core.package_identification:_identify(dataset/kitti/2011_09_26/2011_09_26_drive_0002_sync/image_03/data) by extension 'ignore_ament_install'
[0.203s] Level 1:colcon.colcon_core.package_identification:_identify(dataset/kitti/2011_09_26/2011_09_26_drive_0002_sync/image_03/data) by extensions ['colcon_pkg']
[0.203s] Level 1:colcon.colcon_core.package_identification:_identify(dataset/kitti/2011_09_26/2011_09_26_drive_0002_sync/image_03/data) by extension 'colcon_pkg'
[0.203s] Level 1:colcon.colcon_core.package_identification:_identify(dataset/kitti/2011_09_26/2011_09_26_drive_0002_sync/image_03/data) by extensions ['colcon_meta']
[0.203s] Level 1:colcon.colcon_core.package_identification:_identify(dataset/kitti/2011_09_26/2011_09_26_drive_0002_sync/image_03/data) by extension 'colcon_meta'
[0.203s] Level 1:colcon.colcon_core.package_identification:_identify(dataset/kitti/2011_09_26/2011_09_26_drive_0002_sync/image_03/data) by extensions ['ros']
[0.203s] Level 1:colcon.colcon_core.package_identification:_identify(dataset/kitti/2011_09_26/2011_09_26_drive_0002_sync/image_03/data) by extension 'ros'
[0.203s] Level 1:colcon.colcon_core.package_identification:_identify(dataset/kitti/2011_09_26/2011_09_26_drive_0002_sync/image_03/data) by extensions ['cmake', 'python']
[0.203s] Level 1:colcon.colcon_core.package_identification:_identify(dataset/kitti/2011_09_26/2011_09_26_drive_0002_sync/image_03/data) by extension 'cmake'
[0.203s] Level 1:colcon.colcon_core.package_identification:_identify(dataset/kitti/2011_09_26/2011_09_26_drive_0002_sync/image_03/data) by extension 'python'
[0.203s] Level 1:colcon.colcon_core.package_identification:_identify(dataset/kitti/2011_09_26/2011_09_26_drive_0002_sync/image_03/data) by extensions ['python_setup_py']
[0.203s] Level 1:colcon.colcon_core.package_identification:_identify(dataset/kitti/2011_09_26/2011_09_26_drive_0002_sync/image_03/data) by extension 'python_setup_py'
[0.203s] Level 1:colcon.colcon_core.package_identification:_identify(dataset/kitti/2011_09_26/2011_09_26_drive_0002_sync/oxts) by extensions ['ignore', 'ignore_ament_install']
[0.203s] Level 1:colcon.colcon_core.package_identification:_identify(dataset/kitti/2011_09_26/2011_09_26_drive_0002_sync/oxts) by extension 'ignore'
[0.203s] Level 1:colcon.colcon_core.package_identification:_identify(dataset/kitti/2011_09_26/2011_09_26_drive_0002_sync/oxts) by extension 'ignore_ament_install'
[0.203s] Level 1:colcon.colcon_core.package_identification:_identify(dataset/kitti/2011_09_26/2011_09_26_drive_0002_sync/oxts) by extensions ['colcon_pkg']
[0.203s] Level 1:colcon.colcon_core.package_identification:_identify(dataset/kitti/2011_09_26/2011_09_26_drive_0002_sync/oxts) by extension 'colcon_pkg'
[0.203s] Level 1:colcon.colcon_core.package_identification:_identify(dataset/kitti/2011_09_26/2011_09_26_drive_0002_sync/oxts) by extensions ['colcon_meta']
[0.203s] Level 1:colcon.colcon_core.package_identification:_identify(dataset/kitti/2011_09_26/2011_09_26_drive_0002_sync/oxts) by extension 'colcon_meta'
[0.203s] Level 1:colcon.colcon_core.package_identification:_identify(dataset/kitti/2011_09_26/2011_09_26_drive_0002_sync/oxts) by extensions ['ros']
[0.203s] Level 1:colcon.colcon_core.package_identification:_identify(dataset/kitti/2011_09_26/2011_09_26_drive_0002_sync/oxts) by extension 'ros'
[0.203s] Level 1:colcon.colcon_core.package_identification:_identify(dataset/kitti/2011_09_26/2011_09_26_drive_0002_sync/oxts) by extensions ['cmake', 'python']
[0.203s] Level 1:colcon.colcon_core.package_identification:_identify(dataset/kitti/2011_09_26/2011_09_26_drive_0002_sync/oxts) by extension 'cmake'
[0.203s] Level 1:colcon.colcon_core.package_identification:_identify(dataset/kitti/2011_09_26/2011_09_26_drive_0002_sync/oxts) by extension 'python'
[0.203s] Level 1:colcon.colcon_core.package_identification:_identify(dataset/kitti/2011_09_26/2011_09_26_drive_0002_sync/oxts) by extensions ['python_setup_py']
[0.203s] Level 1:colcon.colcon_core.package_identification:_identify(dataset/kitti/2011_09_26/2011_09_26_drive_0002_sync/oxts) by extension 'python_setup_py'
[0.203s] Level 1:colcon.colcon_core.package_identification:_identify(dataset/kitti/2011_09_26/2011_09_26_drive_0002_sync/oxts/data) by extensions ['ignore', 'ignore_ament_install']
[0.203s] Level 1:colcon.colcon_core.package_identification:_identify(dataset/kitti/2011_09_26/2011_09_26_drive_0002_sync/oxts/data) by extension 'ignore'
[0.203s] Level 1:colcon.colcon_core.package_identification:_identify(dataset/kitti/2011_09_26/2011_09_26_drive_0002_sync/oxts/data) by extension 'ignore_ament_install'
[0.203s] Level 1:colcon.colcon_core.package_identification:_identify(dataset/kitti/2011_09_26/2011_09_26_drive_0002_sync/oxts/data) by extensions ['colcon_pkg']
[0.203s] Level 1:colcon.colcon_core.package_identification:_identify(dataset/kitti/2011_09_26/2011_09_26_drive_0002_sync/oxts/data) by extension 'colcon_pkg'
[0.203s] Level 1:colcon.colcon_core.package_identification:_identify(dataset/kitti/2011_09_26/2011_09_26_drive_0002_sync/oxts/data) by extensions ['colcon_meta']
[0.203s] Level 1:colcon.colcon_core.package_identification:_identify(dataset/kitti/2011_09_26/2011_09_26_drive_0002_sync/oxts/data) by extension 'colcon_meta'
[0.203s] Level 1:colcon.colcon_core.package_identification:_identify(dataset/kitti/2011_09_26/2011_09_26_drive_0002_sync/oxts/data) by extensions ['ros']
[0.203s] Level 1:colcon.colcon_core.package_identification:_identify(dataset/kitti/2011_09_26/2011_09_26_drive_0002_sync/oxts/data) by extension 'ros'
[0.203s] Level 1:colcon.colcon_core.package_identification:_identify(dataset/kitti/2011_09_26/2011_09_26_drive_0002_sync/oxts/data) by extensions ['cmake', 'python']
[0.203s] Level 1:colcon.colcon_core.package_identification:_identify(dataset/kitti/2011_09_26/2011_09_26_drive_0002_sync/oxts/data) by extension 'cmake'
[0.203s] Level 1:colcon.colcon_core.package_identification:_identify(dataset/kitti/2011_09_26/2011_09_26_drive_0002_sync/oxts/data) by extension 'python'
[0.203s] Level 1:colcon.colcon_core.package_identification:_identify(dataset/kitti/2011_09_26/2011_09_26_drive_0002_sync/oxts/data) by extensions ['python_setup_py']
[0.203s] Level 1:colcon.colcon_core.package_identification:_identify(dataset/kitti/2011_09_26/2011_09_26_drive_0002_sync/oxts/data) by extension 'python_setup_py'
[0.203s] Level 1:colcon.colcon_core.package_identification:_identify(dataset/kitti/2011_09_26/2011_09_26_drive_0002_sync/velodyne_points) by extensions ['ignore', 'ignore_ament_install']
[0.203s] Level 1:colcon.colcon_core.package_identification:_identify(dataset/kitti/2011_09_26/2011_09_26_drive_0002_sync/velodyne_points) by extension 'ignore'
[0.203s] Level 1:colcon.colcon_core.package_identification:_identify(dataset/kitti/2011_09_26/2011_09_26_drive_0002_sync/velodyne_points) by extension 'ignore_ament_install'
[0.203s] Level 1:colcon.colcon_core.package_identification:_identify(dataset/kitti/2011_09_26/2011_09_26_drive_0002_sync/velodyne_points) by extensions ['colcon_pkg']
[0.203s] Level 1:colcon.colcon_core.package_identification:_identify(dataset/kitti/2011_09_26/2011_09_26_drive_0002_sync/velodyne_points) by extension 'colcon_pkg'
[0.203s] Level 1:colcon.colcon_core.package_identification:_identify(dataset/kitti/2011_09_26/2011_09_26_drive_0002_sync/velodyne_points) by extensions ['colcon_meta']
[0.203s] Level 1:colcon.colcon_core.package_identification:_identify(dataset/kitti/2011_09_26/2011_09_26_drive_0002_sync/velodyne_points) by extension 'colcon_meta'
[0.203s] Level 1:colcon.colcon_core.package_identification:_identify(dataset/kitti/2011_09_26/2011_09_26_drive_0002_sync/velodyne_points) by extensions ['ros']
[0.203s] Level 1:colcon.colcon_core.package_identification:_identify(dataset/kitti/2011_09_26/2011_09_26_drive_0002_sync/velodyne_points) by extension 'ros'
[0.203s] Level 1:colcon.colcon_core.package_identification:_identify(dataset/kitti/2011_09_26/2011_09_26_drive_0002_sync/velodyne_points) by extensions ['cmake', 'python']
[0.203s] Level 1:colcon.colcon_core.package_identification:_identify(dataset/kitti/2011_09_26/2011_09_26_drive_0002_sync/velodyne_points) by extension 'cmake'
[0.203s] Level 1:colcon.colcon_core.package_identification:_identify(dataset/kitti/2011_09_26/2011_09_26_drive_0002_sync/velodyne_points) by extension 'python'
[0.203s] Level 1:colcon.colcon_core.package_identification:_identify(dataset/kitti/2011_09_26/2011_09_26_drive_0002_sync/velodyne_points) by extensions ['python_setup_py']
[0.203s] Level 1:colcon.colcon_core.package_identification:_identify(dataset/kitti/2011_09_26/2011_09_26_drive_0002_sync/velodyne_points) by extension 'python_setup_py'
[0.204s] Level 1:colcon.colcon_core.package_identification:_identify(dataset/kitti/2011_09_26/2011_09_26_drive_0002_sync/velodyne_points/data) by extensions ['ignore', 'ignore_ament_install']
[0.204s] Level 1:colcon.colcon_core.package_identification:_identify(dataset/kitti/2011_09_26/2011_09_26_drive_0002_sync/velodyne_points/data) by extension 'ignore'
[0.204s] Level 1:colcon.colcon_core.package_identification:_identify(dataset/kitti/2011_09_26/2011_09_26_drive_0002_sync/velodyne_points/data) by extension 'ignore_ament_install'
[0.204s] Level 1:colcon.colcon_core.package_identification:_identify(dataset/kitti/2011_09_26/2011_09_26_drive_0002_sync/velodyne_points/data) by extensions ['colcon_pkg']
[0.204s] Level 1:colcon.colcon_core.package_identification:_identify(dataset/kitti/2011_09_26/2011_09_26_drive_0002_sync/velodyne_points/data) by extension 'colcon_pkg'
[0.204s] Level 1:colcon.colcon_core.package_identification:_identify(dataset/kitti/2011_09_26/2011_09_26_drive_0002_sync/velodyne_points/data) by extensions ['colcon_meta']
[0.204s] Level 1:colcon.colcon_core.package_identification:_identify(dataset/kitti/2011_09_26/2011_09_26_drive_0002_sync/velodyne_points/data) by extension 'colcon_meta'
[0.204s] Level 1:colcon.colcon_core.package_identification:_identify(dataset/kitti/2011_09_26/2011_09_26_drive_0002_sync/velodyne_points/data) by extensions ['ros']
[0.204s] Level 1:colcon.colcon_core.package_identification:_identify(dataset/kitti/2011_09_26/2011_09_26_drive_0002_sync/velodyne_points/data) by extension 'ros'
[0.204s] Level 1:colcon.colcon_core.package_identification:_identify(dataset/kitti/2011_09_26/2011_09_26_drive_0002_sync/velodyne_points/data) by extensions ['cmake', 'python']
[0.204s] Level 1:colcon.colcon_core.package_identification:_identify(dataset/kitti/2011_09_26/2011_09_26_drive_0002_sync/velodyne_points/data) by extension 'cmake'
[0.204s] Level 1:colcon.colcon_core.package_identification:_identify(dataset/kitti/2011_09_26/2011_09_26_drive_0002_sync/velodyne_points/data) by extension 'python'
[0.204s] Level 1:colcon.colcon_core.package_identification:_identify(dataset/kitti/2011_09_26/2011_09_26_drive_0002_sync/velodyne_points/data) by extensions ['python_setup_py']
[0.204s] Level 1:colcon.colcon_core.package_identification:_identify(dataset/kitti/2011_09_26/2011_09_26_drive_0002_sync/velodyne_points/data) by extension 'python_setup_py'
[0.204s] Level 1:colcon.colcon_core.package_identification:_identify(install) by extensions ['ignore', 'ignore_ament_install']
[0.204s] Level 1:colcon.colcon_core.package_identification:_identify(install) by extension 'ignore'
[0.204s] Level 1:colcon.colcon_core.package_identification:_identify(install) ignored
[0.204s] Level 1:colcon.colcon_core.package_identification:_identify(log) by extensions ['ignore', 'ignore_ament_install']
[0.204s] Level 1:colcon.colcon_core.package_identification:_identify(log) by extension 'ignore'
[0.204s] Level 1:colcon.colcon_core.package_identification:_identify(log) ignored
[0.204s] Level 1:colcon.colcon_core.package_identification:_identify(src) by extensions ['ignore', 'ignore_ament_install']
[0.204s] Level 1:colcon.colcon_core.package_identification:_identify(src) by extension 'ignore'
[0.204s] Level 1:colcon.colcon_core.package_identification:_identify(src) by extension 'ignore_ament_install'
[0.204s] Level 1:colcon.colcon_core.package_identification:_identify(src) by extensions ['colcon_pkg']
[0.204s] Level 1:colcon.colcon_core.package_identification:_identify(src) by extension 'colcon_pkg'
[0.204s] Level 1:colcon.colcon_core.package_identification:_identify(src) by extensions ['colcon_meta']
[0.204s] Level 1:colcon.colcon_core.package_identification:_identify(src) by extension 'colcon_meta'
[0.204s] Level 1:colcon.colcon_core.package_identification:_identify(src) by extensions ['ros']
[0.204s] Level 1:colcon.colcon_core.package_identification:_identify(src) by extension 'ros'
[0.204s] Level 1:colcon.colcon_core.package_identification:_identify(src) by extensions ['cmake', 'python']
[0.204s] Level 1:colcon.colcon_core.package_identification:_identify(src) by extension 'cmake'
[0.204s] Level 1:colcon.colcon_core.package_identification:_identify(src) by extension 'python'
[0.204s] Level 1:colcon.colcon_core.package_identification:_identify(src) by extensions ['python_setup_py']
[0.204s] Level 1:colcon.colcon_core.package_identification:_identify(src) by extension 'python_setup_py'
[0.204s] Level 1:colcon.colcon_core.package_identification:_identify(src/kitti_publisher) by extensions ['ignore', 'ignore_ament_install']
[0.204s] Level 1:colcon.colcon_core.package_identification:_identify(src/kitti_publisher) by extension 'ignore'
[0.204s] Level 1:colcon.colcon_core.package_identification:_identify(src/kitti_publisher) by extension 'ignore_ament_install'
[0.204s] Level 1:colcon.colcon_core.package_identification:_identify(src/kitti_publisher) by extensions ['colcon_pkg']
[0.204s] Level 1:colcon.colcon_core.package_identification:_identify(src/kitti_publisher) by extension 'colcon_pkg'
[0.204s] Level 1:colcon.colcon_core.package_identification:_identify(src/kitti_publisher) by extensions ['colcon_meta']
[0.204s] Level 1:colcon.colcon_core.package_identification:_identify(src/kitti_publisher) by extension 'colcon_meta'
[0.204s] Level 1:colcon.colcon_core.package_identification:_identify(src/kitti_publisher) by extensions ['ros']
[0.204s] Level 1:colcon.colcon_core.package_identification:_identify(src/kitti_publisher) by extension 'ros'
[0.206s] DEBUG:colcon.colcon_core.package_identification:Package 'src/kitti_publisher' with type 'ros.ament_python' and name 'kitti_publisher'
[0.206s] Level 1:colcon.colcon_core.package_discovery:discover_packages(recursive) using defaults
[0.206s] Level 1:colcon.colcon_core.package_discovery:discover_packages(ignore) discover
[0.206s] Level 1:colcon.colcon_core.package_discovery:discover_packages(ignore) using defaults
[0.206s] Level 1:colcon.colcon_core.package_discovery:discover_packages(path) discover
[0.206s] Level 1:colcon.colcon_core.package_discovery:discover_packages(path) using defaults
[0.217s] Level 1:colcon.colcon_core.package_discovery:discover_packages(prefix_path) check parameters
[0.217s] Level 1:colcon.colcon_core.package_discovery:discover_packages(prefix_path) discover
[0.219s] DEBUG:colcon.colcon_installed_package_information.package_discovery:Found 337 installed packages in /opt/ros/humble
[0.220s] Level 1:colcon.colcon_core.package_discovery:discover_packages(prefix_path) using defaults
[0.250s] Level 5:colcon.colcon_core.verb:set package 'kitti_publisher' build argument 'cmake_args' from command line to 'None'
[0.250s] Level 5:colcon.colcon_core.verb:set package 'kitti_publisher' build argument 'cmake_target' from command line to 'None'
[0.250s] Level 5:colcon.colcon_core.verb:set package 'kitti_publisher' build argument 'cmake_target_skip_unavailable' from command line to 'False'
[0.250s] Level 5:colcon.colcon_core.verb:set package 'kitti_publisher' build argument 'cmake_clean_cache' from command line to 'False'
[0.250s] Level 5:colcon.colcon_core.verb:set package 'kitti_publisher' build argument 'cmake_clean_first' from command line to 'False'
[0.250s] Level 5:colcon.colcon_core.verb:set package 'kitti_publisher' build argument 'cmake_force_configure' from command line to 'False'
[0.250s] Level 5:colcon.colcon_core.verb:set package 'kitti_publisher' build argument 'ament_cmake_args' from command line to 'None'
[0.250s] Level 5:colcon.colcon_core.verb:set package 'kitti_publisher' build argument 'catkin_cmake_args' from command line to 'None'
[0.250s] Level 5:colcon.colcon_core.verb:set package 'kitti_publisher' build argument 'catkin_skip_building_tests' from command line to 'False'
[0.250s] DEBUG:colcon.colcon_core.verb:Building package 'kitti_publisher' with the following arguments: {'ament_cmake_args': None, 'build_base': '/home/evan/cmpe295/build/kitti_publisher', 'catkin_cmake_args': None, 'catkin_skip_building_tests': False, 'cmake_args': None, 'cmake_clean_cache': False, 'cmake_clean_first': False, 'cmake_force_configure': False, 'cmake_target': None, 'cmake_target_skip_unavailable': False, 'install_base': '/home/evan/cmpe295/install/kitti_publisher', 'merge_install': False, 'path': '/home/evan/cmpe295/src/kitti_publisher', 'symlink_install': True, 'test_result_base': None}
[0.250s] INFO:colcon.colcon_core.executor:Executing jobs using 'parallel' executor
[0.252s] DEBUG:colcon.colcon_parallel_executor.executor.parallel:run_until_complete
[0.252s] INFO:colcon.colcon_ros.task.ament_python.build:Building ROS package in '/home/evan/cmpe295/src/kitti_publisher' with build type 'ament_python'
[0.252s] Level 1:colcon.colcon_core.shell:create_environment_hook('kitti_publisher', 'ament_prefix_path')
[0.254s] INFO:colcon.colcon_core.plugin_system:Skipping extension 'colcon_core.shell.bat': Not used on non-Windows systems
[0.254s] INFO:colcon.colcon_core.shell:Creating environment hook '/home/evan/cmpe295/install/kitti_publisher/share/kitti_publisher/hook/ament_prefix_path.ps1'
[0.255s] INFO:colcon.colcon_core.shell:Creating environment descriptor '/home/evan/cmpe295/install/kitti_publisher/share/kitti_publisher/hook/ament_prefix_path.dsv'
[0.255s] INFO:colcon.colcon_core.shell:Creating environment hook '/home/evan/cmpe295/install/kitti_publisher/share/kitti_publisher/hook/ament_prefix_path.sh'
[0.255s] INFO:colcon.colcon_core.shell:Skip shell extension 'powershell' for command environment: Not usable outside of PowerShell
[0.256s] DEBUG:colcon.colcon_core.shell:Skip shell extension 'dsv' for command environment
[0.399s] INFO:colcon.colcon_core.task.python.build:Building Python package in '/home/evan/cmpe295/src/kitti_publisher'
[0.400s] INFO:colcon.colcon_core.shell:Skip shell extension 'powershell' for command environment: Not usable outside of PowerShell
[0.400s] DEBUG:colcon.colcon_core.shell:Skip shell extension 'dsv' for command environment
[0.591s] DEBUG:colcon.colcon_core.event_handler.log_command:Invoking command in '/home/evan/cmpe295/build/kitti_publisher': PYTHONPATH=/home/evan/cmpe295/build/kitti_publisher/prefix_override:/home/evan/cmpe295/install/kitti_publisher/lib/python3.10/site-packages:${PYTHONPATH} /usr/bin/python3 setup.py develop --editable --build-directory /home/evan/cmpe295/build/kitti_publisher/build --no-deps install_data
[0.839s] Level 1:colcon.colcon_core.shell:create_environment_hook('kitti_publisher', 'pythonpath_develop')
[0.840s] INFO:colcon.colcon_core.shell:Creating environment hook '/home/evan/cmpe295/build/kitti_publisher/share/kitti_publisher/hook/pythonpath_develop.ps1'
[0.840s] DEBUG:colcon.colcon_core.event_handler.log_command:Invoked command in '/home/evan/cmpe295/build/kitti_publisher' returned '0': PYTHONPATH=/home/evan/cmpe295/build/kitti_publisher/prefix_override:/home/evan/cmpe295/install/kitti_publisher/lib/python3.10/site-packages:${PYTHONPATH} /usr/bin/python3 setup.py develop --editable --build-directory /home/evan/cmpe295/build/kitti_publisher/build --no-deps install_data
[0.840s] INFO:colcon.colcon_core.shell:Creating environment descriptor '/home/evan/cmpe295/build/kitti_publisher/share/kitti_publisher/hook/pythonpath_develop.dsv'
[0.840s] INFO:colcon.colcon_core.shell:Creating environment hook '/home/evan/cmpe295/build/kitti_publisher/share/kitti_publisher/hook/pythonpath_develop.sh'
[0.843s] Level 1:colcon.colcon_core.environment:checking '/home/evan/cmpe295/install/kitti_publisher' for CMake module files
[0.843s] Level 1:colcon.colcon_core.environment:checking '/home/evan/cmpe295/install/kitti_publisher' for CMake config files
[0.843s] Level 1:colcon.colcon_core.environment:checking '/home/evan/cmpe295/install/kitti_publisher/lib'
[0.844s] Level 1:colcon.colcon_core.environment:checking '/home/evan/cmpe295/install/kitti_publisher/bin'
[0.844s] Level 1:colcon.colcon_core.environment:checking '/home/evan/cmpe295/install/kitti_publisher/lib/pkgconfig/kitti_publisher.pc'
[0.844s] Level 1:colcon.colcon_core.environment:checking '/home/evan/cmpe295/install/kitti_publisher/lib/python3.10/site-packages'
[0.844s] Level 1:colcon.colcon_core.shell:create_environment_hook('kitti_publisher', 'pythonpath')
[0.844s] INFO:colcon.colcon_core.shell:Creating environment hook '/home/evan/cmpe295/install/kitti_publisher/share/kitti_publisher/hook/pythonpath.ps1'
[0.844s] INFO:colcon.colcon_core.shell:Creating environment descriptor '/home/evan/cmpe295/install/kitti_publisher/share/kitti_publisher/hook/pythonpath.dsv'
[0.845s] INFO:colcon.colcon_core.shell:Creating environment hook '/home/evan/cmpe295/install/kitti_publisher/share/kitti_publisher/hook/pythonpath.sh'
[0.845s] Level 1:colcon.colcon_core.environment:checking '/home/evan/cmpe295/install/kitti_publisher/bin'
[0.845s] Level 1:colcon.colcon_core.environment:create_environment_scripts_only(kitti_publisher)
[0.845s] INFO:colcon.colcon_core.shell:Creating package script '/home/evan/cmpe295/install/kitti_publisher/share/kitti_publisher/package.ps1'
[0.846s] INFO:colcon.colcon_core.shell:Creating package descriptor '/home/evan/cmpe295/install/kitti_publisher/share/kitti_publisher/package.dsv'
[0.846s] INFO:colcon.colcon_core.shell:Creating package script '/home/evan/cmpe295/install/kitti_publisher/share/kitti_publisher/package.sh'
[0.846s] INFO:colcon.colcon_core.shell:Creating package script '/home/evan/cmpe295/install/kitti_publisher/share/kitti_publisher/package.bash'
[0.847s] INFO:colcon.colcon_core.shell:Creating package script '/home/evan/cmpe295/install/kitti_publisher/share/kitti_publisher/package.zsh'
[0.847s] Level 1:colcon.colcon_core.environment:create_file_with_runtime_dependencies(/home/evan/cmpe295/install/kitti_publisher/share/colcon-core/packages/kitti_publisher)
[0.847s] DEBUG:colcon.colcon_parallel_executor.executor.parallel:closing loop
[0.847s] DEBUG:colcon.colcon_parallel_executor.executor.parallel:loop closed
[0.847s] DEBUG:colcon.colcon_parallel_executor.executor.parallel:run_until_complete finished with '0'
[0.847s] DEBUG:colcon.colcon_core.event_reactor:joining thread
[0.850s] INFO:colcon.colcon_core.plugin_system:Skipping extension 'colcon_notification.desktop_notification.terminal_notifier': Not used on non-Darwin systems
[0.850s] INFO:colcon.colcon_core.plugin_system:Skipping extension 'colcon_notification.desktop_notification.win32': Not used on non-Windows systems
[0.850s] INFO:colcon.colcon_notification.desktop_notification:Sending desktop notification using 'notify2'
[0.862s] DEBUG:colcon.colcon_core.event_reactor:joined thread
[0.863s] INFO:colcon.colcon_core.shell:Creating prefix script '/home/evan/cmpe295/install/local_setup.ps1'
[0.864s] INFO:colcon.colcon_core.shell:Creating prefix util module '/home/evan/cmpe295/install/_local_setup_util_ps1.py'
[0.864s] INFO:colcon.colcon_core.shell:Creating prefix chain script '/home/evan/cmpe295/install/setup.ps1'
[0.865s] INFO:colcon.colcon_core.shell:Creating prefix script '/home/evan/cmpe295/install/local_setup.sh'
[0.866s] INFO:colcon.colcon_core.shell:Creating prefix util module '/home/evan/cmpe295/install/_local_setup_util_sh.py'
[0.866s] INFO:colcon.colcon_core.shell:Creating prefix chain script '/home/evan/cmpe295/install/setup.sh'
[0.866s] INFO:colcon.colcon_core.shell:Creating prefix script '/home/evan/cmpe295/install/local_setup.bash'
[0.867s] INFO:colcon.colcon_core.shell:Creating prefix chain script '/home/evan/cmpe295/install/setup.bash'
[0.867s] INFO:colcon.colcon_core.shell:Creating prefix script '/home/evan/cmpe295/install/local_setup.zsh'
[0.867s] INFO:colcon.colcon_core.shell:Creating prefix chain script '/home/evan/cmpe295/install/setup.zsh'
