running develop
running egg_info
creating kitti_publisher.egg-info
writing kitti_publisher.egg-info/PKG-INFO
writing dependency_links to kitti_publisher.egg-info/dependency_links.txt
writing entry points to kitti_publisher.egg-info/entry_points.txt
writing requirements to kitti_publisher.egg-info/requires.txt
writing top-level names to kitti_publisher.egg-info/top_level.txt
writing manifest file 'kitti_publisher.egg-info/SOURCES.txt'
reading manifest file 'kitti_publisher.egg-info/SOURCES.txt'
writing manifest file 'kitti_publisher.egg-info/SOURCES.txt'
running build_ext
Creating /home/evan/cmpe295/install/kitti_publisher/lib/python3.10/site-packages/kitti-publisher.egg-link (link to .)
Installing kitti_publisher script to /home/evan/cmpe295/install/kitti_publisher/lib/kitti_publisher

Installed /home/evan/cmpe295/build/kitti_publisher
running install_data
creating /home/evan/cmpe295/install/kitti_publisher/share/ament_index
creating /home/evan/cmpe295/install/kitti_publisher/share/ament_index/resource_index
creating /home/evan/cmpe295/install/kitti_publisher/share/ament_index/resource_index/packages
copying resource/kitti_publisher -> /home/evan/cmpe295/install/kitti_publisher/share/ament_index/resource_index/packages
copying package.xml -> /home/evan/cmpe295/install/kitti_publisher/share/kitti_publisher
