[0.339s] Invoking command in '/home/evan/cmpe295/build/kitti_publisher': PYTHONPATH=/home/evan/cmpe295/build/kitti_publisher/prefix_override:/home/evan/cmpe295/install/kitti_publisher/lib/python3.10/site-packages:${PYTHONPATH} /usr/bin/python3 setup.py develop --editable --build-directory /home/evan/cmpe295/build/kitti_publisher/build --no-deps install_data
[0.478s] running develop
[0.568s] running egg_info
[0.568s] creating kitti_publisher.egg-info
[0.568s] writing kitti_publisher.egg-info/PKG-INFO
[0.568s] writing dependency_links to kitti_publisher.egg-info/dependency_links.txt
[0.568s] writing entry points to kitti_publisher.egg-info/entry_points.txt
[0.568s] writing requirements to kitti_publisher.egg-info/requires.txt
[0.568s] writing top-level names to kitti_publisher.egg-info/top_level.txt
[0.568s] writing manifest file 'kitti_publisher.egg-info/SOURCES.txt'
[0.569s] reading manifest file 'kitti_publisher.egg-info/SOURCES.txt'
[0.569s] writing manifest file 'kitti_publisher.egg-info/SOURCES.txt'
[0.570s] running build_ext
[0.570s] Creating /home/evan/cmpe295/install/kitti_publisher/lib/python3.10/site-packages/kitti-publisher.egg-link (link to .)
[0.571s] Installing kitti_publisher script to /home/evan/cmpe295/install/kitti_publisher/lib/kitti_publisher
[0.571s] 
[0.571s] Installed /home/evan/cmpe295/build/kitti_publisher
[0.571s] running install_data
[0.571s] creating /home/evan/cmpe295/install/kitti_publisher/share/ament_index
[0.571s] creating /home/evan/cmpe295/install/kitti_publisher/share/ament_index/resource_index
[0.571s] creating /home/evan/cmpe295/install/kitti_publisher/share/ament_index/resource_index/packages
[0.571s] copying resource/kitti_publisher -> /home/evan/cmpe295/install/kitti_publisher/share/ament_index/resource_index/packages
[0.571s] copying package.xml -> /home/evan/cmpe295/install/kitti_publisher/share/kitti_publisher
[0.588s] Invoked command in '/home/evan/cmpe295/build/kitti_publisher' returned '0': PYTHONPATH=/home/evan/cmpe295/build/kitti_publisher/prefix_override:/home/evan/cmpe295/install/kitti_publisher/lib/python3.10/site-packages:${PYTHONPATH} /usr/bin/python3 setup.py develop --editable --build-directory /home/evan/cmpe295/build/kitti_publisher/build --no-deps install_data
