[0.246s] DEBUG:colcon:Command line arguments: ['/usr/bin/colcon', 'build', '--packages-select', 'kitti_publisher']
[0.246s] DEBUG:colcon:Parsed command line arguments: Namespace(log_base=None, log_level=None, verb_name='build', build_base='build', install_base='install', merge_install=False, symlink_install=False, test_result_base=None, continue_on_error=False, executor='parallel', parallel_workers=20, event_handlers=None, ignore_user_meta=False, metas=['./colcon.meta'], base_paths=['.'], packages_ignore=None, packages_ignore_regex=None, paths=None, packages_up_to=None, packages_up_to_regex=None, packages_above=None, packages_above_and_dependencies=None, packages_above_depth=None, packages_select_by_dep=None, packages_skip_by_dep=None, packages_skip_up_to=None, packages_select_build_failed=False, packages_skip_build_finished=False, packages_select_test_failures=False, packages_skip_test_passed=False, packages_select=['kitti_publisher'], packages_skip=None, packages_select_regex=None, packages_skip_regex=None, packages_start=None, packages_end=None, allow_overriding=[], cmake_args=None, cmake_target=None, cmake_target_skip_unavailable=False, cmake_clean_cache=False, cmake_clean_first=False, cmake_force_configure=False, ament_cmake_args=None, catkin_cmake_args=None, catkin_skip_building_tests=False, mixin_files=None, mixin=None, verb_parser=<colcon_mixin.mixin.mixin_argument.MixinArgumentDecorator object at 0x7f68575ecdf0>, verb_extension=<colcon_core.verb.build.BuildVerb object at 0x7f68575ec760>, main=<bound method BuildVerb.main of <colcon_core.verb.build.BuildVerb object at 0x7f68575ec760>>, mixin_verb=('build',))
[0.269s] Level 1:colcon.colcon_core.package_discovery:discover_packages(colcon_meta) check parameters
[0.269s] Level 1:colcon.colcon_core.package_discovery:discover_packages(recursive) check parameters
[0.269s] Level 1:colcon.colcon_core.package_discovery:discover_packages(ignore) check parameters
[0.269s] Level 1:colcon.colcon_core.package_discovery:discover_packages(path) check parameters
[0.269s] Level 1:colcon.colcon_core.package_discovery:discover_packages(colcon_meta) discover
[0.269s] Level 1:colcon.colcon_core.package_discovery:discover_packages(recursive) discover
[0.269s] INFO:colcon.colcon_core.package_discovery:Crawling recursively for packages in '/home/evan/cmpe295'
[0.270s] Level 1:colcon.colcon_core.package_identification:_identify(.) by extensions ['ignore', 'ignore_ament_install']
[0.270s] Level 1:colcon.colcon_core.package_identification:_identify(.) by extension 'ignore'
[0.270s] Level 1:colcon.colcon_core.package_identification:_identify(.) by extension 'ignore_ament_install'
[0.270s] Level 1:colcon.colcon_core.package_identification:_identify(.) by extensions ['colcon_pkg']
[0.270s] Level 1:colcon.colcon_core.package_identification:_identify(.) by extension 'colcon_pkg'
[0.270s] Level 1:colcon.colcon_core.package_identification:_identify(.) by extensions ['colcon_meta']
[0.270s] Level 1:colcon.colcon_core.package_identification:_identify(.) by extension 'colcon_meta'
[0.270s] Level 1:colcon.colcon_core.package_identification:_identify(.) by extensions ['ros']
[0.270s] Level 1:colcon.colcon_core.package_identification:_identify(.) by extension 'ros'
[0.275s] Level 1:colcon.colcon_core.package_identification:_identify(.) by extensions ['cmake', 'python']
[0.275s] Level 1:colcon.colcon_core.package_identification:_identify(.) by extension 'cmake'
[0.275s] Level 1:colcon.colcon_core.package_identification:_identify(.) by extension 'python'
[0.275s] Level 1:colcon.colcon_core.package_identification:_identify(.) by extensions ['python_setup_py']
[0.275s] Level 1:colcon.colcon_core.package_identification:_identify(.) by extension 'python_setup_py'
[0.276s] Level 1:colcon.colcon_core.package_identification:_identify(build) by extensions ['ignore', 'ignore_ament_install']
[0.276s] Level 1:colcon.colcon_core.package_identification:_identify(build) by extension 'ignore'
[0.276s] Level 1:colcon.colcon_core.package_identification:_identify(build) ignored
[0.276s] Level 1:colcon.colcon_core.package_identification:_identify(dataset) by extensions ['ignore', 'ignore_ament_install']
[0.276s] Level 1:colcon.colcon_core.package_identification:_identify(dataset) by extension 'ignore'
[0.276s] Level 1:colcon.colcon_core.package_identification:_identify(dataset) by extension 'ignore_ament_install'
[0.276s] Level 1:colcon.colcon_core.package_identification:_identify(dataset) by extensions ['colcon_pkg']
[0.276s] Level 1:colcon.colcon_core.package_identification:_identify(dataset) by extension 'colcon_pkg'
[0.276s] Level 1:colcon.colcon_core.package_identification:_identify(dataset) by extensions ['colcon_meta']
[0.276s] Level 1:colcon.colcon_core.package_identification:_identify(dataset) by extension 'colcon_meta'
[0.276s] Level 1:colcon.colcon_core.package_identification:_identify(dataset) by extensions ['ros']
[0.276s] Level 1:colcon.colcon_core.package_identification:_identify(dataset) by extension 'ros'
[0.276s] Level 1:colcon.colcon_core.package_identification:_identify(dataset) by extensions ['cmake', 'python']
[0.276s] Level 1:colcon.colcon_core.package_identification:_identify(dataset) by extension 'cmake'
[0.276s] Level 1:colcon.colcon_core.package_identification:_identify(dataset) by extension 'python'
[0.276s] Level 1:colcon.colcon_core.package_identification:_identify(dataset) by extensions ['python_setup_py']
[0.276s] Level 1:colcon.colcon_core.package_identification:_identify(dataset) by extension 'python_setup_py'
[0.276s] Level 1:colcon.colcon_core.package_identification:_identify(dataset/kitti) by extensions ['ignore', 'ignore_ament_install']
[0.276s] Level 1:colcon.colcon_core.package_identification:_identify(dataset/kitti) by extension 'ignore'
[0.276s] Level 1:colcon.colcon_core.package_identification:_identify(dataset/kitti) by extension 'ignore_ament_install'
[0.276s] Level 1:colcon.colcon_core.package_identification:_identify(dataset/kitti) by extensions ['colcon_pkg']
[0.276s] Level 1:colcon.colcon_core.package_identification:_identify(dataset/kitti) by extension 'colcon_pkg'
[0.276s] Level 1:colcon.colcon_core.package_identification:_identify(dataset/kitti) by extensions ['colcon_meta']
[0.276s] Level 1:colcon.colcon_core.package_identification:_identify(dataset/kitti) by extension 'colcon_meta'
[0.276s] Level 1:colcon.colcon_core.package_identification:_identify(dataset/kitti) by extensions ['ros']
[0.276s] Level 1:colcon.colcon_core.package_identification:_identify(dataset/kitti) by extension 'ros'
[0.276s] Level 1:colcon.colcon_core.package_identification:_identify(dataset/kitti) by extensions ['cmake', 'python']
[0.276s] Level 1:colcon.colcon_core.package_identification:_identify(dataset/kitti) by extension 'cmake'
[0.276s] Level 1:colcon.colcon_core.package_identification:_identify(dataset/kitti) by extension 'python'
[0.276s] Level 1:colcon.colcon_core.package_identification:_identify(dataset/kitti) by extensions ['python_setup_py']
[0.276s] Level 1:colcon.colcon_core.package_identification:_identify(dataset/kitti) by extension 'python_setup_py'
[0.276s] Level 1:colcon.colcon_core.package_identification:_identify(dataset/kitti/2011_09_26) by extensions ['ignore', 'ignore_ament_install']
[0.276s] Level 1:colcon.colcon_core.package_identification:_identify(dataset/kitti/2011_09_26) by extension 'ignore'
[0.276s] Level 1:colcon.colcon_core.package_identification:_identify(dataset/kitti/2011_09_26) by extension 'ignore_ament_install'
[0.276s] Level 1:colcon.colcon_core.package_identification:_identify(dataset/kitti/2011_09_26) by extensions ['colcon_pkg']
[0.276s] Level 1:colcon.colcon_core.package_identification:_identify(dataset/kitti/2011_09_26) by extension 'colcon_pkg'
[0.276s] Level 1:colcon.colcon_core.package_identification:_identify(dataset/kitti/2011_09_26) by extensions ['colcon_meta']
[0.276s] Level 1:colcon.colcon_core.package_identification:_identify(dataset/kitti/2011_09_26) by extension 'colcon_meta'
[0.276s] Level 1:colcon.colcon_core.package_identification:_identify(dataset/kitti/2011_09_26) by extensions ['ros']
[0.276s] Level 1:colcon.colcon_core.package_identification:_identify(dataset/kitti/2011_09_26) by extension 'ros'
[0.276s] Level 1:colcon.colcon_core.package_identification:_identify(dataset/kitti/2011_09_26) by extensions ['cmake', 'python']
[0.276s] Level 1:colcon.colcon_core.package_identification:_identify(dataset/kitti/2011_09_26) by extension 'cmake'
[0.276s] Level 1:colcon.colcon_core.package_identification:_identify(dataset/kitti/2011_09_26) by extension 'python'
[0.276s] Level 1:colcon.colcon_core.package_identification:_identify(dataset/kitti/2011_09_26) by extensions ['python_setup_py']
[0.276s] Level 1:colcon.colcon_core.package_identification:_identify(dataset/kitti/2011_09_26) by extension 'python_setup_py'
[0.277s] Level 1:colcon.colcon_core.package_identification:_identify(dataset/kitti/2011_09_26/2011_09_26_drive_0001_sync) by extensions ['ignore', 'ignore_ament_install']
[0.277s] Level 1:colcon.colcon_core.package_identification:_identify(dataset/kitti/2011_09_26/2011_09_26_drive_0001_sync) by extension 'ignore'
[0.277s] Level 1:colcon.colcon_core.package_identification:_identify(dataset/kitti/2011_09_26/2011_09_26_drive_0001_sync) by extension 'ignore_ament_install'
[0.277s] Level 1:colcon.colcon_core.package_identification:_identify(dataset/kitti/2011_09_26/2011_09_26_drive_0001_sync) by extensions ['colcon_pkg']
[0.277s] Level 1:colcon.colcon_core.package_identification:_identify(dataset/kitti/2011_09_26/2011_09_26_drive_0001_sync) by extension 'colcon_pkg'
[0.277s] Level 1:colcon.colcon_core.package_identification:_identify(dataset/kitti/2011_09_26/2011_09_26_drive_0001_sync) by extensions ['colcon_meta']
[0.277s] Level 1:colcon.colcon_core.package_identification:_identify(dataset/kitti/2011_09_26/2011_09_26_drive_0001_sync) by extension 'colcon_meta'
[0.277s] Level 1:colcon.colcon_core.package_identification:_identify(dataset/kitti/2011_09_26/2011_09_26_drive_0001_sync) by extensions ['ros']
[0.277s] Level 1:colcon.colcon_core.package_identification:_identify(dataset/kitti/2011_09_26/2011_09_26_drive_0001_sync) by extension 'ros'
[0.277s] Level 1:colcon.colcon_core.package_identification:_identify(dataset/kitti/2011_09_26/2011_09_26_drive_0001_sync) by extensions ['cmake', 'python']
[0.277s] Level 1:colcon.colcon_core.package_identification:_identify(dataset/kitti/2011_09_26/2011_09_26_drive_0001_sync) by extension 'cmake'
[0.277s] Level 1:colcon.colcon_core.package_identification:_identify(dataset/kitti/2011_09_26/2011_09_26_drive_0001_sync) by extension 'python'
[0.277s] Level 1:colcon.colcon_core.package_identification:_identify(dataset/kitti/2011_09_26/2011_09_26_drive_0001_sync) by extensions ['python_setup_py']
[0.277s] Level 1:colcon.colcon_core.package_identification:_identify(dataset/kitti/2011_09_26/2011_09_26_drive_0001_sync) by extension 'python_setup_py'
[0.277s] Level 1:colcon.colcon_core.package_identification:_identify(dataset/kitti/2011_09_26/2011_09_26_drive_0001_sync/image_00) by extensions ['ignore', 'ignore_ament_install']
[0.277s] Level 1:colcon.colcon_core.package_identification:_identify(dataset/kitti/2011_09_26/2011_09_26_drive_0001_sync/image_00) by extension 'ignore'
[0.277s] Level 1:colcon.colcon_core.package_identification:_identify(dataset/kitti/2011_09_26/2011_09_26_drive_0001_sync/image_00) by extension 'ignore_ament_install'
[0.277s] Level 1:colcon.colcon_core.package_identification:_identify(dataset/kitti/2011_09_26/2011_09_26_drive_0001_sync/image_00) by extensions ['colcon_pkg']
[0.277s] Level 1:colcon.colcon_core.package_identification:_identify(dataset/kitti/2011_09_26/2011_09_26_drive_0001_sync/image_00) by extension 'colcon_pkg'
[0.277s] Level 1:colcon.colcon_core.package_identification:_identify(dataset/kitti/2011_09_26/2011_09_26_drive_0001_sync/image_00) by extensions ['colcon_meta']
[0.277s] Level 1:colcon.colcon_core.package_identification:_identify(dataset/kitti/2011_09_26/2011_09_26_drive_0001_sync/image_00) by extension 'colcon_meta'
[0.277s] Level 1:colcon.colcon_core.package_identification:_identify(dataset/kitti/2011_09_26/2011_09_26_drive_0001_sync/image_00) by extensions ['ros']
[0.277s] Level 1:colcon.colcon_core.package_identification:_identify(dataset/kitti/2011_09_26/2011_09_26_drive_0001_sync/image_00) by extension 'ros'
[0.277s] Level 1:colcon.colcon_core.package_identification:_identify(dataset/kitti/2011_09_26/2011_09_26_drive_0001_sync/image_00) by extensions ['cmake', 'python']
[0.277s] Level 1:colcon.colcon_core.package_identification:_identify(dataset/kitti/2011_09_26/2011_09_26_drive_0001_sync/image_00) by extension 'cmake'
[0.277s] Level 1:colcon.colcon_core.package_identification:_identify(dataset/kitti/2011_09_26/2011_09_26_drive_0001_sync/image_00) by extension 'python'
[0.277s] Level 1:colcon.colcon_core.package_identification:_identify(dataset/kitti/2011_09_26/2011_09_26_drive_0001_sync/image_00) by extensions ['python_setup_py']
[0.277s] Level 1:colcon.colcon_core.package_identification:_identify(dataset/kitti/2011_09_26/2011_09_26_drive_0001_sync/image_00) by extension 'python_setup_py'
[0.277s] Level 1:colcon.colcon_core.package_identification:_identify(dataset/kitti/2011_09_26/2011_09_26_drive_0001_sync/image_00/data) by extensions ['ignore', 'ignore_ament_install']
[0.277s] Level 1:colcon.colcon_core.package_identification:_identify(dataset/kitti/2011_09_26/2011_09_26_drive_0001_sync/image_00/data) by extension 'ignore'
[0.277s] Level 1:colcon.colcon_core.package_identification:_identify(dataset/kitti/2011_09_26/2011_09_26_drive_0001_sync/image_00/data) by extension 'ignore_ament_install'
[0.277s] Level 1:colcon.colcon_core.package_identification:_identify(dataset/kitti/2011_09_26/2011_09_26_drive_0001_sync/image_00/data) by extensions ['colcon_pkg']
[0.277s] Level 1:colcon.colcon_core.package_identification:_identify(dataset/kitti/2011_09_26/2011_09_26_drive_0001_sync/image_00/data) by extension 'colcon_pkg'
[0.277s] Level 1:colcon.colcon_core.package_identification:_identify(dataset/kitti/2011_09_26/2011_09_26_drive_0001_sync/image_00/data) by extensions ['colcon_meta']
[0.277s] Level 1:colcon.colcon_core.package_identification:_identify(dataset/kitti/2011_09_26/2011_09_26_drive_0001_sync/image_00/data) by extension 'colcon_meta'
[0.277s] Level 1:colcon.colcon_core.package_identification:_identify(dataset/kitti/2011_09_26/2011_09_26_drive_0001_sync/image_00/data) by extensions ['ros']
[0.277s] Level 1:colcon.colcon_core.package_identification:_identify(dataset/kitti/2011_09_26/2011_09_26_drive_0001_sync/image_00/data) by extension 'ros'
[0.277s] Level 1:colcon.colcon_core.package_identification:_identify(dataset/kitti/2011_09_26/2011_09_26_drive_0001_sync/image_00/data) by extensions ['cmake', 'python']
[0.277s] Level 1:colcon.colcon_core.package_identification:_identify(dataset/kitti/2011_09_26/2011_09_26_drive_0001_sync/image_00/data) by extension 'cmake'
[0.277s] Level 1:colcon.colcon_core.package_identification:_identify(dataset/kitti/2011_09_26/2011_09_26_drive_0001_sync/image_00/data) by extension 'python'
[0.277s] Level 1:colcon.colcon_core.package_identification:_identify(dataset/kitti/2011_09_26/2011_09_26_drive_0001_sync/image_00/data) by extensions ['python_setup_py']
[0.277s] Level 1:colcon.colcon_core.package_identification:_identify(dataset/kitti/2011_09_26/2011_09_26_drive_0001_sync/image_00/data) by extension 'python_setup_py'
[0.277s] Level 1:colcon.colcon_core.package_identification:_identify(dataset/kitti/2011_09_26/2011_09_26_drive_0001_sync/image_01) by extensions ['ignore', 'ignore_ament_install']
[0.277s] Level 1:colcon.colcon_core.package_identification:_identify(dataset/kitti/2011_09_26/2011_09_26_drive_0001_sync/image_01) by extension 'ignore'
[0.277s] Level 1:colcon.colcon_core.package_identification:_identify(dataset/kitti/2011_09_26/2011_09_26_drive_0001_sync/image_01) by extension 'ignore_ament_install'
[0.277s] Level 1:colcon.colcon_core.package_identification:_identify(dataset/kitti/2011_09_26/2011_09_26_drive_0001_sync/image_01) by extensions ['colcon_pkg']
[0.277s] Level 1:colcon.colcon_core.package_identification:_identify(dataset/kitti/2011_09_26/2011_09_26_drive_0001_sync/image_01) by extension 'colcon_pkg'
[0.277s] Level 1:colcon.colcon_core.package_identification:_identify(dataset/kitti/2011_09_26/2011_09_26_drive_0001_sync/image_01) by extensions ['colcon_meta']
[0.278s] Level 1:colcon.colcon_core.package_identification:_identify(dataset/kitti/2011_09_26/2011_09_26_drive_0001_sync/image_01) by extension 'colcon_meta'
[0.278s] Level 1:colcon.colcon_core.package_identification:_identify(dataset/kitti/2011_09_26/2011_09_26_drive_0001_sync/image_01) by extensions ['ros']
[0.278s] Level 1:colcon.colcon_core.package_identification:_identify(dataset/kitti/2011_09_26/2011_09_26_drive_0001_sync/image_01) by extension 'ros'
[0.278s] Level 1:colcon.colcon_core.package_identification:_identify(dataset/kitti/2011_09_26/2011_09_26_drive_0001_sync/image_01) by extensions ['cmake', 'python']
[0.278s] Level 1:colcon.colcon_core.package_identification:_identify(dataset/kitti/2011_09_26/2011_09_26_drive_0001_sync/image_01) by extension 'cmake'
[0.278s] Level 1:colcon.colcon_core.package_identification:_identify(dataset/kitti/2011_09_26/2011_09_26_drive_0001_sync/image_01) by extension 'python'
[0.278s] Level 1:colcon.colcon_core.package_identification:_identify(dataset/kitti/2011_09_26/2011_09_26_drive_0001_sync/image_01) by extensions ['python_setup_py']
[0.278s] Level 1:colcon.colcon_core.package_identification:_identify(dataset/kitti/2011_09_26/2011_09_26_drive_0001_sync/image_01) by extension 'python_setup_py'
[0.278s] Level 1:colcon.colcon_core.package_identification:_identify(dataset/kitti/2011_09_26/2011_09_26_drive_0001_sync/image_01/data) by extensions ['ignore', 'ignore_ament_install']
[0.278s] Level 1:colcon.colcon_core.package_identification:_identify(dataset/kitti/2011_09_26/2011_09_26_drive_0001_sync/image_01/data) by extension 'ignore'
[0.278s] Level 1:colcon.colcon_core.package_identification:_identify(dataset/kitti/2011_09_26/2011_09_26_drive_0001_sync/image_01/data) by extension 'ignore_ament_install'
[0.278s] Level 1:colcon.colcon_core.package_identification:_identify(dataset/kitti/2011_09_26/2011_09_26_drive_0001_sync/image_01/data) by extensions ['colcon_pkg']
[0.278s] Level 1:colcon.colcon_core.package_identification:_identify(dataset/kitti/2011_09_26/2011_09_26_drive_0001_sync/image_01/data) by extension 'colcon_pkg'
[0.278s] Level 1:colcon.colcon_core.package_identification:_identify(dataset/kitti/2011_09_26/2011_09_26_drive_0001_sync/image_01/data) by extensions ['colcon_meta']
[0.278s] Level 1:colcon.colcon_core.package_identification:_identify(dataset/kitti/2011_09_26/2011_09_26_drive_0001_sync/image_01/data) by extension 'colcon_meta'
[0.278s] Level 1:colcon.colcon_core.package_identification:_identify(dataset/kitti/2011_09_26/2011_09_26_drive_0001_sync/image_01/data) by extensions ['ros']
[0.278s] Level 1:colcon.colcon_core.package_identification:_identify(dataset/kitti/2011_09_26/2011_09_26_drive_0001_sync/image_01/data) by extension 'ros'
[0.278s] Level 1:colcon.colcon_core.package_identification:_identify(dataset/kitti/2011_09_26/2011_09_26_drive_0001_sync/image_01/data) by extensions ['cmake', 'python']
[0.278s] Level 1:colcon.colcon_core.package_identification:_identify(dataset/kitti/2011_09_26/2011_09_26_drive_0001_sync/image_01/data) by extension 'cmake'
[0.278s] Level 1:colcon.colcon_core.package_identification:_identify(dataset/kitti/2011_09_26/2011_09_26_drive_0001_sync/image_01/data) by extension 'python'
[0.278s] Level 1:colcon.colcon_core.package_identification:_identify(dataset/kitti/2011_09_26/2011_09_26_drive_0001_sync/image_01/data) by extensions ['python_setup_py']
[0.278s] Level 1:colcon.colcon_core.package_identification:_identify(dataset/kitti/2011_09_26/2011_09_26_drive_0001_sync/image_01/data) by extension 'python_setup_py'
[0.278s] Level 1:colcon.colcon_core.package_identification:_identify(dataset/kitti/2011_09_26/2011_09_26_drive_0001_sync/image_02) by extensions ['ignore', 'ignore_ament_install']
[0.278s] Level 1:colcon.colcon_core.package_identification:_identify(dataset/kitti/2011_09_26/2011_09_26_drive_0001_sync/image_02) by extension 'ignore'
[0.278s] Level 1:colcon.colcon_core.package_identification:_identify(dataset/kitti/2011_09_26/2011_09_26_drive_0001_sync/image_02) by extension 'ignore_ament_install'
[0.278s] Level 1:colcon.colcon_core.package_identification:_identify(dataset/kitti/2011_09_26/2011_09_26_drive_0001_sync/image_02) by extensions ['colcon_pkg']
[0.278s] Level 1:colcon.colcon_core.package_identification:_identify(dataset/kitti/2011_09_26/2011_09_26_drive_0001_sync/image_02) by extension 'colcon_pkg'
[0.278s] Level 1:colcon.colcon_core.package_identification:_identify(dataset/kitti/2011_09_26/2011_09_26_drive_0001_sync/image_02) by extensions ['colcon_meta']
[0.278s] Level 1:colcon.colcon_core.package_identification:_identify(dataset/kitti/2011_09_26/2011_09_26_drive_0001_sync/image_02) by extension 'colcon_meta'
[0.278s] Level 1:colcon.colcon_core.package_identification:_identify(dataset/kitti/2011_09_26/2011_09_26_drive_0001_sync/image_02) by extensions ['ros']
[0.278s] Level 1:colcon.colcon_core.package_identification:_identify(dataset/kitti/2011_09_26/2011_09_26_drive_0001_sync/image_02) by extension 'ros'
[0.278s] Level 1:colcon.colcon_core.package_identification:_identify(dataset/kitti/2011_09_26/2011_09_26_drive_0001_sync/image_02) by extensions ['cmake', 'python']
[0.278s] Level 1:colcon.colcon_core.package_identification:_identify(dataset/kitti/2011_09_26/2011_09_26_drive_0001_sync/image_02) by extension 'cmake'
[0.278s] Level 1:colcon.colcon_core.package_identification:_identify(dataset/kitti/2011_09_26/2011_09_26_drive_0001_sync/image_02) by extension 'python'
[0.278s] Level 1:colcon.colcon_core.package_identification:_identify(dataset/kitti/2011_09_26/2011_09_26_drive_0001_sync/image_02) by extensions ['python_setup_py']
[0.278s] Level 1:colcon.colcon_core.package_identification:_identify(dataset/kitti/2011_09_26/2011_09_26_drive_0001_sync/image_02) by extension 'python_setup_py'
[0.278s] Level 1:colcon.colcon_core.package_identification:_identify(dataset/kitti/2011_09_26/2011_09_26_drive_0001_sync/image_02/data) by extensions ['ignore', 'ignore_ament_install']
[0.278s] Level 1:colcon.colcon_core.package_identification:_identify(dataset/kitti/2011_09_26/2011_09_26_drive_0001_sync/image_02/data) by extension 'ignore'
[0.278s] Level 1:colcon.colcon_core.package_identification:_identify(dataset/kitti/2011_09_26/2011_09_26_drive_0001_sync/image_02/data) by extension 'ignore_ament_install'
[0.278s] Level 1:colcon.colcon_core.package_identification:_identify(dataset/kitti/2011_09_26/2011_09_26_drive_0001_sync/image_02/data) by extensions ['colcon_pkg']
[0.278s] Level 1:colcon.colcon_core.package_identification:_identify(dataset/kitti/2011_09_26/2011_09_26_drive_0001_sync/image_02/data) by extension 'colcon_pkg'
[0.278s] Level 1:colcon.colcon_core.package_identification:_identify(dataset/kitti/2011_09_26/2011_09_26_drive_0001_sync/image_02/data) by extensions ['colcon_meta']
[0.278s] Level 1:colcon.colcon_core.package_identification:_identify(dataset/kitti/2011_09_26/2011_09_26_drive_0001_sync/image_02/data) by extension 'colcon_meta'
[0.278s] Level 1:colcon.colcon_core.package_identification:_identify(dataset/kitti/2011_09_26/2011_09_26_drive_0001_sync/image_02/data) by extensions ['ros']
[0.278s] Level 1:colcon.colcon_core.package_identification:_identify(dataset/kitti/2011_09_26/2011_09_26_drive_0001_sync/image_02/data) by extension 'ros'
[0.279s] Level 1:colcon.colcon_core.package_identification:_identify(dataset/kitti/2011_09_26/2011_09_26_drive_0001_sync/image_02/data) by extensions ['cmake', 'python']
[0.279s] Level 1:colcon.colcon_core.package_identification:_identify(dataset/kitti/2011_09_26/2011_09_26_drive_0001_sync/image_02/data) by extension 'cmake'
[0.279s] Level 1:colcon.colcon_core.package_identification:_identify(dataset/kitti/2011_09_26/2011_09_26_drive_0001_sync/image_02/data) by extension 'python'
[0.279s] Level 1:colcon.colcon_core.package_identification:_identify(dataset/kitti/2011_09_26/2011_09_26_drive_0001_sync/image_02/data) by extensions ['python_setup_py']
[0.279s] Level 1:colcon.colcon_core.package_identification:_identify(dataset/kitti/2011_09_26/2011_09_26_drive_0001_sync/image_02/data) by extension 'python_setup_py'
[0.279s] Level 1:colcon.colcon_core.package_identification:_identify(dataset/kitti/2011_09_26/2011_09_26_drive_0001_sync/image_03) by extensions ['ignore', 'ignore_ament_install']
[0.279s] Level 1:colcon.colcon_core.package_identification:_identify(dataset/kitti/2011_09_26/2011_09_26_drive_0001_sync/image_03) by extension 'ignore'
[0.279s] Level 1:colcon.colcon_core.package_identification:_identify(dataset/kitti/2011_09_26/2011_09_26_drive_0001_sync/image_03) by extension 'ignore_ament_install'
[0.279s] Level 1:colcon.colcon_core.package_identification:_identify(dataset/kitti/2011_09_26/2011_09_26_drive_0001_sync/image_03) by extensions ['colcon_pkg']
[0.279s] Level 1:colcon.colcon_core.package_identification:_identify(dataset/kitti/2011_09_26/2011_09_26_drive_0001_sync/image_03) by extension 'colcon_pkg'
[0.279s] Level 1:colcon.colcon_core.package_identification:_identify(dataset/kitti/2011_09_26/2011_09_26_drive_0001_sync/image_03) by extensions ['colcon_meta']
[0.279s] Level 1:colcon.colcon_core.package_identification:_identify(dataset/kitti/2011_09_26/2011_09_26_drive_0001_sync/image_03) by extension 'colcon_meta'
[0.279s] Level 1:colcon.colcon_core.package_identification:_identify(dataset/kitti/2011_09_26/2011_09_26_drive_0001_sync/image_03) by extensions ['ros']
[0.279s] Level 1:colcon.colcon_core.package_identification:_identify(dataset/kitti/2011_09_26/2011_09_26_drive_0001_sync/image_03) by extension 'ros'
[0.279s] Level 1:colcon.colcon_core.package_identification:_identify(dataset/kitti/2011_09_26/2011_09_26_drive_0001_sync/image_03) by extensions ['cmake', 'python']
[0.279s] Level 1:colcon.colcon_core.package_identification:_identify(dataset/kitti/2011_09_26/2011_09_26_drive_0001_sync/image_03) by extension 'cmake'
[0.279s] Level 1:colcon.colcon_core.package_identification:_identify(dataset/kitti/2011_09_26/2011_09_26_drive_0001_sync/image_03) by extension 'python'
[0.279s] Level 1:colcon.colcon_core.package_identification:_identify(dataset/kitti/2011_09_26/2011_09_26_drive_0001_sync/image_03) by extensions ['python_setup_py']
[0.279s] Level 1:colcon.colcon_core.package_identification:_identify(dataset/kitti/2011_09_26/2011_09_26_drive_0001_sync/image_03) by extension 'python_setup_py'
[0.279s] Level 1:colcon.colcon_core.package_identification:_identify(dataset/kitti/2011_09_26/2011_09_26_drive_0001_sync/image_03/data) by extensions ['ignore', 'ignore_ament_install']
[0.279s] Level 1:colcon.colcon_core.package_identification:_identify(dataset/kitti/2011_09_26/2011_09_26_drive_0001_sync/image_03/data) by extension 'ignore'
[0.279s] Level 1:colcon.colcon_core.package_identification:_identify(dataset/kitti/2011_09_26/2011_09_26_drive_0001_sync/image_03/data) by extension 'ignore_ament_install'
[0.279s] Level 1:colcon.colcon_core.package_identification:_identify(dataset/kitti/2011_09_26/2011_09_26_drive_0001_sync/image_03/data) by extensions ['colcon_pkg']
[0.279s] Level 1:colcon.colcon_core.package_identification:_identify(dataset/kitti/2011_09_26/2011_09_26_drive_0001_sync/image_03/data) by extension 'colcon_pkg'
[0.279s] Level 1:colcon.colcon_core.package_identification:_identify(dataset/kitti/2011_09_26/2011_09_26_drive_0001_sync/image_03/data) by extensions ['colcon_meta']
[0.279s] Level 1:colcon.colcon_core.package_identification:_identify(dataset/kitti/2011_09_26/2011_09_26_drive_0001_sync/image_03/data) by extension 'colcon_meta'
[0.279s] Level 1:colcon.colcon_core.package_identification:_identify(dataset/kitti/2011_09_26/2011_09_26_drive_0001_sync/image_03/data) by extensions ['ros']
[0.279s] Level 1:colcon.colcon_core.package_identification:_identify(dataset/kitti/2011_09_26/2011_09_26_drive_0001_sync/image_03/data) by extension 'ros'
[0.279s] Level 1:colcon.colcon_core.package_identification:_identify(dataset/kitti/2011_09_26/2011_09_26_drive_0001_sync/image_03/data) by extensions ['cmake', 'python']
[0.279s] Level 1:colcon.colcon_core.package_identification:_identify(dataset/kitti/2011_09_26/2011_09_26_drive_0001_sync/image_03/data) by extension 'cmake'
[0.279s] Level 1:colcon.colcon_core.package_identification:_identify(dataset/kitti/2011_09_26/2011_09_26_drive_0001_sync/image_03/data) by extension 'python'
[0.279s] Level 1:colcon.colcon_core.package_identification:_identify(dataset/kitti/2011_09_26/2011_09_26_drive_0001_sync/image_03/data) by extensions ['python_setup_py']
[0.279s] Level 1:colcon.colcon_core.package_identification:_identify(dataset/kitti/2011_09_26/2011_09_26_drive_0001_sync/image_03/data) by extension 'python_setup_py'
[0.279s] Level 1:colcon.colcon_core.package_identification:_identify(dataset/kitti/2011_09_26/2011_09_26_drive_0001_sync/oxts) by extensions ['ignore', 'ignore_ament_install']
[0.279s] Level 1:colcon.colcon_core.package_identification:_identify(dataset/kitti/2011_09_26/2011_09_26_drive_0001_sync/oxts) by extension 'ignore'
[0.279s] Level 1:colcon.colcon_core.package_identification:_identify(dataset/kitti/2011_09_26/2011_09_26_drive_0001_sync/oxts) by extension 'ignore_ament_install'
[0.279s] Level 1:colcon.colcon_core.package_identification:_identify(dataset/kitti/2011_09_26/2011_09_26_drive_0001_sync/oxts) by extensions ['colcon_pkg']
[0.279s] Level 1:colcon.colcon_core.package_identification:_identify(dataset/kitti/2011_09_26/2011_09_26_drive_0001_sync/oxts) by extension 'colcon_pkg'
[0.279s] Level 1:colcon.colcon_core.package_identification:_identify(dataset/kitti/2011_09_26/2011_09_26_drive_0001_sync/oxts) by extensions ['colcon_meta']
[0.279s] Level 1:colcon.colcon_core.package_identification:_identify(dataset/kitti/2011_09_26/2011_09_26_drive_0001_sync/oxts) by extension 'colcon_meta'
[0.279s] Level 1:colcon.colcon_core.package_identification:_identify(dataset/kitti/2011_09_26/2011_09_26_drive_0001_sync/oxts) by extensions ['ros']
[0.279s] Level 1:colcon.colcon_core.package_identification:_identify(dataset/kitti/2011_09_26/2011_09_26_drive_0001_sync/oxts) by extension 'ros'
[0.279s] Level 1:colcon.colcon_core.package_identification:_identify(dataset/kitti/2011_09_26/2011_09_26_drive_0001_sync/oxts) by extensions ['cmake', 'python']
[0.279s] Level 1:colcon.colcon_core.package_identification:_identify(dataset/kitti/2011_09_26/2011_09_26_drive_0001_sync/oxts) by extension 'cmake'
[0.279s] Level 1:colcon.colcon_core.package_identification:_identify(dataset/kitti/2011_09_26/2011_09_26_drive_0001_sync/oxts) by extension 'python'
[0.279s] Level 1:colcon.colcon_core.package_identification:_identify(dataset/kitti/2011_09_26/2011_09_26_drive_0001_sync/oxts) by extensions ['python_setup_py']
[0.279s] Level 1:colcon.colcon_core.package_identification:_identify(dataset/kitti/2011_09_26/2011_09_26_drive_0001_sync/oxts) by extension 'python_setup_py'
[0.280s] Level 1:colcon.colcon_core.package_identification:_identify(dataset/kitti/2011_09_26/2011_09_26_drive_0001_sync/oxts/data) by extensions ['ignore', 'ignore_ament_install']
[0.280s] Level 1:colcon.colcon_core.package_identification:_identify(dataset/kitti/2011_09_26/2011_09_26_drive_0001_sync/oxts/data) by extension 'ignore'
[0.280s] Level 1:colcon.colcon_core.package_identification:_identify(dataset/kitti/2011_09_26/2011_09_26_drive_0001_sync/oxts/data) by extension 'ignore_ament_install'
[0.280s] Level 1:colcon.colcon_core.package_identification:_identify(dataset/kitti/2011_09_26/2011_09_26_drive_0001_sync/oxts/data) by extensions ['colcon_pkg']
[0.280s] Level 1:colcon.colcon_core.package_identification:_identify(dataset/kitti/2011_09_26/2011_09_26_drive_0001_sync/oxts/data) by extension 'colcon_pkg'
[0.280s] Level 1:colcon.colcon_core.package_identification:_identify(dataset/kitti/2011_09_26/2011_09_26_drive_0001_sync/oxts/data) by extensions ['colcon_meta']
[0.280s] Level 1:colcon.colcon_core.package_identification:_identify(dataset/kitti/2011_09_26/2011_09_26_drive_0001_sync/oxts/data) by extension 'colcon_meta'
[0.280s] Level 1:colcon.colcon_core.package_identification:_identify(dataset/kitti/2011_09_26/2011_09_26_drive_0001_sync/oxts/data) by extensions ['ros']
[0.280s] Level 1:colcon.colcon_core.package_identification:_identify(dataset/kitti/2011_09_26/2011_09_26_drive_0001_sync/oxts/data) by extension 'ros'
[0.280s] Level 1:colcon.colcon_core.package_identification:_identify(dataset/kitti/2011_09_26/2011_09_26_drive_0001_sync/oxts/data) by extensions ['cmake', 'python']
[0.280s] Level 1:colcon.colcon_core.package_identification:_identify(dataset/kitti/2011_09_26/2011_09_26_drive_0001_sync/oxts/data) by extension 'cmake'
[0.280s] Level 1:colcon.colcon_core.package_identification:_identify(dataset/kitti/2011_09_26/2011_09_26_drive_0001_sync/oxts/data) by extension 'python'
[0.280s] Level 1:colcon.colcon_core.package_identification:_identify(dataset/kitti/2011_09_26/2011_09_26_drive_0001_sync/oxts/data) by extensions ['python_setup_py']
[0.280s] Level 1:colcon.colcon_core.package_identification:_identify(dataset/kitti/2011_09_26/2011_09_26_drive_0001_sync/oxts/data) by extension 'python_setup_py'
[0.280s] Level 1:colcon.colcon_core.package_identification:_identify(dataset/kitti/2011_09_26/2011_09_26_drive_0001_sync/velodyne_points) by extensions ['ignore', 'ignore_ament_install']
[0.280s] Level 1:colcon.colcon_core.package_identification:_identify(dataset/kitti/2011_09_26/2011_09_26_drive_0001_sync/velodyne_points) by extension 'ignore'
[0.280s] Level 1:colcon.colcon_core.package_identification:_identify(dataset/kitti/2011_09_26/2011_09_26_drive_0001_sync/velodyne_points) by extension 'ignore_ament_install'
[0.280s] Level 1:colcon.colcon_core.package_identification:_identify(dataset/kitti/2011_09_26/2011_09_26_drive_0001_sync/velodyne_points) by extensions ['colcon_pkg']
[0.280s] Level 1:colcon.colcon_core.package_identification:_identify(dataset/kitti/2011_09_26/2011_09_26_drive_0001_sync/velodyne_points) by extension 'colcon_pkg'
[0.280s] Level 1:colcon.colcon_core.package_identification:_identify(dataset/kitti/2011_09_26/2011_09_26_drive_0001_sync/velodyne_points) by extensions ['colcon_meta']
[0.280s] Level 1:colcon.colcon_core.package_identification:_identify(dataset/kitti/2011_09_26/2011_09_26_drive_0001_sync/velodyne_points) by extension 'colcon_meta'
[0.280s] Level 1:colcon.colcon_core.package_identification:_identify(dataset/kitti/2011_09_26/2011_09_26_drive_0001_sync/velodyne_points) by extensions ['ros']
[0.280s] Level 1:colcon.colcon_core.package_identification:_identify(dataset/kitti/2011_09_26/2011_09_26_drive_0001_sync/velodyne_points) by extension 'ros'
[0.280s] Level 1:colcon.colcon_core.package_identification:_identify(dataset/kitti/2011_09_26/2011_09_26_drive_0001_sync/velodyne_points) by extensions ['cmake', 'python']
[0.280s] Level 1:colcon.colcon_core.package_identification:_identify(dataset/kitti/2011_09_26/2011_09_26_drive_0001_sync/velodyne_points) by extension 'cmake'
[0.280s] Level 1:colcon.colcon_core.package_identification:_identify(dataset/kitti/2011_09_26/2011_09_26_drive_0001_sync/velodyne_points) by extension 'python'
[0.280s] Level 1:colcon.colcon_core.package_identification:_identify(dataset/kitti/2011_09_26/2011_09_26_drive_0001_sync/velodyne_points) by extensions ['python_setup_py']
[0.280s] Level 1:colcon.colcon_core.package_identification:_identify(dataset/kitti/2011_09_26/2011_09_26_drive_0001_sync/velodyne_points) by extension 'python_setup_py'
[0.280s] Level 1:colcon.colcon_core.package_identification:_identify(dataset/kitti/2011_09_26/2011_09_26_drive_0001_sync/velodyne_points/data) by extensions ['ignore', 'ignore_ament_install']
[0.280s] Level 1:colcon.colcon_core.package_identification:_identify(dataset/kitti/2011_09_26/2011_09_26_drive_0001_sync/velodyne_points/data) by extension 'ignore'
[0.280s] Level 1:colcon.colcon_core.package_identification:_identify(dataset/kitti/2011_09_26/2011_09_26_drive_0001_sync/velodyne_points/data) by extension 'ignore_ament_install'
[0.280s] Level 1:colcon.colcon_core.package_identification:_identify(dataset/kitti/2011_09_26/2011_09_26_drive_0001_sync/velodyne_points/data) by extensions ['colcon_pkg']
[0.280s] Level 1:colcon.colcon_core.package_identification:_identify(dataset/kitti/2011_09_26/2011_09_26_drive_0001_sync/velodyne_points/data) by extension 'colcon_pkg'
[0.280s] Level 1:colcon.colcon_core.package_identification:_identify(dataset/kitti/2011_09_26/2011_09_26_drive_0001_sync/velodyne_points/data) by extensions ['colcon_meta']
[0.280s] Level 1:colcon.colcon_core.package_identification:_identify(dataset/kitti/2011_09_26/2011_09_26_drive_0001_sync/velodyne_points/data) by extension 'colcon_meta'
[0.280s] Level 1:colcon.colcon_core.package_identification:_identify(dataset/kitti/2011_09_26/2011_09_26_drive_0001_sync/velodyne_points/data) by extensions ['ros']
[0.280s] Level 1:colcon.colcon_core.package_identification:_identify(dataset/kitti/2011_09_26/2011_09_26_drive_0001_sync/velodyne_points/data) by extension 'ros'
[0.280s] Level 1:colcon.colcon_core.package_identification:_identify(dataset/kitti/2011_09_26/2011_09_26_drive_0001_sync/velodyne_points/data) by extensions ['cmake', 'python']
[0.280s] Level 1:colcon.colcon_core.package_identification:_identify(dataset/kitti/2011_09_26/2011_09_26_drive_0001_sync/velodyne_points/data) by extension 'cmake'
[0.280s] Level 1:colcon.colcon_core.package_identification:_identify(dataset/kitti/2011_09_26/2011_09_26_drive_0001_sync/velodyne_points/data) by extension 'python'
[0.280s] Level 1:colcon.colcon_core.package_identification:_identify(dataset/kitti/2011_09_26/2011_09_26_drive_0001_sync/velodyne_points/data) by extensions ['python_setup_py']
[0.280s] Level 1:colcon.colcon_core.package_identification:_identify(dataset/kitti/2011_09_26/2011_09_26_drive_0001_sync/velodyne_points/data) by extension 'python_setup_py'
[0.280s] Level 1:colcon.colcon_core.package_identification:_identify(dataset/kitti/2011_09_26/2011_09_26_drive_0002_sync) by extensions ['ignore', 'ignore_ament_install']
[0.280s] Level 1:colcon.colcon_core.package_identification:_identify(dataset/kitti/2011_09_26/2011_09_26_drive_0002_sync) by extension 'ignore'
[0.280s] Level 1:colcon.colcon_core.package_identification:_identify(dataset/kitti/2011_09_26/2011_09_26_drive_0002_sync) by extension 'ignore_ament_install'
[0.280s] Level 1:colcon.colcon_core.package_identification:_identify(dataset/kitti/2011_09_26/2011_09_26_drive_0002_sync) by extensions ['colcon_pkg']
[0.280s] Level 1:colcon.colcon_core.package_identification:_identify(dataset/kitti/2011_09_26/2011_09_26_drive_0002_sync) by extension 'colcon_pkg'
[0.281s] Level 1:colcon.colcon_core.package_identification:_identify(dataset/kitti/2011_09_26/2011_09_26_drive_0002_sync) by extensions ['colcon_meta']
[0.281s] Level 1:colcon.colcon_core.package_identification:_identify(dataset/kitti/2011_09_26/2011_09_26_drive_0002_sync) by extension 'colcon_meta'
[0.281s] Level 1:colcon.colcon_core.package_identification:_identify(dataset/kitti/2011_09_26/2011_09_26_drive_0002_sync) by extensions ['ros']
[0.281s] Level 1:colcon.colcon_core.package_identification:_identify(dataset/kitti/2011_09_26/2011_09_26_drive_0002_sync) by extension 'ros'
[0.281s] Level 1:colcon.colcon_core.package_identification:_identify(dataset/kitti/2011_09_26/2011_09_26_drive_0002_sync) by extensions ['cmake', 'python']
[0.281s] Level 1:colcon.colcon_core.package_identification:_identify(dataset/kitti/2011_09_26/2011_09_26_drive_0002_sync) by extension 'cmake'
[0.281s] Level 1:colcon.colcon_core.package_identification:_identify(dataset/kitti/2011_09_26/2011_09_26_drive_0002_sync) by extension 'python'
[0.281s] Level 1:colcon.colcon_core.package_identification:_identify(dataset/kitti/2011_09_26/2011_09_26_drive_0002_sync) by extensions ['python_setup_py']
[0.281s] Level 1:colcon.colcon_core.package_identification:_identify(dataset/kitti/2011_09_26/2011_09_26_drive_0002_sync) by extension 'python_setup_py'
[0.281s] Level 1:colcon.colcon_core.package_identification:_identify(dataset/kitti/2011_09_26/2011_09_26_drive_0002_sync/image_00) by extensions ['ignore', 'ignore_ament_install']
[0.281s] Level 1:colcon.colcon_core.package_identification:_identify(dataset/kitti/2011_09_26/2011_09_26_drive_0002_sync/image_00) by extension 'ignore'
[0.281s] Level 1:colcon.colcon_core.package_identification:_identify(dataset/kitti/2011_09_26/2011_09_26_drive_0002_sync/image_00) by extension 'ignore_ament_install'
[0.281s] Level 1:colcon.colcon_core.package_identification:_identify(dataset/kitti/2011_09_26/2011_09_26_drive_0002_sync/image_00) by extensions ['colcon_pkg']
[0.281s] Level 1:colcon.colcon_core.package_identification:_identify(dataset/kitti/2011_09_26/2011_09_26_drive_0002_sync/image_00) by extension 'colcon_pkg'
[0.281s] Level 1:colcon.colcon_core.package_identification:_identify(dataset/kitti/2011_09_26/2011_09_26_drive_0002_sync/image_00) by extensions ['colcon_meta']
[0.281s] Level 1:colcon.colcon_core.package_identification:_identify(dataset/kitti/2011_09_26/2011_09_26_drive_0002_sync/image_00) by extension 'colcon_meta'
[0.281s] Level 1:colcon.colcon_core.package_identification:_identify(dataset/kitti/2011_09_26/2011_09_26_drive_0002_sync/image_00) by extensions ['ros']
[0.281s] Level 1:colcon.colcon_core.package_identification:_identify(dataset/kitti/2011_09_26/2011_09_26_drive_0002_sync/image_00) by extension 'ros'
[0.281s] Level 1:colcon.colcon_core.package_identification:_identify(dataset/kitti/2011_09_26/2011_09_26_drive_0002_sync/image_00) by extensions ['cmake', 'python']
[0.281s] Level 1:colcon.colcon_core.package_identification:_identify(dataset/kitti/2011_09_26/2011_09_26_drive_0002_sync/image_00) by extension 'cmake'
[0.281s] Level 1:colcon.colcon_core.package_identification:_identify(dataset/kitti/2011_09_26/2011_09_26_drive_0002_sync/image_00) by extension 'python'
[0.281s] Level 1:colcon.colcon_core.package_identification:_identify(dataset/kitti/2011_09_26/2011_09_26_drive_0002_sync/image_00) by extensions ['python_setup_py']
[0.281s] Level 1:colcon.colcon_core.package_identification:_identify(dataset/kitti/2011_09_26/2011_09_26_drive_0002_sync/image_00) by extension 'python_setup_py'
[0.281s] Level 1:colcon.colcon_core.package_identification:_identify(dataset/kitti/2011_09_26/2011_09_26_drive_0002_sync/image_00/data) by extensions ['ignore', 'ignore_ament_install']
[0.281s] Level 1:colcon.colcon_core.package_identification:_identify(dataset/kitti/2011_09_26/2011_09_26_drive_0002_sync/image_00/data) by extension 'ignore'
[0.281s] Level 1:colcon.colcon_core.package_identification:_identify(dataset/kitti/2011_09_26/2011_09_26_drive_0002_sync/image_00/data) by extension 'ignore_ament_install'
[0.281s] Level 1:colcon.colcon_core.package_identification:_identify(dataset/kitti/2011_09_26/2011_09_26_drive_0002_sync/image_00/data) by extensions ['colcon_pkg']
[0.281s] Level 1:colcon.colcon_core.package_identification:_identify(dataset/kitti/2011_09_26/2011_09_26_drive_0002_sync/image_00/data) by extension 'colcon_pkg'
[0.281s] Level 1:colcon.colcon_core.package_identification:_identify(dataset/kitti/2011_09_26/2011_09_26_drive_0002_sync/image_00/data) by extensions ['colcon_meta']
[0.281s] Level 1:colcon.colcon_core.package_identification:_identify(dataset/kitti/2011_09_26/2011_09_26_drive_0002_sync/image_00/data) by extension 'colcon_meta'
[0.281s] Level 1:colcon.colcon_core.package_identification:_identify(dataset/kitti/2011_09_26/2011_09_26_drive_0002_sync/image_00/data) by extensions ['ros']
[0.281s] Level 1:colcon.colcon_core.package_identification:_identify(dataset/kitti/2011_09_26/2011_09_26_drive_0002_sync/image_00/data) by extension 'ros'
[0.281s] Level 1:colcon.colcon_core.package_identification:_identify(dataset/kitti/2011_09_26/2011_09_26_drive_0002_sync/image_00/data) by extensions ['cmake', 'python']
[0.281s] Level 1:colcon.colcon_core.package_identification:_identify(dataset/kitti/2011_09_26/2011_09_26_drive_0002_sync/image_00/data) by extension 'cmake'
[0.281s] Level 1:colcon.colcon_core.package_identification:_identify(dataset/kitti/2011_09_26/2011_09_26_drive_0002_sync/image_00/data) by extension 'python'
[0.281s] Level 1:colcon.colcon_core.package_identification:_identify(dataset/kitti/2011_09_26/2011_09_26_drive_0002_sync/image_00/data) by extensions ['python_setup_py']
[0.281s] Level 1:colcon.colcon_core.package_identification:_identify(dataset/kitti/2011_09_26/2011_09_26_drive_0002_sync/image_00/data) by extension 'python_setup_py'
[0.281s] Level 1:colcon.colcon_core.package_identification:_identify(dataset/kitti/2011_09_26/2011_09_26_drive_0002_sync/image_01) by extensions ['ignore', 'ignore_ament_install']
[0.281s] Level 1:colcon.colcon_core.package_identification:_identify(dataset/kitti/2011_09_26/2011_09_26_drive_0002_sync/image_01) by extension 'ignore'
[0.281s] Level 1:colcon.colcon_core.package_identification:_identify(dataset/kitti/2011_09_26/2011_09_26_drive_0002_sync/image_01) by extension 'ignore_ament_install'
[0.281s] Level 1:colcon.colcon_core.package_identification:_identify(dataset/kitti/2011_09_26/2011_09_26_drive_0002_sync/image_01) by extensions ['colcon_pkg']
[0.281s] Level 1:colcon.colcon_core.package_identification:_identify(dataset/kitti/2011_09_26/2011_09_26_drive_0002_sync/image_01) by extension 'colcon_pkg'
[0.281s] Level 1:colcon.colcon_core.package_identification:_identify(dataset/kitti/2011_09_26/2011_09_26_drive_0002_sync/image_01) by extensions ['colcon_meta']
[0.281s] Level 1:colcon.colcon_core.package_identification:_identify(dataset/kitti/2011_09_26/2011_09_26_drive_0002_sync/image_01) by extension 'colcon_meta'
[0.281s] Level 1:colcon.colcon_core.package_identification:_identify(dataset/kitti/2011_09_26/2011_09_26_drive_0002_sync/image_01) by extensions ['ros']
[0.281s] Level 1:colcon.colcon_core.package_identification:_identify(dataset/kitti/2011_09_26/2011_09_26_drive_0002_sync/image_01) by extension 'ros'
[0.281s] Level 1:colcon.colcon_core.package_identification:_identify(dataset/kitti/2011_09_26/2011_09_26_drive_0002_sync/image_01) by extensions ['cmake', 'python']
[0.281s] Level 1:colcon.colcon_core.package_identification:_identify(dataset/kitti/2011_09_26/2011_09_26_drive_0002_sync/image_01) by extension 'cmake'
[0.281s] Level 1:colcon.colcon_core.package_identification:_identify(dataset/kitti/2011_09_26/2011_09_26_drive_0002_sync/image_01) by extension 'python'
[0.281s] Level 1:colcon.colcon_core.package_identification:_identify(dataset/kitti/2011_09_26/2011_09_26_drive_0002_sync/image_01) by extensions ['python_setup_py']
[0.281s] Level 1:colcon.colcon_core.package_identification:_identify(dataset/kitti/2011_09_26/2011_09_26_drive_0002_sync/image_01) by extension 'python_setup_py'
[0.282s] Level 1:colcon.colcon_core.package_identification:_identify(dataset/kitti/2011_09_26/2011_09_26_drive_0002_sync/image_01/data) by extensions ['ignore', 'ignore_ament_install']
[0.282s] Level 1:colcon.colcon_core.package_identification:_identify(dataset/kitti/2011_09_26/2011_09_26_drive_0002_sync/image_01/data) by extension 'ignore'
[0.282s] Level 1:colcon.colcon_core.package_identification:_identify(dataset/kitti/2011_09_26/2011_09_26_drive_0002_sync/image_01/data) by extension 'ignore_ament_install'
[0.282s] Level 1:colcon.colcon_core.package_identification:_identify(dataset/kitti/2011_09_26/2011_09_26_drive_0002_sync/image_01/data) by extensions ['colcon_pkg']
[0.282s] Level 1:colcon.colcon_core.package_identification:_identify(dataset/kitti/2011_09_26/2011_09_26_drive_0002_sync/image_01/data) by extension 'colcon_pkg'
[0.282s] Level 1:colcon.colcon_core.package_identification:_identify(dataset/kitti/2011_09_26/2011_09_26_drive_0002_sync/image_01/data) by extensions ['colcon_meta']
[0.282s] Level 1:colcon.colcon_core.package_identification:_identify(dataset/kitti/2011_09_26/2011_09_26_drive_0002_sync/image_01/data) by extension 'colcon_meta'
[0.282s] Level 1:colcon.colcon_core.package_identification:_identify(dataset/kitti/2011_09_26/2011_09_26_drive_0002_sync/image_01/data) by extensions ['ros']
[0.282s] Level 1:colcon.colcon_core.package_identification:_identify(dataset/kitti/2011_09_26/2011_09_26_drive_0002_sync/image_01/data) by extension 'ros'
[0.282s] Level 1:colcon.colcon_core.package_identification:_identify(dataset/kitti/2011_09_26/2011_09_26_drive_0002_sync/image_01/data) by extensions ['cmake', 'python']
[0.282s] Level 1:colcon.colcon_core.package_identification:_identify(dataset/kitti/2011_09_26/2011_09_26_drive_0002_sync/image_01/data) by extension 'cmake'
[0.282s] Level 1:colcon.colcon_core.package_identification:_identify(dataset/kitti/2011_09_26/2011_09_26_drive_0002_sync/image_01/data) by extension 'python'
[0.282s] Level 1:colcon.colcon_core.package_identification:_identify(dataset/kitti/2011_09_26/2011_09_26_drive_0002_sync/image_01/data) by extensions ['python_setup_py']
[0.282s] Level 1:colcon.colcon_core.package_identification:_identify(dataset/kitti/2011_09_26/2011_09_26_drive_0002_sync/image_01/data) by extension 'python_setup_py'
[0.282s] Level 1:colcon.colcon_core.package_identification:_identify(dataset/kitti/2011_09_26/2011_09_26_drive_0002_sync/image_02) by extensions ['ignore', 'ignore_ament_install']
[0.282s] Level 1:colcon.colcon_core.package_identification:_identify(dataset/kitti/2011_09_26/2011_09_26_drive_0002_sync/image_02) by extension 'ignore'
[0.282s] Level 1:colcon.colcon_core.package_identification:_identify(dataset/kitti/2011_09_26/2011_09_26_drive_0002_sync/image_02) by extension 'ignore_ament_install'
[0.282s] Level 1:colcon.colcon_core.package_identification:_identify(dataset/kitti/2011_09_26/2011_09_26_drive_0002_sync/image_02) by extensions ['colcon_pkg']
[0.282s] Level 1:colcon.colcon_core.package_identification:_identify(dataset/kitti/2011_09_26/2011_09_26_drive_0002_sync/image_02) by extension 'colcon_pkg'
[0.282s] Level 1:colcon.colcon_core.package_identification:_identify(dataset/kitti/2011_09_26/2011_09_26_drive_0002_sync/image_02) by extensions ['colcon_meta']
[0.282s] Level 1:colcon.colcon_core.package_identification:_identify(dataset/kitti/2011_09_26/2011_09_26_drive_0002_sync/image_02) by extension 'colcon_meta'
[0.282s] Level 1:colcon.colcon_core.package_identification:_identify(dataset/kitti/2011_09_26/2011_09_26_drive_0002_sync/image_02) by extensions ['ros']
[0.282s] Level 1:colcon.colcon_core.package_identification:_identify(dataset/kitti/2011_09_26/2011_09_26_drive_0002_sync/image_02) by extension 'ros'
[0.282s] Level 1:colcon.colcon_core.package_identification:_identify(dataset/kitti/2011_09_26/2011_09_26_drive_0002_sync/image_02) by extensions ['cmake', 'python']
[0.282s] Level 1:colcon.colcon_core.package_identification:_identify(dataset/kitti/2011_09_26/2011_09_26_drive_0002_sync/image_02) by extension 'cmake'
[0.282s] Level 1:colcon.colcon_core.package_identification:_identify(dataset/kitti/2011_09_26/2011_09_26_drive_0002_sync/image_02) by extension 'python'
[0.282s] Level 1:colcon.colcon_core.package_identification:_identify(dataset/kitti/2011_09_26/2011_09_26_drive_0002_sync/image_02) by extensions ['python_setup_py']
[0.282s] Level 1:colcon.colcon_core.package_identification:_identify(dataset/kitti/2011_09_26/2011_09_26_drive_0002_sync/image_02) by extension 'python_setup_py'
[0.282s] Level 1:colcon.colcon_core.package_identification:_identify(dataset/kitti/2011_09_26/2011_09_26_drive_0002_sync/image_02/data) by extensions ['ignore', 'ignore_ament_install']
[0.282s] Level 1:colcon.colcon_core.package_identification:_identify(dataset/kitti/2011_09_26/2011_09_26_drive_0002_sync/image_02/data) by extension 'ignore'
[0.282s] Level 1:colcon.colcon_core.package_identification:_identify(dataset/kitti/2011_09_26/2011_09_26_drive_0002_sync/image_02/data) by extension 'ignore_ament_install'
[0.282s] Level 1:colcon.colcon_core.package_identification:_identify(dataset/kitti/2011_09_26/2011_09_26_drive_0002_sync/image_02/data) by extensions ['colcon_pkg']
[0.282s] Level 1:colcon.colcon_core.package_identification:_identify(dataset/kitti/2011_09_26/2011_09_26_drive_0002_sync/image_02/data) by extension 'colcon_pkg'
[0.282s] Level 1:colcon.colcon_core.package_identification:_identify(dataset/kitti/2011_09_26/2011_09_26_drive_0002_sync/image_02/data) by extensions ['colcon_meta']
[0.282s] Level 1:colcon.colcon_core.package_identification:_identify(dataset/kitti/2011_09_26/2011_09_26_drive_0002_sync/image_02/data) by extension 'colcon_meta'
[0.282s] Level 1:colcon.colcon_core.package_identification:_identify(dataset/kitti/2011_09_26/2011_09_26_drive_0002_sync/image_02/data) by extensions ['ros']
[0.282s] Level 1:colcon.colcon_core.package_identification:_identify(dataset/kitti/2011_09_26/2011_09_26_drive_0002_sync/image_02/data) by extension 'ros'
[0.282s] Level 1:colcon.colcon_core.package_identification:_identify(dataset/kitti/2011_09_26/2011_09_26_drive_0002_sync/image_02/data) by extensions ['cmake', 'python']
[0.282s] Level 1:colcon.colcon_core.package_identification:_identify(dataset/kitti/2011_09_26/2011_09_26_drive_0002_sync/image_02/data) by extension 'cmake'
[0.282s] Level 1:colcon.colcon_core.package_identification:_identify(dataset/kitti/2011_09_26/2011_09_26_drive_0002_sync/image_02/data) by extension 'python'
[0.282s] Level 1:colcon.colcon_core.package_identification:_identify(dataset/kitti/2011_09_26/2011_09_26_drive_0002_sync/image_02/data) by extensions ['python_setup_py']
[0.282s] Level 1:colcon.colcon_core.package_identification:_identify(dataset/kitti/2011_09_26/2011_09_26_drive_0002_sync/image_02/data) by extension 'python_setup_py'
[0.282s] Level 1:colcon.colcon_core.package_identification:_identify(dataset/kitti/2011_09_26/2011_09_26_drive_0002_sync/image_03) by extensions ['ignore', 'ignore_ament_install']
[0.282s] Level 1:colcon.colcon_core.package_identification:_identify(dataset/kitti/2011_09_26/2011_09_26_drive_0002_sync/image_03) by extension 'ignore'
[0.282s] Level 1:colcon.colcon_core.package_identification:_identify(dataset/kitti/2011_09_26/2011_09_26_drive_0002_sync/image_03) by extension 'ignore_ament_install'
[0.283s] Level 1:colcon.colcon_core.package_identification:_identify(dataset/kitti/2011_09_26/2011_09_26_drive_0002_sync/image_03) by extensions ['colcon_pkg']
[0.283s] Level 1:colcon.colcon_core.package_identification:_identify(dataset/kitti/2011_09_26/2011_09_26_drive_0002_sync/image_03) by extension 'colcon_pkg'
[0.283s] Level 1:colcon.colcon_core.package_identification:_identify(dataset/kitti/2011_09_26/2011_09_26_drive_0002_sync/image_03) by extensions ['colcon_meta']
[0.283s] Level 1:colcon.colcon_core.package_identification:_identify(dataset/kitti/2011_09_26/2011_09_26_drive_0002_sync/image_03) by extension 'colcon_meta'
[0.283s] Level 1:colcon.colcon_core.package_identification:_identify(dataset/kitti/2011_09_26/2011_09_26_drive_0002_sync/image_03) by extensions ['ros']
[0.283s] Level 1:colcon.colcon_core.package_identification:_identify(dataset/kitti/2011_09_26/2011_09_26_drive_0002_sync/image_03) by extension 'ros'
[0.283s] Level 1:colcon.colcon_core.package_identification:_identify(dataset/kitti/2011_09_26/2011_09_26_drive_0002_sync/image_03) by extensions ['cmake', 'python']
[0.283s] Level 1:colcon.colcon_core.package_identification:_identify(dataset/kitti/2011_09_26/2011_09_26_drive_0002_sync/image_03) by extension 'cmake'
[0.283s] Level 1:colcon.colcon_core.package_identification:_identify(dataset/kitti/2011_09_26/2011_09_26_drive_0002_sync/image_03) by extension 'python'
[0.283s] Level 1:colcon.colcon_core.package_identification:_identify(dataset/kitti/2011_09_26/2011_09_26_drive_0002_sync/image_03) by extensions ['python_setup_py']
[0.283s] Level 1:colcon.colcon_core.package_identification:_identify(dataset/kitti/2011_09_26/2011_09_26_drive_0002_sync/image_03) by extension 'python_setup_py'
[0.283s] Level 1:colcon.colcon_core.package_identification:_identify(dataset/kitti/2011_09_26/2011_09_26_drive_0002_sync/image_03/data) by extensions ['ignore', 'ignore_ament_install']
[0.283s] Level 1:colcon.colcon_core.package_identification:_identify(dataset/kitti/2011_09_26/2011_09_26_drive_0002_sync/image_03/data) by extension 'ignore'
[0.283s] Level 1:colcon.colcon_core.package_identification:_identify(dataset/kitti/2011_09_26/2011_09_26_drive_0002_sync/image_03/data) by extension 'ignore_ament_install'
[0.283s] Level 1:colcon.colcon_core.package_identification:_identify(dataset/kitti/2011_09_26/2011_09_26_drive_0002_sync/image_03/data) by extensions ['colcon_pkg']
[0.283s] Level 1:colcon.colcon_core.package_identification:_identify(dataset/kitti/2011_09_26/2011_09_26_drive_0002_sync/image_03/data) by extension 'colcon_pkg'
[0.283s] Level 1:colcon.colcon_core.package_identification:_identify(dataset/kitti/2011_09_26/2011_09_26_drive_0002_sync/image_03/data) by extensions ['colcon_meta']
[0.283s] Level 1:colcon.colcon_core.package_identification:_identify(dataset/kitti/2011_09_26/2011_09_26_drive_0002_sync/image_03/data) by extension 'colcon_meta'
[0.283s] Level 1:colcon.colcon_core.package_identification:_identify(dataset/kitti/2011_09_26/2011_09_26_drive_0002_sync/image_03/data) by extensions ['ros']
[0.283s] Level 1:colcon.colcon_core.package_identification:_identify(dataset/kitti/2011_09_26/2011_09_26_drive_0002_sync/image_03/data) by extension 'ros'
[0.283s] Level 1:colcon.colcon_core.package_identification:_identify(dataset/kitti/2011_09_26/2011_09_26_drive_0002_sync/image_03/data) by extensions ['cmake', 'python']
[0.283s] Level 1:colcon.colcon_core.package_identification:_identify(dataset/kitti/2011_09_26/2011_09_26_drive_0002_sync/image_03/data) by extension 'cmake'
[0.283s] Level 1:colcon.colcon_core.package_identification:_identify(dataset/kitti/2011_09_26/2011_09_26_drive_0002_sync/image_03/data) by extension 'python'
[0.283s] Level 1:colcon.colcon_core.package_identification:_identify(dataset/kitti/2011_09_26/2011_09_26_drive_0002_sync/image_03/data) by extensions ['python_setup_py']
[0.283s] Level 1:colcon.colcon_core.package_identification:_identify(dataset/kitti/2011_09_26/2011_09_26_drive_0002_sync/image_03/data) by extension 'python_setup_py'
[0.283s] Level 1:colcon.colcon_core.package_identification:_identify(dataset/kitti/2011_09_26/2011_09_26_drive_0002_sync/oxts) by extensions ['ignore', 'ignore_ament_install']
[0.283s] Level 1:colcon.colcon_core.package_identification:_identify(dataset/kitti/2011_09_26/2011_09_26_drive_0002_sync/oxts) by extension 'ignore'
[0.283s] Level 1:colcon.colcon_core.package_identification:_identify(dataset/kitti/2011_09_26/2011_09_26_drive_0002_sync/oxts) by extension 'ignore_ament_install'
[0.283s] Level 1:colcon.colcon_core.package_identification:_identify(dataset/kitti/2011_09_26/2011_09_26_drive_0002_sync/oxts) by extensions ['colcon_pkg']
[0.283s] Level 1:colcon.colcon_core.package_identification:_identify(dataset/kitti/2011_09_26/2011_09_26_drive_0002_sync/oxts) by extension 'colcon_pkg'
[0.283s] Level 1:colcon.colcon_core.package_identification:_identify(dataset/kitti/2011_09_26/2011_09_26_drive_0002_sync/oxts) by extensions ['colcon_meta']
[0.283s] Level 1:colcon.colcon_core.package_identification:_identify(dataset/kitti/2011_09_26/2011_09_26_drive_0002_sync/oxts) by extension 'colcon_meta'
[0.283s] Level 1:colcon.colcon_core.package_identification:_identify(dataset/kitti/2011_09_26/2011_09_26_drive_0002_sync/oxts) by extensions ['ros']
[0.283s] Level 1:colcon.colcon_core.package_identification:_identify(dataset/kitti/2011_09_26/2011_09_26_drive_0002_sync/oxts) by extension 'ros'
[0.283s] Level 1:colcon.colcon_core.package_identification:_identify(dataset/kitti/2011_09_26/2011_09_26_drive_0002_sync/oxts) by extensions ['cmake', 'python']
[0.283s] Level 1:colcon.colcon_core.package_identification:_identify(dataset/kitti/2011_09_26/2011_09_26_drive_0002_sync/oxts) by extension 'cmake'
[0.283s] Level 1:colcon.colcon_core.package_identification:_identify(dataset/kitti/2011_09_26/2011_09_26_drive_0002_sync/oxts) by extension 'python'
[0.283s] Level 1:colcon.colcon_core.package_identification:_identify(dataset/kitti/2011_09_26/2011_09_26_drive_0002_sync/oxts) by extensions ['python_setup_py']
[0.283s] Level 1:colcon.colcon_core.package_identification:_identify(dataset/kitti/2011_09_26/2011_09_26_drive_0002_sync/oxts) by extension 'python_setup_py'
[0.283s] Level 1:colcon.colcon_core.package_identification:_identify(dataset/kitti/2011_09_26/2011_09_26_drive_0002_sync/oxts/data) by extensions ['ignore', 'ignore_ament_install']
[0.283s] Level 1:colcon.colcon_core.package_identification:_identify(dataset/kitti/2011_09_26/2011_09_26_drive_0002_sync/oxts/data) by extension 'ignore'
[0.283s] Level 1:colcon.colcon_core.package_identification:_identify(dataset/kitti/2011_09_26/2011_09_26_drive_0002_sync/oxts/data) by extension 'ignore_ament_install'
[0.283s] Level 1:colcon.colcon_core.package_identification:_identify(dataset/kitti/2011_09_26/2011_09_26_drive_0002_sync/oxts/data) by extensions ['colcon_pkg']
[0.283s] Level 1:colcon.colcon_core.package_identification:_identify(dataset/kitti/2011_09_26/2011_09_26_drive_0002_sync/oxts/data) by extension 'colcon_pkg'
[0.283s] Level 1:colcon.colcon_core.package_identification:_identify(dataset/kitti/2011_09_26/2011_09_26_drive_0002_sync/oxts/data) by extensions ['colcon_meta']
[0.283s] Level 1:colcon.colcon_core.package_identification:_identify(dataset/kitti/2011_09_26/2011_09_26_drive_0002_sync/oxts/data) by extension 'colcon_meta'
[0.283s] Level 1:colcon.colcon_core.package_identification:_identify(dataset/kitti/2011_09_26/2011_09_26_drive_0002_sync/oxts/data) by extensions ['ros']
[0.283s] Level 1:colcon.colcon_core.package_identification:_identify(dataset/kitti/2011_09_26/2011_09_26_drive_0002_sync/oxts/data) by extension 'ros'
[0.283s] Level 1:colcon.colcon_core.package_identification:_identify(dataset/kitti/2011_09_26/2011_09_26_drive_0002_sync/oxts/data) by extensions ['cmake', 'python']
[0.284s] Level 1:colcon.colcon_core.package_identification:_identify(dataset/kitti/2011_09_26/2011_09_26_drive_0002_sync/oxts/data) by extension 'cmake'
[0.284s] Level 1:colcon.colcon_core.package_identification:_identify(dataset/kitti/2011_09_26/2011_09_26_drive_0002_sync/oxts/data) by extension 'python'
[0.284s] Level 1:colcon.colcon_core.package_identification:_identify(dataset/kitti/2011_09_26/2011_09_26_drive_0002_sync/oxts/data) by extensions ['python_setup_py']
[0.284s] Level 1:colcon.colcon_core.package_identification:_identify(dataset/kitti/2011_09_26/2011_09_26_drive_0002_sync/oxts/data) by extension 'python_setup_py'
[0.284s] Level 1:colcon.colcon_core.package_identification:_identify(dataset/kitti/2011_09_26/2011_09_26_drive_0002_sync/velodyne_points) by extensions ['ignore', 'ignore_ament_install']
[0.284s] Level 1:colcon.colcon_core.package_identification:_identify(dataset/kitti/2011_09_26/2011_09_26_drive_0002_sync/velodyne_points) by extension 'ignore'
[0.284s] Level 1:colcon.colcon_core.package_identification:_identify(dataset/kitti/2011_09_26/2011_09_26_drive_0002_sync/velodyne_points) by extension 'ignore_ament_install'
[0.284s] Level 1:colcon.colcon_core.package_identification:_identify(dataset/kitti/2011_09_26/2011_09_26_drive_0002_sync/velodyne_points) by extensions ['colcon_pkg']
[0.284s] Level 1:colcon.colcon_core.package_identification:_identify(dataset/kitti/2011_09_26/2011_09_26_drive_0002_sync/velodyne_points) by extension 'colcon_pkg'
[0.284s] Level 1:colcon.colcon_core.package_identification:_identify(dataset/kitti/2011_09_26/2011_09_26_drive_0002_sync/velodyne_points) by extensions ['colcon_meta']
[0.284s] Level 1:colcon.colcon_core.package_identification:_identify(dataset/kitti/2011_09_26/2011_09_26_drive_0002_sync/velodyne_points) by extension 'colcon_meta'
[0.284s] Level 1:colcon.colcon_core.package_identification:_identify(dataset/kitti/2011_09_26/2011_09_26_drive_0002_sync/velodyne_points) by extensions ['ros']
[0.284s] Level 1:colcon.colcon_core.package_identification:_identify(dataset/kitti/2011_09_26/2011_09_26_drive_0002_sync/velodyne_points) by extension 'ros'
[0.284s] Level 1:colcon.colcon_core.package_identification:_identify(dataset/kitti/2011_09_26/2011_09_26_drive_0002_sync/velodyne_points) by extensions ['cmake', 'python']
[0.284s] Level 1:colcon.colcon_core.package_identification:_identify(dataset/kitti/2011_09_26/2011_09_26_drive_0002_sync/velodyne_points) by extension 'cmake'
[0.284s] Level 1:colcon.colcon_core.package_identification:_identify(dataset/kitti/2011_09_26/2011_09_26_drive_0002_sync/velodyne_points) by extension 'python'
[0.284s] Level 1:colcon.colcon_core.package_identification:_identify(dataset/kitti/2011_09_26/2011_09_26_drive_0002_sync/velodyne_points) by extensions ['python_setup_py']
[0.284s] Level 1:colcon.colcon_core.package_identification:_identify(dataset/kitti/2011_09_26/2011_09_26_drive_0002_sync/velodyne_points) by extension 'python_setup_py'
[0.284s] Level 1:colcon.colcon_core.package_identification:_identify(dataset/kitti/2011_09_26/2011_09_26_drive_0002_sync/velodyne_points/data) by extensions ['ignore', 'ignore_ament_install']
[0.284s] Level 1:colcon.colcon_core.package_identification:_identify(dataset/kitti/2011_09_26/2011_09_26_drive_0002_sync/velodyne_points/data) by extension 'ignore'
[0.284s] Level 1:colcon.colcon_core.package_identification:_identify(dataset/kitti/2011_09_26/2011_09_26_drive_0002_sync/velodyne_points/data) by extension 'ignore_ament_install'
[0.284s] Level 1:colcon.colcon_core.package_identification:_identify(dataset/kitti/2011_09_26/2011_09_26_drive_0002_sync/velodyne_points/data) by extensions ['colcon_pkg']
[0.284s] Level 1:colcon.colcon_core.package_identification:_identify(dataset/kitti/2011_09_26/2011_09_26_drive_0002_sync/velodyne_points/data) by extension 'colcon_pkg'
[0.284s] Level 1:colcon.colcon_core.package_identification:_identify(dataset/kitti/2011_09_26/2011_09_26_drive_0002_sync/velodyne_points/data) by extensions ['colcon_meta']
[0.284s] Level 1:colcon.colcon_core.package_identification:_identify(dataset/kitti/2011_09_26/2011_09_26_drive_0002_sync/velodyne_points/data) by extension 'colcon_meta'
[0.284s] Level 1:colcon.colcon_core.package_identification:_identify(dataset/kitti/2011_09_26/2011_09_26_drive_0002_sync/velodyne_points/data) by extensions ['ros']
[0.284s] Level 1:colcon.colcon_core.package_identification:_identify(dataset/kitti/2011_09_26/2011_09_26_drive_0002_sync/velodyne_points/data) by extension 'ros'
[0.284s] Level 1:colcon.colcon_core.package_identification:_identify(dataset/kitti/2011_09_26/2011_09_26_drive_0002_sync/velodyne_points/data) by extensions ['cmake', 'python']
[0.284s] Level 1:colcon.colcon_core.package_identification:_identify(dataset/kitti/2011_09_26/2011_09_26_drive_0002_sync/velodyne_points/data) by extension 'cmake'
[0.284s] Level 1:colcon.colcon_core.package_identification:_identify(dataset/kitti/2011_09_26/2011_09_26_drive_0002_sync/velodyne_points/data) by extension 'python'
[0.284s] Level 1:colcon.colcon_core.package_identification:_identify(dataset/kitti/2011_09_26/2011_09_26_drive_0002_sync/velodyne_points/data) by extensions ['python_setup_py']
[0.284s] Level 1:colcon.colcon_core.package_identification:_identify(dataset/kitti/2011_09_26/2011_09_26_drive_0002_sync/velodyne_points/data) by extension 'python_setup_py'
[0.284s] Level 1:colcon.colcon_core.package_identification:_identify(install) by extensions ['ignore', 'ignore_ament_install']
[0.284s] Level 1:colcon.colcon_core.package_identification:_identify(install) by extension 'ignore'
[0.284s] Level 1:colcon.colcon_core.package_identification:_identify(install) ignored
[0.284s] Level 1:colcon.colcon_core.package_identification:_identify(kitti_publisher) by extensions ['ignore', 'ignore_ament_install']
[0.284s] Level 1:colcon.colcon_core.package_identification:_identify(kitti_publisher) by extension 'ignore'
[0.284s] Level 1:colcon.colcon_core.package_identification:_identify(kitti_publisher) by extension 'ignore_ament_install'
[0.284s] Level 1:colcon.colcon_core.package_identification:_identify(kitti_publisher) by extensions ['colcon_pkg']
[0.284s] Level 1:colcon.colcon_core.package_identification:_identify(kitti_publisher) by extension 'colcon_pkg'
[0.284s] Level 1:colcon.colcon_core.package_identification:_identify(kitti_publisher) by extensions ['colcon_meta']
[0.284s] Level 1:colcon.colcon_core.package_identification:_identify(kitti_publisher) by extension 'colcon_meta'
[0.284s] Level 1:colcon.colcon_core.package_identification:_identify(kitti_publisher) by extensions ['ros']
[0.284s] Level 1:colcon.colcon_core.package_identification:_identify(kitti_publisher) by extension 'ros'
[0.286s] DEBUG:colcon.colcon_core.package_identification:Package 'kitti_publisher' with type 'ros.ament_cmake' and name 'kitti_publisher'
[0.286s] Level 1:colcon.colcon_core.package_identification:_identify(log) by extensions ['ignore', 'ignore_ament_install']
[0.286s] Level 1:colcon.colcon_core.package_identification:_identify(log) by extension 'ignore'
[0.286s] Level 1:colcon.colcon_core.package_identification:_identify(log) ignored
[0.286s] Level 1:colcon.colcon_core.package_identification:_identify(src) by extensions ['ignore', 'ignore_ament_install']
[0.286s] Level 1:colcon.colcon_core.package_identification:_identify(src) by extension 'ignore'
[0.286s] Level 1:colcon.colcon_core.package_identification:_identify(src) by extension 'ignore_ament_install'
[0.286s] Level 1:colcon.colcon_core.package_identification:_identify(src) by extensions ['colcon_pkg']
[0.286s] Level 1:colcon.colcon_core.package_identification:_identify(src) by extension 'colcon_pkg'
[0.286s] Level 1:colcon.colcon_core.package_identification:_identify(src) by extensions ['colcon_meta']
[0.286s] Level 1:colcon.colcon_core.package_identification:_identify(src) by extension 'colcon_meta'
[0.286s] Level 1:colcon.colcon_core.package_identification:_identify(src) by extensions ['ros']
[0.286s] Level 1:colcon.colcon_core.package_identification:_identify(src) by extension 'ros'
[0.286s] Level 1:colcon.colcon_core.package_identification:_identify(src) by extensions ['cmake', 'python']
[0.286s] Level 1:colcon.colcon_core.package_identification:_identify(src) by extension 'cmake'
[0.286s] Level 1:colcon.colcon_core.package_identification:_identify(src) by extension 'python'
[0.286s] Level 1:colcon.colcon_core.package_identification:_identify(src) by extensions ['python_setup_py']
[0.286s] Level 1:colcon.colcon_core.package_identification:_identify(src) by extension 'python_setup_py'
[0.286s] Level 1:colcon.colcon_core.package_discovery:discover_packages(recursive) using defaults
[0.286s] Level 1:colcon.colcon_core.package_discovery:discover_packages(ignore) discover
[0.286s] Level 1:colcon.colcon_core.package_discovery:discover_packages(ignore) using defaults
[0.286s] Level 1:colcon.colcon_core.package_discovery:discover_packages(path) discover
[0.286s] Level 1:colcon.colcon_core.package_discovery:discover_packages(path) using defaults
[0.299s] Level 1:colcon.colcon_core.package_discovery:discover_packages(prefix_path) check parameters
[0.299s] Level 1:colcon.colcon_core.package_discovery:discover_packages(prefix_path) discover
[0.300s] DEBUG:colcon.colcon_installed_package_information.package_discovery:Found 338 installed packages in /opt/ros/humble
[0.301s] Level 1:colcon.colcon_core.package_discovery:discover_packages(prefix_path) using defaults
[0.332s] Level 5:colcon.colcon_core.verb:set package 'kitti_publisher' build argument 'cmake_args' from command line to 'None'
[0.332s] Level 5:colcon.colcon_core.verb:set package 'kitti_publisher' build argument 'cmake_target' from command line to 'None'
[0.332s] Level 5:colcon.colcon_core.verb:set package 'kitti_publisher' build argument 'cmake_target_skip_unavailable' from command line to 'False'
[0.332s] Level 5:colcon.colcon_core.verb:set package 'kitti_publisher' build argument 'cmake_clean_cache' from command line to 'False'
[0.332s] Level 5:colcon.colcon_core.verb:set package 'kitti_publisher' build argument 'cmake_clean_first' from command line to 'False'
[0.332s] Level 5:colcon.colcon_core.verb:set package 'kitti_publisher' build argument 'cmake_force_configure' from command line to 'False'
[0.332s] Level 5:colcon.colcon_core.verb:set package 'kitti_publisher' build argument 'ament_cmake_args' from command line to 'None'
[0.332s] Level 5:colcon.colcon_core.verb:set package 'kitti_publisher' build argument 'catkin_cmake_args' from command line to 'None'
[0.332s] Level 5:colcon.colcon_core.verb:set package 'kitti_publisher' build argument 'catkin_skip_building_tests' from command line to 'False'
[0.332s] DEBUG:colcon.colcon_core.verb:Building package 'kitti_publisher' with the following arguments: {'ament_cmake_args': None, 'build_base': '/home/evan/cmpe295/build/kitti_publisher', 'catkin_cmake_args': None, 'catkin_skip_building_tests': False, 'cmake_args': None, 'cmake_clean_cache': False, 'cmake_clean_first': False, 'cmake_force_configure': False, 'cmake_target': None, 'cmake_target_skip_unavailable': False, 'install_base': '/home/evan/cmpe295/install/kitti_publisher', 'merge_install': False, 'path': '/home/evan/cmpe295/kitti_publisher', 'symlink_install': False, 'test_result_base': None}
[0.333s] INFO:colcon.colcon_core.executor:Executing jobs using 'parallel' executor
[0.335s] DEBUG:colcon.colcon_parallel_executor.executor.parallel:run_until_complete
[0.335s] INFO:colcon.colcon_ros.task.ament_cmake.build:Building ROS package in '/home/evan/cmpe295/kitti_publisher' with build type 'ament_cmake'
[0.335s] INFO:colcon.colcon_cmake.task.cmake.build:Building CMake package in '/home/evan/cmpe295/kitti_publisher'
[0.337s] INFO:colcon.colcon_core.plugin_system:Skipping extension 'colcon_core.shell.bat': Not used on non-Windows systems
[0.337s] INFO:colcon.colcon_core.shell:Skip shell extension 'powershell' for command environment: Not usable outside of PowerShell
[0.337s] DEBUG:colcon.colcon_core.shell:Skip shell extension 'dsv' for command environment
[0.342s] DEBUG:colcon.colcon_core.event_handler.log_command:Invoking command in '/home/evan/cmpe295/build/kitti_publisher': CMAKE_PREFIX_PATH=/opt/ros/humble /usr/bin/cmake --build /home/evan/cmpe295/build/kitti_publisher -- -j20 -l20
[3.526s] DEBUG:colcon.colcon_core.event_handler.log_command:Invoked command in '/home/evan/cmpe295/build/kitti_publisher' returned '2': CMAKE_PREFIX_PATH=/opt/ros/humble /usr/bin/cmake --build /home/evan/cmpe295/build/kitti_publisher -- -j20 -l20
[3.591s] Level 1:colcon.colcon_core.environment:create_environment_scripts_only(kitti_publisher)
[3.597s] Level 1:colcon.colcon_core.environment:checking '/home/evan/cmpe295/install/kitti_publisher' for CMake module files
[3.597s] Level 1:colcon.colcon_core.environment:checking '/home/evan/cmpe295/install/kitti_publisher' for CMake config files
[3.597s] Level 1:colcon.colcon_core.shell:create_environment_hook('kitti_publisher', 'cmake_prefix_path')
[3.599s] INFO:colcon.colcon_core.shell:Creating environment hook '/home/evan/cmpe295/install/kitti_publisher/share/kitti_publisher/hook/cmake_prefix_path.ps1'
[3.600s] INFO:colcon.colcon_core.shell:Creating environment descriptor '/home/evan/cmpe295/install/kitti_publisher/share/kitti_publisher/hook/cmake_prefix_path.dsv'
[3.600s] INFO:colcon.colcon_core.shell:Creating environment hook '/home/evan/cmpe295/install/kitti_publisher/share/kitti_publisher/hook/cmake_prefix_path.sh'
[3.601s] Level 1:colcon.colcon_core.environment:checking '/home/evan/cmpe295/install/kitti_publisher/lib'
[3.601s] Level 1:colcon.colcon_core.environment:checking '/home/evan/cmpe295/install/kitti_publisher/bin'
[3.601s] Level 1:colcon.colcon_core.environment:checking '/home/evan/cmpe295/install/kitti_publisher/lib/pkgconfig/kitti_publisher.pc'
[3.602s] Level 1:colcon.colcon_core.environment:checking '/home/evan/cmpe295/install/kitti_publisher/lib/python3.10/site-packages'
[3.602s] Level 1:colcon.colcon_core.shell:create_environment_hook('kitti_publisher', 'pythonpath')
[3.603s] INFO:colcon.colcon_core.shell:Creating environment hook '/home/evan/cmpe295/install/kitti_publisher/share/kitti_publisher/hook/pythonpath.ps1'
[3.603s] INFO:colcon.colcon_core.shell:Creating environment descriptor '/home/evan/cmpe295/install/kitti_publisher/share/kitti_publisher/hook/pythonpath.dsv'
[3.603s] INFO:colcon.colcon_core.shell:Creating environment hook '/home/evan/cmpe295/install/kitti_publisher/share/kitti_publisher/hook/pythonpath.sh'
[3.604s] Level 1:colcon.colcon_core.environment:checking '/home/evan/cmpe295/install/kitti_publisher/bin'
[3.604s] INFO:colcon.colcon_core.shell:Creating package script '/home/evan/cmpe295/install/kitti_publisher/share/kitti_publisher/package.ps1'
[3.605s] INFO:colcon.colcon_core.shell:Creating package descriptor '/home/evan/cmpe295/install/kitti_publisher/share/kitti_publisher/package.dsv'
[3.605s] INFO:colcon.colcon_core.shell:Creating package script '/home/evan/cmpe295/install/kitti_publisher/share/kitti_publisher/package.sh'
[3.606s] INFO:colcon.colcon_core.shell:Creating package script '/home/evan/cmpe295/install/kitti_publisher/share/kitti_publisher/package.bash'
[3.606s] INFO:colcon.colcon_core.shell:Creating package script '/home/evan/cmpe295/install/kitti_publisher/share/kitti_publisher/package.zsh'
[3.606s] Level 1:colcon.colcon_core.environment:create_file_with_runtime_dependencies(/home/evan/cmpe295/install/kitti_publisher/share/colcon-core/packages/kitti_publisher)
[3.617s] DEBUG:colcon.colcon_parallel_executor.executor.parallel:closing loop
[3.617s] DEBUG:colcon.colcon_parallel_executor.executor.parallel:loop closed
[3.617s] DEBUG:colcon.colcon_parallel_executor.executor.parallel:run_until_complete finished with '2'
[3.617s] DEBUG:colcon.colcon_core.event_reactor:joining thread
[3.627s] INFO:colcon.colcon_core.plugin_system:Skipping extension 'colcon_notification.desktop_notification.terminal_notifier': Not used on non-Darwin systems
[3.627s] INFO:colcon.colcon_core.plugin_system:Skipping extension 'colcon_notification.desktop_notification.win32': Not used on non-Windows systems
[3.627s] INFO:colcon.colcon_notification.desktop_notification:Sending desktop notification using 'notify2'
[3.649s] DEBUG:colcon.colcon_core.event_reactor:joined thread
[3.649s] INFO:colcon.colcon_core.shell:Creating prefix script '/home/evan/cmpe295/install/local_setup.ps1'
[3.650s] INFO:colcon.colcon_core.shell:Creating prefix util module '/home/evan/cmpe295/install/_local_setup_util_ps1.py'
[3.651s] INFO:colcon.colcon_core.shell:Creating prefix chain script '/home/evan/cmpe295/install/setup.ps1'
[3.651s] INFO:colcon.colcon_core.shell:Creating prefix script '/home/evan/cmpe295/install/local_setup.sh'
[3.652s] INFO:colcon.colcon_core.shell:Creating prefix util module '/home/evan/cmpe295/install/_local_setup_util_sh.py'
[3.652s] INFO:colcon.colcon_core.shell:Creating prefix chain script '/home/evan/cmpe295/install/setup.sh'
[3.652s] INFO:colcon.colcon_core.shell:Creating prefix script '/home/evan/cmpe295/install/local_setup.bash'
[3.653s] INFO:colcon.colcon_core.shell:Creating prefix chain script '/home/evan/cmpe295/install/setup.bash'
[3.653s] INFO:colcon.colcon_core.shell:Creating prefix script '/home/evan/cmpe295/install/local_setup.zsh'
[3.653s] INFO:colcon.colcon_core.shell:Creating prefix chain script '/home/evan/cmpe295/install/setup.zsh'
