[0.007s] Invoking command in '/home/evan/cmpe295/build/ros2_kitti_publishers': CMAKE_PREFIX_PATH=/opt/ros/humble /usr/bin/cmake /home/evan/cmpe295/src/ros2KittiPub -DCMAKE_INSTALL_PREFIX=/home/evan/cmpe295/install/ros2_kitti_publishers
[0.040s] -- The C compiler identification is GNU 11.4.0
[0.077s] -- The CXX compiler identification is GNU 11.4.0
[0.087s] -- Detecting C compiler ABI info
[0.137s] -- Detecting C compiler ABI info - done
[0.146s] -- Check for working C compiler: /usr/bin/cc - skipped
[0.146s] -- Detecting C compile features
[0.147s] -- Detecting C compile features - done
[0.149s] -- Detecting CXX compiler ABI info
[0.219s] -- Detecting CXX compiler ABI info - done
[0.224s] -- Check for working CXX compiler: /usr/bin/c++ - skipped
[0.224s] -- Detecting CXX compile features
[0.224s] -- Detecting CXX compile features - done
[0.225s] -- Looking for pthread.h
[0.288s] -- Looking for pthread.h - found
[0.288s] -- Performing Test CMAKE_HAVE_LIBC_PTHREAD
[0.334s] -- Performing Test CMAKE_HAVE_LIBC_PTHREAD - Success
[0.334s] -- Found Threads: TRUE  
[0.335s] -- Found ament_cmake: 1.3.5 (/opt/ros/humble/share/ament_cmake/cmake)
[0.463s] -- Found Python3: /usr/bin/python3.10 (found version "3.10.12") found components: Interpreter 
[0.514s] -- Found rclcpp: 16.0.5 (/opt/ros/humble/share/rclcpp/cmake)
[0.536s] -- Found rosidl_generator_c: 3.1.5 (/opt/ros/humble/share/rosidl_generator_c/cmake)
[0.538s] -- Found rosidl_adapter: 3.1.5 (/opt/ros/humble/share/rosidl_adapter/cmake)
[0.543s] -- Found rosidl_generator_cpp: 3.1.5 (/opt/ros/humble/share/rosidl_generator_cpp/cmake)
[0.550s] -- Using all available rosidl_typesupport_c: rosidl_typesupport_fastrtps_c;rosidl_typesupport_introspection_c
[0.559s] -- Using all available rosidl_typesupport_cpp: rosidl_typesupport_fastrtps_cpp;rosidl_typesupport_introspection_cpp
[0.594s] -- Found rmw_implementation_cmake: 6.1.1 (/opt/ros/humble/share/rmw_implementation_cmake/cmake)
[0.595s] -- Found rmw_fastrtps_cpp: 6.2.3 (/opt/ros/humble/share/rmw_fastrtps_cpp/cmake)
[0.643s] -- Found OpenSSL: /usr/lib/x86_64-linux-gnu/libcrypto.so (found version "3.0.2")  
[0.659s] -- Found FastRTPS: /opt/ros/humble/include  
[0.683s] -- Using RMW implementation 'rmw_fastrtps_cpp' as default
[0.769s] -- Found rclcpp_action: 16.0.5 (/opt/ros/humble/share/rclcpp_action/cmake)
[0.817s] -- Found rclcpp_lifecycle: 16.0.5 (/opt/ros/humble/share/rclcpp_lifecycle/cmake)
[0.839s] -- Found pluginlib: 5.1.0 (/opt/ros/humble/share/pluginlib/cmake)
[0.851s] -- Found geometry_msgs: 4.2.3 (/opt/ros/humble/share/geometry_msgs/cmake)
[0.874s] -- Found sensor_msgs: 4.2.3 (/opt/ros/humble/share/sensor_msgs/cmake)
[0.918s] -- Found shape_msgs: 4.2.3 (/opt/ros/humble/share/shape_msgs/cmake)
[0.946s] -- Found tf2: 0.25.3 (/opt/ros/humble/share/tf2/cmake)
[0.950s] -- Found tf2_geometry_msgs: 0.25.3 (/opt/ros/humble/share/tf2_geometry_msgs/cmake)
[0.957s] -- Found eigen3_cmake_module: 0.1.1 (/opt/ros/humble/share/eigen3_cmake_module/cmake)
[0.958s] -- Found Eigen3: TRUE (found version "3.4.0") 
[0.958s] -- Ensuring Eigen3 include directory is part of orocos-kdl CMake target
[1.089s] -- Found visualization_msgs: 4.2.3 (/opt/ros/humble/share/visualization_msgs/cmake)
[1.153s] -- Found pcl_conversions: 2.4.0 (/opt/ros/humble/share/pcl_conversions/cmake)
[1.222s] -- Found OpenCV: /usr (found version "4.5.4") 
[1.227s] -- Found Boost: /usr/lib/x86_64-linux-gnu/cmake/Boost-1.74.0/BoostConfig.cmake (found version "1.74.0") found components: system 
[1.234s] -- Checking for module 'eigen3'
[1.240s] --   Found eigen3, version 3.4.0
[1.255s] -- Found Eigen: /usr/include/eigen3 (Required is at least version "3.1") 
[1.255s] -- Eigen found (include: /usr/include/eigen3, version: 3.4.0)
[1.262s] -- Found Boost: /usr/lib/x86_64-linux-gnu/cmake/Boost-1.74.0/BoostConfig.cmake (found suitable version "1.74.0", minimum required is "1.65.0") found components: system filesystem date_time iostreams serialization 
[1.262s] -- looking for PCL_COMMON
[1.263s] -- Found PCL_COMMON: /usr/lib/x86_64-linux-gnu/libpcl_common.so  
[1.263s] -- Found PCL: pcl_common;Boost::system;Boost::filesystem;Boost::date_time;Boost::iostreams;Boost::serialization  
[1.366s] -- Configuring done
[1.385s] -- Generating done
[1.386s] -- Build files have been written to: /home/evan/cmpe295/build/ros2_kitti_publishers
[1.394s] Invoked command in '/home/evan/cmpe295/build/ros2_kitti_publishers' returned '0': CMAKE_PREFIX_PATH=/opt/ros/humble /usr/bin/cmake /home/evan/cmpe295/src/ros2KittiPub -DCMAKE_INSTALL_PREFIX=/home/evan/cmpe295/install/ros2_kitti_publishers
[1.394s] Invoking command in '/home/evan/cmpe295/build/ros2_kitti_publishers': CMAKE_PREFIX_PATH=/opt/ros/humble /usr/bin/cmake --build /home/evan/cmpe295/build/ros2_kitti_publishers -- -j20 -l20
[1.419s] [35m[1mConsolidate compiler generated dependencies of target ros2_kitti_publishers[0m
[1.440s] [ 50%] Built target ros2_kitti_publishers
[1.452s] [35m[1mConsolidate compiler generated dependencies of target kitti_publishers[0m
[1.471s] [100%] Built target kitti_publishers
[1.479s] Invoked command in '/home/evan/cmpe295/build/ros2_kitti_publishers' returned '0': CMAKE_PREFIX_PATH=/opt/ros/humble /usr/bin/cmake --build /home/evan/cmpe295/build/ros2_kitti_publishers -- -j20 -l20
[1.531s] Invoking command in '/home/evan/cmpe295/build/ros2_kitti_publishers': CMAKE_PREFIX_PATH=/opt/ros/humble /usr/bin/cmake --install /home/evan/cmpe295/build/ros2_kitti_publishers
[1.535s] -- Install configuration: ""
[1.535s] -- Up-to-date: /home/evan/cmpe295/install/ros2_kitti_publishers/include/
[1.535s] -- Up-to-date: /home/evan/cmpe295/install/ros2_kitti_publishers/include//ros2_kitti_publishers
[1.535s] -- Up-to-date: /home/evan/cmpe295/install/ros2_kitti_publishers/include//ros2_kitti_publishers/WGS84toCartesian.hpp
[1.535s] -- Up-to-date: /home/evan/cmpe295/install/ros2_kitti_publishers/include//ros2_kitti_publishers/kitti_publishers_node.hpp
[1.535s] -- Up-to-date: /home/evan/cmpe295/install/ros2_kitti_publishers/include//ros2_kitti_publishers/visibility.h
[1.535s] -- Up-to-date: /home/evan/cmpe295/install/ros2_kitti_publishers/share/ros2_kitti_publishers/launch
[1.535s] -- Up-to-date: /home/evan/cmpe295/install/ros2_kitti_publishers/share/ros2_kitti_publishers/launch/README.md
[1.535s] -- Up-to-date: /home/evan/cmpe295/install/ros2_kitti_publishers/lib/libros2_kitti_publishers.so
[1.535s] -- Up-to-date: /home/evan/cmpe295/install/ros2_kitti_publishers/lib/ros2_kitti_publishers/kitti_publishers
[1.535s] -- Up-to-date: /home/evan/cmpe295/install/ros2_kitti_publishers/share/ament_index/resource_index/package_run_dependencies/ros2_kitti_publishers
[1.535s] -- Up-to-date: /home/evan/cmpe295/install/ros2_kitti_publishers/share/ament_index/resource_index/parent_prefix_path/ros2_kitti_publishers
[1.535s] -- Up-to-date: /home/evan/cmpe295/install/ros2_kitti_publishers/share/ros2_kitti_publishers/environment/ament_prefix_path.sh
[1.536s] -- Installing: /home/evan/cmpe295/install/ros2_kitti_publishers/share/ros2_kitti_publishers/environment/ament_prefix_path.dsv
[1.536s] -- Up-to-date: /home/evan/cmpe295/install/ros2_kitti_publishers/share/ros2_kitti_publishers/environment/path.sh
[1.536s] -- Installing: /home/evan/cmpe295/install/ros2_kitti_publishers/share/ros2_kitti_publishers/environment/path.dsv
[1.536s] -- Up-to-date: /home/evan/cmpe295/install/ros2_kitti_publishers/share/ros2_kitti_publishers/local_setup.bash
[1.536s] -- Up-to-date: /home/evan/cmpe295/install/ros2_kitti_publishers/share/ros2_kitti_publishers/local_setup.sh
[1.536s] -- Up-to-date: /home/evan/cmpe295/install/ros2_kitti_publishers/share/ros2_kitti_publishers/local_setup.zsh
[1.536s] -- Installing: /home/evan/cmpe295/install/ros2_kitti_publishers/share/ros2_kitti_publishers/local_setup.dsv
[1.536s] -- Installing: /home/evan/cmpe295/install/ros2_kitti_publishers/share/ros2_kitti_publishers/package.dsv
[1.536s] -- Up-to-date: /home/evan/cmpe295/install/ros2_kitti_publishers/share/ament_index/resource_index/packages/ros2_kitti_publishers
[1.536s] -- Up-to-date: /home/evan/cmpe295/install/ros2_kitti_publishers/share/ros2_kitti_publishers/cmake/ros2_kitti_publishersConfig.cmake
[1.536s] -- Up-to-date: /home/evan/cmpe295/install/ros2_kitti_publishers/share/ros2_kitti_publishers/cmake/ros2_kitti_publishersConfig-version.cmake
[1.536s] -- Up-to-date: /home/evan/cmpe295/install/ros2_kitti_publishers/share/ros2_kitti_publishers/package.xml
[1.537s] Invoked command in '/home/evan/cmpe295/build/ros2_kitti_publishers' returned '0': CMAKE_PREFIX_PATH=/opt/ros/humble /usr/bin/cmake --install /home/evan/cmpe295/build/ros2_kitti_publishers
